000 (326981.000.000) 2025-02-09 10:23:08 Job submitted from host: <192.168.0.102:9618?addrs=192.168.0.102-9618&alias=submitter&noUDP&sock=schedd_4045053_7bc0>
...
009 (326981.000.000) 2025-02-09 10:23:35 Job was aborted.
	via condor_rm (by user stingaci_2047145)
...
000 (327003.000.000) 2025-02-09 10:25:29 Job submitted from host: <192.168.0.102:9618?addrs=192.168.0.102-9618&alias=submitter&noUDP&sock=schedd_4045053_7bc0>
...
001 (327003.000.000) 2025-02-09 12:50:40 Job executing on host: <192.168.0.110:9618?addrs=192.168.0.110-9618&alias=node110.di.rm1&noUDP&sock=startd_2154_0b16>
...
006 (327003.000.000) 2025-02-09 12:50:49 Image size of job updated: 40424
	20  -  MemoryUsage of job (MB)
	20096  -  ResidentSetSize of job (KB)
...
005 (327003.000.000) 2025-02-09 12:50:51 Job terminated.
	(1) Normal termination (return value 0)
		Usr 0 00:00:10, Sys 0 00:00:00  -  Run Remote Usage
		Usr 0 00:00:00, Sys 0 00:00:00  -  Run Local Usage
		Usr 0 00:00:10, Sys 0 00:00:00  -  Total Remote Usage
		Usr 0 00:00:00, Sys 0 00:00:00  -  Total Local Usage
	0  -  Run Bytes Sent By Job
	0  -  Run Bytes Received By Job
	0  -  Total Bytes Sent By Job
	0  -  Total Bytes Received By Job
	Partitionable Resources :    Usage  Request Allocated Assigned
	   Cpus                 :                64        64 
	   Disk (KB)            :      750      750    468076 
	   Gpus (Average)       :                 1         1 "GPU-3ad8f19c"
	   Memory (MB)          :       20        1       128 

	Job terminated of its own accord at 2025-02-09T12:50:50Z with exit-code 0.
...
