
	Data file: test_files/input4D.inp 
	Points: 50000
	Dimensions: 4
	Number of clusters: 128
	Maximum number of iterations: 1000
	Minimum number of changes: 500 [1% of 50000 points]
	Maximum centroid precision: 1.000000

Memory allocation: 0.026232 seconds

[1] Cluster changes: 50000	Max. centroid distance: 34.300339
[2] Cluster changes: 9490	Max. centroid distance: 14.600826
[3] Cluster changes: 4876	Max. centroid distance: 8.415428
[4] Cluster changes: 3249	Max. centroid distance: 7.973762
[5] Cluster changes: 2559	Max. centroid distance: 7.574206
[6] Cluster changes: 2009	Max. centroid distance: 5.877069
[7] Cluster changes: 1657	Max. centroid distance: 5.060454
[8] Cluster changes: 1506	Max. centroid distance: 4.157356
[9] Cluster changes: 1326	Max. centroid distance: 3.957620
[10] Cluster changes: 1166	Max. centroid distance: 3.680246
[11] Cluster changes: 1039	Max. centroid distance: 3.580554
[12] Cluster changes: 986	Max. centroid distance: 3.118331
[13] Cluster changes: 947	Max. centroid distance: 4.182730
[14] Cluster changes: 838	Max. centroid distance: 4.250713
[15] Cluster changes: 736	Max. centroid distance: 3.609353
[16] Cluster changes: 674	Max. centroid distance: 2.625580
[17] Cluster changes: 604	Max. centroid distance: 2.687960
[18] Cluster changes: 552	Max. centroid distance: 2.979863
[19] Cluster changes: 533	Max. centroid distance: 2.700759
[20] Cluster changes: 456	Max. centroid distance: 1.982138
Computation: 0.010949 seconds

Termination condition:
Minimum number of changes reached: 456 [500]

Memory deallocation: 0.016235 seconds
