000 (319569.067.000) 2025-02-07 00:53:53 Job submitted from host: <192.168.0.102:9618?addrs=192.168.0.102-9618&alias=submitter&noUDP&sock=schedd_4045053_7bc0>
...
001 (319569.067.000) 2025-02-07 02:40:22 Job executing on host: <192.168.0.138:9618?addrs=192.168.0.138-9618&alias=node138.di.rm1&noUDP&sock=startd_2998744_89a3>
...
006 (319569.067.000) 2025-02-07 02:40:27 Image size of job updated: 18856
	2  -  MemoryUsage of job (MB)
	1880  -  ResidentSetSize of job (KB)
...
005 (319569.067.000) 2025-02-07 02:40:27 Job terminated.
	(1) Normal termination (return value 0)
		Usr 0 00:02:30, Sys 0 00:00:00  -  Run Remote Usage
		Usr 0 00:00:00, Sys 0 00:00:00  -  Run Local Usage
		Usr 0 00:02:30, Sys 0 00:00:00  -  Total Remote Usage
		Usr 0 00:00:00, Sys 0 00:00:00  -  Total Local Usage
	0  -  Run Bytes Sent By Job
	0  -  Run Bytes Received By Job
	0  -  Total Bytes Sent By Job
	0  -  Total Bytes Received By Job
	Partitionable Resources :    Usage  Request Allocated 
	   Cpus                 :                64        64 
	   Disk (KB)            :       25       25    474244 
	   Memory (MB)          :        2        1       128 

	Job terminated of its own accord at 2025-02-07T02:40:27Z with exit-code 0.
...
