000 (320658.075.000) 2025-02-07 14:17:39 Job submitted from host: <192.168.0.102:9618?addrs=192.168.0.102-9618&alias=submitter&noUDP&sock=schedd_4045053_7bc0>
...
001 (320658.075.000) 2025-02-07 14:33:21 Job executing on host: <192.168.0.143:9618?addrs=192.168.0.143-9618&alias=node143.di.rm1&noUDP&sock=startd_2061_40c7>
...
006 (320658.075.000) 2025-02-07 14:33:22 Image size of job updated: 3760
	1  -  MemoryUsage of job (MB)
	988  -  ResidentSetSize of job (KB)
...
005 (320658.075.000) 2025-02-07 14:33:22 Job terminated.
	(1) Normal termination (return value 0)
		Usr 0 00:00:16, Sys 0 00:00:00  -  Run Remote Usage
		Usr 0 00:00:00, Sys 0 00:00:00  -  Run Local Usage
		Usr 0 00:00:16, Sys 0 00:00:00  -  Total Remote Usage
		Usr 0 00:00:00, Sys 0 00:00:00  -  Total Local Usage
	0  -  Run Bytes Sent By Job
	0  -  Run Bytes Received By Job
	0  -  Total Bytes Sent By Job
	0  -  Total Bytes Received By Job
	Partitionable Resources :    Usage  Request Allocated 
	   Cpus                 :                64        64 
	   Disk (KB)            :       27       27    459633 
	   Memory (MB)          :        1        1       128 

	Job terminated of its own accord at 2025-02-07T14:33:22Z with exit-code 0.
...
