
	Data file: test_files/input16D.inp 
	Points: 50000
	Dimensions: 16
	Number of clusters: 128
	Maximum number of iterations: 1000
	Minimum number of changes: 500 [1% of 50000 points]
	Maximum centroid precision: 1.000000

Memory allocation: 0.096730 seconds

[1] Cluster changes: 50000	Max. centroid distance: 16250.785156
[2] Cluster changes: 15143	Max. centroid distance: 1948.983521
[3] Cluster changes: 6630	Max. centroid distance: 405.197021
[4] Cluster changes: 4770	Max. centroid distance: 241.638550
[5] Cluster changes: 3844	Max. centroid distance: 167.280014
[6] Cluster changes: 3151	Max. centroid distance: 131.574600
[7] Cluster changes: 2622	Max. centroid distance: 93.495796
[8] Cluster changes: 2391	Max. centroid distance: 73.739273
[9] Cluster changes: 2095	Max. centroid distance: 70.720840
[10] Cluster changes: 1881	Max. centroid distance: 79.728035
[11] Cluster changes: 1777	Max. centroid distance: 60.969986
[12] Cluster changes: 1616	Max. centroid distance: 43.617477
[13] Cluster changes: 1431	Max. centroid distance: 64.300369
[14] Cluster changes: 1230	Max. centroid distance: 39.360741
[15] Cluster changes: 1089	Max. centroid distance: 33.693935
[16] Cluster changes: 1035	Max. centroid distance: 44.651833
[17] Cluster changes: 970	Max. centroid distance: 49.777905
[18] Cluster changes: 1012	Max. centroid distance: 51.052364
[19] Cluster changes: 934	Max. centroid distance: 39.331448
[20] Cluster changes: 916	Max. centroid distance: 32.490669
[21] Cluster changes: 826	Max. centroid distance: 20.188002
[22] Cluster changes: 736	Max. centroid distance: 27.641962
[23] Cluster changes: 656	Max. centroid distance: 21.308847
[24] Cluster changes: 616	Max. centroid distance: 24.076380
[25] Cluster changes: 619	Max. centroid distance: 21.845333
[26] Cluster changes: 563	Max. centroid distance: 14.666361
[27] Cluster changes: 521	Max. centroid distance: 9.929647
[28] Cluster changes: 511	Max. centroid distance: 11.883817
[29] Cluster changes: 489	Max. centroid distance: 21.748524
Computation: 0.938012 seconds

Termination condition:
Minimum number of changes reached: 489 [500]

Memory deallocation: 1.079688 seconds
