000 (297015.013.000) 2025-02-01 17:26:28 Job submitted from host: <192.168.0.102:9618?addrs=192.168.0.102-9618&alias=submitter&noUDP&sock=schedd_4045053_7bc0>
...
001 (297015.013.000) 2025-02-01 17:26:55 Job executing on host: <192.168.0.116:9618?addrs=192.168.0.116-9618&alias=node116.di.rm1&noUDP&sock=startd_1847_7783>
...
006 (297015.013.000) 2025-02-01 17:27:01 Image size of job updated: 39468
	3  -  MemoryUsage of job (MB)
	2464  -  ResidentSetSize of job (KB)
...
005 (297015.013.000) 2025-02-01 17:27:01 Job terminated.
	(1) Normal termination (return value 0)
		Usr 0 00:01:28, Sys 0 00:00:00  -  Run Remote Usage
		Usr 0 00:00:00, Sys 0 00:00:00  -  Run Local Usage
		Usr 0 00:01:28, Sys 0 00:00:00  -  Total Remote Usage
		Usr 0 00:00:00, Sys 0 00:00:00  -  Total Local Usage
	0  -  Run Bytes Sent By Job
	0  -  Run Bytes Received By Job
	0  -  Total Bytes Sent By Job
	0  -  Total Bytes Received By Job
	Partitionable Resources :    Usage  Request Allocated 
	   Cpus                 :                64        64 
	   Disk (KB)            :       25       25    474557 
	   Memory (MB)          :        3        1       128 

	Job terminated of its own accord at 2025-02-01T17:27:01Z with exit-code 0.
...
