
	Data file: test_files/input64D.inp 
	Points: 50000
	Dimensions: 64
	Number of clusters: 128
	Maximum number of iterations: 1000
	Minimum number of changes: 500 [1% of 50000 points]
	Maximum centroid precision: 1.000000

Memory allocation: 0.371692 seconds

[1] Cluster changes: 50000	Max. centroid distance: 335.193939
[2] Cluster changes: 17064	Max. centroid distance: 66.866035
[3] Cluster changes: 7381	Max. centroid distance: 31.139465
[4] Cluster changes: 5042	Max. centroid distance: 20.993259
[5] Cluster changes: 3903	Max. centroid distance: 16.084330
[6] Cluster changes: 3237	Max. centroid distance: 15.636909
[7] Cluster changes: 2668	Max. centroid distance: 12.998546
[8] Cluster changes: 2316	Max. centroid distance: 12.262642
[9] Cluster changes: 2045	Max. centroid distance: 11.459139
[10] Cluster changes: 1765	Max. centroid distance: 10.812904
[11] Cluster changes: 1525	Max. centroid distance: 10.680045
[12] Cluster changes: 1393	Max. centroid distance: 9.253688
[13] Cluster changes: 1222	Max. centroid distance: 10.457691
[14] Cluster changes: 1063	Max. centroid distance: 8.876536
[15] Cluster changes: 947	Max. centroid distance: 7.069628
[16] Cluster changes: 857	Max. centroid distance: 7.575007
[17] Cluster changes: 831	Max. centroid distance: 7.759518
[18] Cluster changes: 741	Max. centroid distance: 7.288225
[19] Cluster changes: 670	Max. centroid distance: 7.412563
[20] Cluster changes: 633	Max. centroid distance: 6.041655
[21] Cluster changes: 589	Max. centroid distance: 6.953514
[22] Cluster changes: 586	Max. centroid distance: 6.694768
[23] Cluster changes: 595	Max. centroid distance: 6.636634
[24] Cluster changes: 557	Max. centroid distance: 6.433071
[25] Cluster changes: 535	Max. centroid distance: 8.446918
[26] Cluster changes: 521	Max. centroid distance: 6.185317
[27] Cluster changes: 486	Max. centroid distance: 5.945874
Computation: 0.378235 seconds

Termination condition:
Minimum number of changes reached: 486 [500]

Memory deallocation: 0.384335 seconds
