000 (322703.012.000) 2025-02-07 22:33:51 Job submitted from host: <192.168.0.102:9618?addrs=192.168.0.102-9618&alias=submitter&noUDP&sock=schedd_4045053_7bc0>
...
001 (322703.012.000) 2025-02-07 22:36:53 Job executing on host: <192.168.0.105:9618?addrs=192.168.0.105-9618&alias=node105.di.rm1&noUDP&sock=startd_1951_cd5c>
...
006 (322703.012.000) 2025-02-07 22:37:02 Image size of job updated: 15128
	12  -  MemoryUsage of job (MB)
	11432  -  ResidentSetSize of job (KB)
...
005 (322703.012.000) 2025-02-07 22:37:04 Job terminated.
	(1) Normal termination (return value 0)
		Usr 0 00:00:09, Sys 0 00:00:00  -  Run Remote Usage
		Usr 0 00:00:00, Sys 0 00:00:00  -  Run Local Usage
		Usr 0 00:00:09, Sys 0 00:00:00  -  Total Remote Usage
		Usr 0 00:00:00, Sys 0 00:00:00  -  Total Local Usage
	0  -  Run Bytes Sent By Job
	0  -  Run Bytes Received By Job
	0  -  Total Bytes Sent By Job
	0  -  Total Bytes Received By Job
	Partitionable Resources :    Usage  Request Allocated 
	   Cpus                 :                64        64 
	   Disk (KB)            :       22       22    472026 
	   Memory (MB)          :       12        1       128 

	Job terminated of its own accord at 2025-02-07T22:37:02Z with exit-code 0.
...
