Esecuzione numero 38 con parametri: test_files/input8D.inp 50 100 0.01 0.001 output/seq2D3.txt 2

	Data file: test_files/input8D.inp 
	Points: 50000
	Dimensions: 8
	Number of clusters: 50
	Maximum number of iterations: 100
	Minimum number of changes: 5 [0.01% of 50000 points]
	Maximum centroid precision: 0.001000

Memory allocation: 0.027248 seconds

[1] Cluster changes: 50000	Max. centroid distance: 62.766224
[2] Cluster changes: 11440	Max. centroid distance: 30.689596
[3] Cluster changes: 6364	Max. centroid distance: 16.293549
[4] Cluster changes: 4377	Max. centroid distance: 13.250072
[5] Cluster changes: 3405	Max. centroid distance: 11.346622
[6] Cluster changes: 2856	Max. centroid distance: 10.250168
[7] Cluster changes: 2403	Max. centroid distance: 8.515987
[8] Cluster changes: 2198	Max. centroid distance: 7.475708
[9] Cluster changes: 1952	Max. centroid distance: 7.414645
[10] Cluster changes: 1786	Max. centroid distance: 7.159923
[11] Cluster changes: 1705	Max. centroid distance: 6.479233
[12] Cluster changes: 1543	Max. centroid distance: 6.769787
[13] Cluster changes: 1423	Max. centroid distance: 5.591382
[14] Cluster changes: 1243	Max. centroid distance: 5.556032
[15] Cluster changes: 1141	Max. centroid distance: 4.994562
[16] Cluster changes: 1013	Max. centroid distance: 5.432971
[17] Cluster changes: 962	Max. centroid distance: 4.863749
[18] Cluster changes: 898	Max. centroid distance: 4.501722
[19] Cluster changes: 906	Max. centroid distance: 3.952243
[20] Cluster changes: 864	Max. centroid distance: 3.646286
[21] Cluster changes: 799	Max. centroid distance: 3.631630
[22] Cluster changes: 738	Max. centroid distance: 3.605642
[23] Cluster changes: 737	Max. centroid distance: 4.149005
[24] Cluster changes: 704	Max. centroid distance: 3.768684
[25] Cluster changes: 682	Max. centroid distance: 3.066614
[26] Cluster changes: 629	Max. centroid distance: 2.777148
[27] Cluster changes: 556	Max. centroid distance: 2.978117
[28] Cluster changes: 514	Max. centroid distance: 2.780151
[29] Cluster changes: 514	Max. centroid distance: 4.528067
[30] Cluster changes: 495	Max. centroid distance: 3.130814
[31] Cluster changes: 486	Max. centroid distance: 2.694756
[32] Cluster changes: 465	Max. centroid distance: 2.372976
[33] Cluster changes: 429	Max. centroid distance: 2.740210
[34] Cluster changes: 422	Max. centroid distance: 2.470047
[35] Cluster changes: 443	Max. centroid distance: 2.867279
[36] Cluster changes: 445	Max. centroid distance: 3.222884
[37] Cluster changes: 435	Max. centroid distance: 3.224215
[38] Cluster changes: 410	Max. centroid distance: 2.923129
[39] Cluster changes: 403	Max. centroid distance: 2.230786
[40] Cluster changes: 378	Max. centroid distance: 2.234822
[41] Cluster changes: 355	Max. centroid distance: 2.240115
[42] Cluster changes: 305	Max. centroid distance: 2.679087
[43] Cluster changes: 293	Max. centroid distance: 2.846445
[44] Cluster changes: 260	Max. centroid distance: 2.140393
[45] Cluster changes: 241	Max. centroid distance: 1.517903
[46] Cluster changes: 200	Max. centroid distance: 1.562164
[47] Cluster changes: 196	Max. centroid distance: 1.332824
[48] Cluster changes: 185	Max. centroid distance: 1.399762
[49] Cluster changes: 185	Max. centroid distance: 1.753133
[50] Cluster changes: 202	Max. centroid distance: 1.711654
[51] Cluster changes: 220	Max. centroid distance: 2.257173
[52] Cluster changes: 234	Max. centroid distance: 2.237353
[53] Cluster changes: 236	Max. centroid distance: 1.924201
[54] Cluster changes: 205	Max. centroid distance: 1.703810
[55] Cluster changes: 191	Max. centroid distance: 1.584216
[56] Cluster changes: 179	Max. centroid distance: 2.338490
[57] Cluster changes: 199	Max. centroid distance: 2.389879
[58] Cluster changes: 179	Max. centroid distance: 2.678560
[59] Cluster changes: 186	Max. centroid distance: 3.179680
[60] Cluster changes: 176	Max. centroid distance: 2.591137
[61] Cluster changes: 181	Max. centroid distance: 2.786381
[62] Cluster changes: 172	Max. centroid distance: 3.027357
[63] Cluster changes: 198	Max. centroid distance: 3.294154
[64] Cluster changes: 203	Max. centroid distance: 3.333303
[65] Cluster changes: 240	Max. centroid distance: 3.324217
[66] Cluster changes: 243	Max. centroid distance: 4.207559
[67] Cluster changes: 270	Max. centroid distance: 3.882910
[68] Cluster changes: 242	Max. centroid distance: 3.431099
[69] Cluster changes: 243	Max. centroid distance: 2.833334
[70] Cluster changes: 227	Max. centroid distance: 1.770950
[71] Cluster changes: 209	Max. centroid distance: 1.846850
[72] Cluster changes: 193	Max. centroid distance: 1.570873
[73] Cluster changes: 207	Max. centroid distance: 2.097870
[74] Cluster changes: 184	Max. centroid distance: 1.951122
[75] Cluster changes: 184	Max. centroid distance: 2.270103
[76] Cluster changes: 162	Max. centroid distance: 2.011823
[77] Cluster changes: 155	Max. centroid distance: 2.441929
[78] Cluster changes: 151	Max. centroid distance: 1.167029
[79] Cluster changes: 142	Max. centroid distance: 0.970570
[80] Cluster changes: 162	Max. centroid distance: 1.243945
[81] Cluster changes: 146	Max. centroid distance: 1.204894
[82] Cluster changes: 133	Max. centroid distance: 1.022782
[83] Cluster changes: 127	Max. centroid distance: 1.173897
[84] Cluster changes: 126	Max. centroid distance: 1.294761
[85] Cluster changes: 118	Max. centroid distance: 0.902141
[86] Cluster changes: 120	Max. centroid distance: 1.092762
[87] Cluster changes: 129	Max. centroid distance: 1.366687
[88] Cluster changes: 99	Max. centroid distance: 1.134242
[89] Cluster changes: 102	Max. centroid distance: 1.111420
[90] Cluster changes: 88	Max. centroid distance: 1.110481
[91] Cluster changes: 93	Max. centroid distance: 1.234965
[92] Cluster changes: 89	Max. centroid distance: 1.167593
[93] Cluster changes: 82	Max. centroid distance: 0.949997
[94] Cluster changes: 83	Max. centroid distance: 1.259566
[95] Cluster changes: 75	Max. centroid distance: 1.352985
[96] Cluster changes: 79	Max. centroid distance: 1.425491
[97] Cluster changes: 89	Max. centroid distance: 1.683324
[98] Cluster changes: 96	Max. centroid distance: 1.435536
[99] Cluster changes: 80	Max. centroid distance: 0.933089
[100] Cluster changes: 80	Max. centroid distance: 0.816401
Computation: 1.033625 seconds

Termination condition:
Maximum number of iterations reached: 100 [100]

Memory deallocation: 1.037627 seconds
------------------------
