000 (296610.016.000) 2025-01-31 21:36:09 Job submitted from host: <192.168.0.102:9618?addrs=192.168.0.102-9618&alias=submitter&noUDP&sock=schedd_4045053_7bc0>
...
001 (296610.016.000) 2025-01-31 21:36:28 Job executing on host: <192.168.0.116:9618?addrs=192.168.0.116-9618&alias=node116.di.rm1&noUDP&sock=startd_1847_7783>
...
006 (296610.016.000) 2025-01-31 21:36:34 Image size of job updated: 8728
	1  -  MemoryUsage of job (MB)
	384  -  ResidentSetSize of job (KB)
...
005 (296610.016.000) 2025-01-31 21:36:34 Job terminated.
	(1) Normal termination (return value 0)
		Usr 0 00:00:06, Sys 0 00:00:00  -  Run Remote Usage
		Usr 0 00:00:00, Sys 0 00:00:00  -  Run Local Usage
		Usr 0 00:00:06, Sys 0 00:00:00  -  Total Remote Usage
		Usr 0 00:00:00, Sys 0 00:00:00  -  Total Local Usage
	0  -  Run Bytes Sent By Job
	0  -  Run Bytes Received By Job
	0  -  Total Bytes Sent By Job
	0  -  Total Bytes Received By Job
	Partitionable Resources :    Usage  Request Allocated 
	   Cpus                 :                64        64 
	   Disk (KB)            :       22       22    474557 
	   Memory (MB)          :        1        1       128 

	Job terminated of its own accord at 2025-01-31T21:36:34Z with exit-code 0.
...
