000 (296702.058.000) 2025-01-31 22:03:54 Job submitted from host: <192.168.0.102:9618?addrs=192.168.0.102-9618&alias=submitter&noUDP&sock=schedd_4045053_7bc0>
...
001 (296702.058.000) 2025-01-31 22:04:19 Job executing on host: <192.168.0.116:9618?addrs=192.168.0.116-9618&alias=node116.di.rm1&noUDP&sock=startd_1847_7783>
...
006 (296702.058.000) 2025-01-31 22:04:20 Image size of job updated: 5192
	2  -  MemoryUsage of job (MB)
	1364  -  ResidentSetSize of job (KB)
...
005 (296702.058.000) 2025-01-31 22:04:20 Job terminated.
	(1) Normal termination (return value 0)
		Usr 0 00:00:05, Sys 0 00:00:00  -  Run Remote Usage
		Usr 0 00:00:00, Sys 0 00:00:00  -  Run Local Usage
		Usr 0 00:00:05, Sys 0 00:00:00  -  Total Remote Usage
		Usr 0 00:00:00, Sys 0 00:00:00  -  Total Local Usage
	0  -  Run Bytes Sent By Job
	0  -  Run Bytes Received By Job
	0  -  Total Bytes Sent By Job
	0  -  Total Bytes Received By Job
	Partitionable Resources :    Usage  Request Allocated 
	   Cpus                 :        0       64        64 
	   Disk (KB)            :       25       25    474557 
	   Memory (MB)          :        2        1       128 

	Job terminated of its own accord at 2025-01-31T22:04:20Z with exit-code 0.
...
