000 (320653.025.000) 2025-02-07 14:15:59 Job submitted from host: <192.168.0.102:9618?addrs=192.168.0.102-9618&alias=submitter&noUDP&sock=schedd_4045053_7bc0>
...
001 (320653.025.000) 2025-02-07 14:19:15 Job executing on host: <192.168.0.121:9618?addrs=192.168.0.121-9618&alias=node121.di.rm1&noUDP&sock=startd_2146_8e54>
...
006 (320653.025.000) 2025-02-07 14:19:16 Image size of job updated: 9212
	0  -  MemoryUsage of job (MB)
	0  -  ResidentSetSize of job (KB)
...
004 (320653.025.000) 2025-02-07 14:19:16 Job was evicted.
	(0) CPU times
		Usr 0 00:00:07, Sys 0 00:00:00  -  Run Remote Usage
		Usr 0 00:00:00, Sys 0 00:00:00  -  Run Local Usage
	0  -  Run Bytes Sent By Job
	0  -  Run Bytes Received By Job
	Partitionable Resources :    Usage  Request Allocated 
	   Cpus                 :        0       64        64 
	   Disk (KB)            :       27       27    467232 
	   Memory (MB)          :        0        1       128 
...
001 (320653.025.000) 2025-02-07 14:30:24 Job executing on host: <192.168.0.138:9618?addrs=192.168.0.138-9618&alias=node138.di.rm1&noUDP&sock=startd_2998744_89a3>
...
006 (320653.025.000) 2025-02-07 14:30:26 Image size of job updated: 13860
	0  -  MemoryUsage of job (MB)
	0  -  ResidentSetSize of job (KB)
...
005 (320653.025.000) 2025-02-07 14:30:26 Job terminated.
	(1) Normal termination (return value 0)
		Usr 0 00:00:18, Sys 0 00:00:00  -  Run Remote Usage
		Usr 0 00:00:00, Sys 0 00:00:00  -  Run Local Usage
		Usr 0 00:00:25, Sys 0 00:00:00  -  Total Remote Usage
		Usr 0 00:00:00, Sys 0 00:00:00  -  Total Local Usage
	0  -  Run Bytes Sent By Job
	0  -  Run Bytes Received By Job
	0  -  Total Bytes Sent By Job
	0  -  Total Bytes Received By Job
	Partitionable Resources :    Usage  Request Allocated 
	   Cpus                 :        0       64        64 
	   Disk (KB)            :       27       27    474244 
	   Memory (MB)          :        0        0       128 

	Job terminated of its own accord at 2025-02-07T14:30:26Z with exit-code 0.
...
