
	Data file: test_files/input32D.inp 
	Points: 50000
	Dimensions: 32
	Number of clusters: 50
	Maximum number of iterations: 100
	Minimum number of changes: 5 [0.01% of 50000 points]
	Maximum centroid precision: 0.001000

Memory allocation: 0.182815 seconds

[1] Cluster changes: 50000	Max. centroid distance: 49906.566406
[2] Cluster changes: 12850	Max. centroid distance: 968.329468
[3] Cluster changes: 5562	Max. centroid distance: 198.338898
[4] Cluster changes: 4039	Max. centroid distance: 168.496628
[5] Cluster changes: 3340	Max. centroid distance: 104.133835
[6] Cluster changes: 2852	Max. centroid distance: 90.588776
[7] Cluster changes: 2573	Max. centroid distance: 77.857407
[8] Cluster changes: 2212	Max. centroid distance: 57.844463
[9] Cluster changes: 1984	Max. centroid distance: 58.330032
[10] Cluster changes: 1785	Max. centroid distance: 38.877674
[11] Cluster changes: 1641	Max. centroid distance: 45.709732
[12] Cluster changes: 1553	Max. centroid distance: 37.427971
[13] Cluster changes: 1391	Max. centroid distance: 36.430576
[14] Cluster changes: 1300	Max. centroid distance: 26.840664
[15] Cluster changes: 1166	Max. centroid distance: 22.870344
[16] Cluster changes: 1092	Max. centroid distance: 24.218735
[17] Cluster changes: 1105	Max. centroid distance: 33.710152
[18] Cluster changes: 1033	Max. centroid distance: 33.214516
[19] Cluster changes: 992	Max. centroid distance: 25.849449
[20] Cluster changes: 964	Max. centroid distance: 24.139353
[21] Cluster changes: 921	Max. centroid distance: 23.593889
[22] Cluster changes: 864	Max. centroid distance: 26.694595
[23] Cluster changes: 806	Max. centroid distance: 16.972345
[24] Cluster changes: 764	Max. centroid distance: 20.286791
[25] Cluster changes: 746	Max. centroid distance: 16.039915
[26] Cluster changes: 735	Max. centroid distance: 13.460500
[27] Cluster changes: 708	Max. centroid distance: 11.515555
[28] Cluster changes: 676	Max. centroid distance: 12.801023
[29] Cluster changes: 644	Max. centroid distance: 14.078425
[30] Cluster changes: 610	Max. centroid distance: 12.313669
[31] Cluster changes: 597	Max. centroid distance: 12.032608
[32] Cluster changes: 603	Max. centroid distance: 20.874298
[33] Cluster changes: 635	Max. centroid distance: 18.233707
[34] Cluster changes: 593	Max. centroid distance: 18.082851
[35] Cluster changes: 557	Max. centroid distance: 16.321346
[36] Cluster changes: 516	Max. centroid distance: 10.333569
[37] Cluster changes: 517	Max. centroid distance: 10.269612
[38] Cluster changes: 519	Max. centroid distance: 12.727964
[39] Cluster changes: 539	Max. centroid distance: 10.810454
[40] Cluster changes: 506	Max. centroid distance: 11.173422
[41] Cluster changes: 448	Max. centroid distance: 8.045559
[42] Cluster changes: 420	Max. centroid distance: 6.156822
[43] Cluster changes: 372	Max. centroid distance: 6.397361
[44] Cluster changes: 349	Max. centroid distance: 7.226792
[45] Cluster changes: 349	Max. centroid distance: 7.403704
[46] Cluster changes: 339	Max. centroid distance: 6.550879
[47] Cluster changes: 341	Max. centroid distance: 6.865982
[48] Cluster changes: 310	Max. centroid distance: 7.111029
[49] Cluster changes: 350	Max. centroid distance: 6.367529
[50] Cluster changes: 365	Max. centroid distance: 7.366912
[51] Cluster changes: 361	Max. centroid distance: 8.862827
[52] Cluster changes: 380	Max. centroid distance: 10.481568
[53] Cluster changes: 354	Max. centroid distance: 7.143864
[54] Cluster changes: 345	Max. centroid distance: 8.031975
[55] Cluster changes: 329	Max. centroid distance: 7.419123
[56] Cluster changes: 318	Max. centroid distance: 7.015804
[57] Cluster changes: 315	Max. centroid distance: 6.399603
[58] Cluster changes: 299	Max. centroid distance: 7.253329
[59] Cluster changes: 280	Max. centroid distance: 3.596890
[60] Cluster changes: 287	Max. centroid distance: 5.204282
[61] Cluster changes: 286	Max. centroid distance: 5.355430
[62] Cluster changes: 279	Max. centroid distance: 3.527294
[63] Cluster changes: 283	Max. centroid distance: 7.905269
[64] Cluster changes: 278	Max. centroid distance: 6.194715
[65] Cluster changes: 276	Max. centroid distance: 6.510391
[66] Cluster changes: 270	Max. centroid distance: 5.345046
[67] Cluster changes: 255	Max. centroid distance: 6.439968
[68] Cluster changes: 236	Max. centroid distance: 4.411384
[69] Cluster changes: 230	Max. centroid distance: 3.161468
[70] Cluster changes: 207	Max. centroid distance: 2.454427
[71] Cluster changes: 194	Max. centroid distance: 4.804623
[72] Cluster changes: 211	Max. centroid distance: 3.411688
[73] Cluster changes: 218	Max. centroid distance: 2.858143
[74] Cluster changes: 204	Max. centroid distance: 6.236711
[75] Cluster changes: 186	Max. centroid distance: 5.096920
[76] Cluster changes: 178	Max. centroid distance: 4.087725
[77] Cluster changes: 193	Max. centroid distance: 4.746601
[78] Cluster changes: 170	Max. centroid distance: 6.306402
[79] Cluster changes: 153	Max. centroid distance: 4.481801
[80] Cluster changes: 151	Max. centroid distance: 4.958820
[81] Cluster changes: 161	Max. centroid distance: 2.743866
[82] Cluster changes: 150	Max. centroid distance: 2.445501
[83] Cluster changes: 144	Max. centroid distance: 2.165039
[84] Cluster changes: 125	Max. centroid distance: 2.248653
[85] Cluster changes: 119	Max. centroid distance: 2.032592
[86] Cluster changes: 133	Max. centroid distance: 2.318152
[87] Cluster changes: 131	Max. centroid distance: 2.922869
[88] Cluster changes: 134	Max. centroid distance: 2.353853
[89] Cluster changes: 141	Max. centroid distance: 2.906622
[90] Cluster changes: 124	Max. centroid distance: 2.967424
[91] Cluster changes: 113	Max. centroid distance: 2.130111
[92] Cluster changes: 106	Max. centroid distance: 2.115991
[93] Cluster changes: 124	Max. centroid distance: 3.113345
[94] Cluster changes: 122	Max. centroid distance: 1.766931
[95] Cluster changes: 123	Max. centroid distance: 2.406318
[96] Cluster changes: 122	Max. centroid distance: 2.238828
[97] Cluster changes: 134	Max. centroid distance: 2.364096
[98] Cluster changes: 128	Max. centroid distance: 1.590538
[99] Cluster changes: 130	Max. centroid distance: 2.226957
[100] Cluster changes: 117	Max. centroid distance: 3.198871
Computation: 1.182278 seconds

Termination condition:
Maximum number of iterations reached: 100 [100]

Memory deallocation: 1.195624 seconds
