000 (319506.050.000) 2025-02-07 00:26:39 Job submitted from host: <192.168.0.102:9618?addrs=192.168.0.102-9618&alias=submitter&noUDP&sock=schedd_4045053_7bc0>
...
001 (319506.050.000) 2025-02-07 01:59:09 Job executing on host: <192.168.0.140:9618?addrs=192.168.0.140-9618&alias=node140.di.rm1&noUDP&sock=startd_1890_f615>
...
006 (319506.050.000) 2025-02-07 01:59:11 Image size of job updated: 2212
	1  -  MemoryUsage of job (MB)
	228  -  ResidentSetSize of job (KB)
...
005 (319506.050.000) 2025-02-07 01:59:11 Job terminated.
	(1) Normal termination (return value 0)
		Usr 0 00:00:09, Sys 0 00:00:00  -  Run Remote Usage
		Usr 0 00:00:00, Sys 0 00:00:00  -  Run Local Usage
		Usr 0 00:00:09, Sys 0 00:00:00  -  Total Remote Usage
		Usr 0 00:00:00, Sys 0 00:00:00  -  Total Local Usage
	0  -  Run Bytes Sent By Job
	0  -  Run Bytes Received By Job
	0  -  Total Bytes Sent By Job
	0  -  Total Bytes Received By Job
	Partitionable Resources :    Usage  Request Allocated 
	   Cpus                 :                64        64 
	   Disk (KB)            :       25       25    468367 
	   Memory (MB)          :        1        1       128 

	Job terminated of its own accord at 2025-02-07T01:59:11Z with exit-code 0.
...
