
	Data file: test_files/input32D.inp 
	Points: 50000
	Dimensions: 32
	Number of clusters: 128
	Maximum number of iterations: 1000
	Minimum number of changes: 500 [1% of 50000 points]
	Maximum centroid precision: 1.000000

Memory allocation: 0.183626 seconds

[1] Cluster changes: 100000	Max. centroid distance: 207.005951
[2] Cluster changes: 31818	Max. centroid distance: 46.543388
[3] Cluster changes: 12852	Max. centroid distance: 22.676292
[4] Cluster changes: 9174	Max. centroid distance: 14.777205
[5] Cluster changes: 7372	Max. centroid distance: 15.055488
[6] Cluster changes: 6180	Max. centroid distance: 12.039421
[7] Cluster changes: 5172	Max. centroid distance: 12.654909
[8] Cluster changes: 4676	Max. centroid distance: 11.082213
[9] Cluster changes: 4258	Max. centroid distance: 10.306737
[10] Cluster changes: 3964	Max. centroid distance: 9.474895
[11] Cluster changes: 3348	Max. centroid distance: 8.373719
[12] Cluster changes: 3086	Max. centroid distance: 8.691888
[13] Cluster changes: 2836	Max. centroid distance: 8.185567
[14] Cluster changes: 2508	Max. centroid distance: 8.275351
[15] Cluster changes: 2194	Max. centroid distance: 7.455817
[16] Cluster changes: 2098	Max. centroid distance: 7.672763
[17] Cluster changes: 1908	Max. centroid distance: 7.285632
[18] Cluster changes: 1752	Max. centroid distance: 6.906549
[19] Cluster changes: 1688	Max. centroid distance: 6.170899
[20] Cluster changes: 1616	Max. centroid distance: 6.242339
[21] Cluster changes: 1482	Max. centroid distance: 5.301132
[22] Cluster changes: 1406	Max. centroid distance: 7.052019
[23] Cluster changes: 1326	Max. centroid distance: 6.118730
[24] Cluster changes: 1296	Max. centroid distance: 5.651597
[25] Cluster changes: 1266	Max. centroid distance: 5.458089
[26] Cluster changes: 1218	Max. centroid distance: 7.495364
[27] Cluster changes: 1216	Max. centroid distance: 5.013796
[28] Cluster changes: 1092	Max. centroid distance: 5.802113
[29] Cluster changes: 1042	Max. centroid distance: 5.103039
[30] Cluster changes: 1004	Max. centroid distance: 5.587249
[31] Cluster changes: 978	Max. centroid distance: 5.781893
[32] Cluster changes: 884	Max. centroid distance: 5.741920
[33] Cluster changes: 826	Max. centroid distance: 6.391096
[34] Cluster changes: 808	Max. centroid distance: 4.557461
[35] Cluster changes: 776	Max. centroid distance: 5.915366
[36] Cluster changes: 760	Max. centroid distance: 3.824294
[37] Cluster changes: 740	Max. centroid distance: 4.950384
[38] Cluster changes: 710	Max. centroid distance: 4.289834
[39] Cluster changes: 734	Max. centroid distance: 4.217198
[40] Cluster changes: 648	Max. centroid distance: 3.578388
[41] Cluster changes: 618	Max. centroid distance: 3.239101
[42] Cluster changes: 656	Max. centroid distance: 3.934787
[43] Cluster changes: 638	Max. centroid distance: 3.895817
[44] Cluster changes: 622	Max. centroid distance: 4.055245
[45] Cluster changes: 608	Max. centroid distance: 3.537176
[46] Cluster changes: 596	Max. centroid distance: 3.866716
[47] Cluster changes: 532	Max. centroid distance: 3.373926
[48] Cluster changes: 476	Max. centroid distance: 3.293573
Computation: 5.658473 seconds

Termination condition:
Minimum number of changes reached: 476 [500]

Memory deallocation: 5.664125 seconds
