000 (326807.000.000) 2025-02-09 09:44:47 Job submitted from host: <192.168.0.102:9618?addrs=192.168.0.102-9618&alias=submitter&noUDP&sock=schedd_4045053_7bc0>
...
001 (326807.000.000) 2025-02-09 10:06:01 Job executing on host: <192.168.0.126:9618?addrs=192.168.0.126-9618&alias=node126.di.rm1&noUDP&sock=startd_2976_ddef>
...
006 (326807.000.000) 2025-02-09 10:06:09 Image size of job updated: 5005588
	14  -  MemoryUsage of job (MB)
	13700  -  ResidentSetSize of job (KB)
...
004 (326807.000.000) 2025-02-09 10:07:44 Job was evicted.
	(0) CPU times
		Usr 0 00:01:42, Sys 0 00:00:00  -  Run Remote Usage
		Usr 0 00:00:00, Sys 0 00:00:00  -  Run Local Usage
	0  -  Run Bytes Sent By Job
	0  -  Run Bytes Received By Job
	Partitionable Resources :        Usage  Request Allocated Assigned
	   Cpus                 :         1.00       64        64 
	   Disk (KB)            :       750         750    160102 
	   Gpus (Average)       : 155475148.01        1         1 "GPU-760a30db"
	   GpusMemory (MB)      :       520                       
	   Memory (MB)          :        14           1       128 
...
001 (326807.000.000) 2025-02-09 10:10:07 Job executing on host: <192.168.0.126:9618?addrs=192.168.0.126-9618&alias=node126.di.rm1&noUDP&sock=startd_2976_ddef>
...
004 (326807.000.000) 2025-02-09 10:10:28 Job was evicted.
	(0) CPU times
		Usr 0 00:00:20, Sys 0 00:00:00  -  Run Remote Usage
		Usr 0 00:00:00, Sys 0 00:00:00  -  Run Local Usage
	0  -  Run Bytes Sent By Job
	0  -  Run Bytes Received By Job
	Partitionable Resources :    Usage  Request Allocated Assigned
	   Cpus                 :     1.00       64        64 
	   Disk (KB)            :   750         750    160102 
	   Gpus (Average)       :     1.21        1         1 "GPU-760a30db"
	   GpusMemory (MB)      :   520                       
	   Memory (MB)          :    15          15       128 
...
001 (326807.000.000) 2025-02-09 10:34:53 Job executing on host: <192.168.0.110:9618?addrs=192.168.0.110-9618&alias=node110.di.rm1&noUDP&sock=startd_2154_0b16>
...
005 (326807.000.000) 2025-02-09 10:34:59 Job terminated.
	(1) Normal termination (return value 0)
		Usr 0 00:00:05, Sys 0 00:00:00  -  Run Remote Usage
		Usr 0 00:00:00, Sys 0 00:00:00  -  Run Local Usage
		Usr 0 00:02:07, Sys 0 00:00:00  -  Total Remote Usage
		Usr 0 00:00:00, Sys 0 00:00:00  -  Total Local Usage
	0  -  Run Bytes Sent By Job
	0  -  Run Bytes Received By Job
	0  -  Total Bytes Sent By Job
	0  -  Total Bytes Received By Job
	Partitionable Resources :    Usage  Request Allocated Assigned
	   Cpus                 :     1.00       64        64 
	   Disk (KB)            :   750         750    468076 
	   Gpus (Average)       :     1.21        1         1 "GPU-3ad8f19c"
	   GpusMemory (MB)      :   520                       
	   Memory (MB)          :    15          15       128 

	Job terminated of its own accord at 2025-02-09T10:34:59Z with exit-code 0.
...
