
	Data file: test_files/input20D.inp 
	Points: 10000
	Dimensions: 20
	Number of clusters: 100
	Maximum number of iterations: 100
	Minimum number of changes: 1 [0.01% of 10000 points]
	Maximum centroid precision: 0.001000

Memory allocation: 0.023354 seconds

[1] Cluster changes: 10000	Max. centroid distance: 149.879150
[2] Cluster changes: 2965	Max. centroid distance: 52.827049
[3] Cluster changes: 1368	Max. centroid distance: 26.677588
[4] Cluster changes: 965	Max. centroid distance: 22.893480
[5] Cluster changes: 766	Max. centroid distance: 17.693989
[6] Cluster changes: 589	Max. centroid distance: 20.693176
[7] Cluster changes: 446	Max. centroid distance: 17.732046
[8] Cluster changes: 369	Max. centroid distance: 12.615125
[9] Cluster changes: 308	Max. centroid distance: 13.272621
[10] Cluster changes: 265	Max. centroid distance: 11.441961
[11] Cluster changes: 216	Max. centroid distance: 12.360231
[12] Cluster changes: 176	Max. centroid distance: 13.022199
[13] Cluster changes: 157	Max. centroid distance: 11.263345
[14] Cluster changes: 144	Max. centroid distance: 8.368036
[15] Cluster changes: 140	Max. centroid distance: 7.503248
[16] Cluster changes: 142	Max. centroid distance: 8.136243
[17] Cluster changes: 123	Max. centroid distance: 8.812815
[18] Cluster changes: 95	Max. centroid distance: 7.470650
[19] Cluster changes: 92	Max. centroid distance: 8.100615
[20] Cluster changes: 97	Max. centroid distance: 10.688777
[21] Cluster changes: 79	Max. centroid distance: 7.897902
[22] Cluster changes: 88	Max. centroid distance: 7.187992
[23] Cluster changes: 77	Max. centroid distance: 8.963840
[24] Cluster changes: 78	Max. centroid distance: 8.275749
[25] Cluster changes: 62	Max. centroid distance: 8.174052
[26] Cluster changes: 55	Max. centroid distance: 8.848175
[27] Cluster changes: 45	Max. centroid distance: 6.192927
[28] Cluster changes: 40	Max. centroid distance: 7.005591
[29] Cluster changes: 39	Max. centroid distance: 7.937335
[30] Cluster changes: 51	Max. centroid distance: 9.585123
[31] Cluster changes: 52	Max. centroid distance: 6.577797
[32] Cluster changes: 41	Max. centroid distance: 7.590190
[33] Cluster changes: 32	Max. centroid distance: 6.454250
[34] Cluster changes: 21	Max. centroid distance: 4.005108
[35] Cluster changes: 20	Max. centroid distance: 7.258901
[36] Cluster changes: 18	Max. centroid distance: 4.147463
[37] Cluster changes: 18	Max. centroid distance: 5.345435
[38] Cluster changes: 16	Max. centroid distance: 5.625755
[39] Cluster changes: 18	Max. centroid distance: 3.763872
[40] Cluster changes: 19	Max. centroid distance: 4.913268
[41] Cluster changes: 8	Max. centroid distance: 4.193235
[42] Cluster changes: 9	Max. centroid distance: 3.781311
[43] Cluster changes: 11	Max. centroid distance: 4.790124
[44] Cluster changes: 13	Max. centroid distance: 5.328396
[45] Cluster changes: 10	Max. centroid distance: 4.016619
[46] Cluster changes: 8	Max. centroid distance: 3.896147
[47] Cluster changes: 7	Max. centroid distance: 4.113916
[48] Cluster changes: 7	Max. centroid distance: 4.716190
[49] Cluster changes: 2	Max. centroid distance: 2.639404
[50] Cluster changes: 0	Max. centroid distance: 0.000000
Computation: 0.928036 seconds

Termination condition:
Minimum number of changes reached: 0 [1]

Memory deallocation: 0.064631 seconds
