000 (296616.071.000) 2025-01-31 21:44:56 Job submitted from host: <192.168.0.102:9618?addrs=192.168.0.102-9618&alias=submitter&noUDP&sock=schedd_4045053_7bc0>
...
001 (296616.071.000) 2025-01-31 21:45:25 Job executing on host: <192.168.0.107:9618?addrs=192.168.0.107-9618&alias=node107.di.rm1&noUDP&sock=startd_1981_6134>
...
006 (296616.071.000) 2025-01-31 21:45:26 Image size of job updated: 3220
	1  -  MemoryUsage of job (MB)
	288  -  ResidentSetSize of job (KB)
...
005 (296616.071.000) 2025-01-31 21:45:26 Job terminated.
	(1) Normal termination (return value 0)
		Usr 0 00:00:01, Sys 0 00:00:00  -  Run Remote Usage
		Usr 0 00:00:00, Sys 0 00:00:00  -  Run Local Usage
		Usr 0 00:00:01, Sys 0 00:00:00  -  Total Remote Usage
		Usr 0 00:00:00, Sys 0 00:00:00  -  Total Local Usage
	0  -  Run Bytes Sent By Job
	0  -  Run Bytes Received By Job
	0  -  Total Bytes Sent By Job
	0  -  Total Bytes Received By Job
	Partitionable Resources :    Usage  Request Allocated 
	   Cpus                 :                64        64 
	   Disk (KB)            :       25       25    471963 
	   Memory (MB)          :        1        1       128 

	Job terminated of its own accord at 2025-01-31T21:45:26Z with exit-code 0.
...
