
	Data file: test_files/input2D3.inp 
	Points: 50000
	Dimensions: 2
	Number of clusters: 50
	Maximum number of iterations: 100
	Minimum number of changes: 5 [0.01% of 50000 points]
	Maximum centroid precision: 0.001000

Memory allocation: 0.016669 seconds

[1] Cluster changes: 50000	Max. centroid distance: 294.675995
[2] Cluster changes: 7800	Max. centroid distance: 40.243160
[3] Cluster changes: 4469	Max. centroid distance: 14.027671
[4] Cluster changes: 2752	Max. centroid distance: 5.940329
[5] Cluster changes: 2036	Max. centroid distance: 5.180886
[6] Cluster changes: 1810	Max. centroid distance: 4.839392
[7] Cluster changes: 1547	Max. centroid distance: 3.128855
[8] Cluster changes: 1385	Max. centroid distance: 2.860967
[9] Cluster changes: 1233	Max. centroid distance: 2.063763
[10] Cluster changes: 1087	Max. centroid distance: 1.432739
[11] Cluster changes: 965	Max. centroid distance: 1.275049
[12] Cluster changes: 833	Max. centroid distance: 0.978613
[13] Cluster changes: 751	Max. centroid distance: 1.049578
[14] Cluster changes: 657	Max. centroid distance: 0.717228
[15] Cluster changes: 551	Max. centroid distance: 0.481254
[16] Cluster changes: 501	Max. centroid distance: 0.579275
[17] Cluster changes: 475	Max. centroid distance: 0.565086
[18] Cluster changes: 451	Max. centroid distance: 0.717520
[19] Cluster changes: 437	Max. centroid distance: 0.836296
[20] Cluster changes: 384	Max. centroid distance: 1.009050
[21] Cluster changes: 366	Max. centroid distance: 0.639427
[22] Cluster changes: 356	Max. centroid distance: 0.526637
[23] Cluster changes: 347	Max. centroid distance: 0.573901
[24] Cluster changes: 363	Max. centroid distance: 0.538253
[25] Cluster changes: 335	Max. centroid distance: 0.433987
[26] Cluster changes: 301	Max. centroid distance: 0.484053
[27] Cluster changes: 251	Max. centroid distance: 0.282513
[28] Cluster changes: 267	Max. centroid distance: 0.231115
[29] Cluster changes: 241	Max. centroid distance: 0.196409
[30] Cluster changes: 238	Max. centroid distance: 0.212144
[31] Cluster changes: 214	Max. centroid distance: 0.231268
[32] Cluster changes: 211	Max. centroid distance: 0.152516
[33] Cluster changes: 218	Max. centroid distance: 0.173358
[34] Cluster changes: 222	Max. centroid distance: 0.101418
[35] Cluster changes: 204	Max. centroid distance: 0.092952
[36] Cluster changes: 198	Max. centroid distance: 0.144081
[37] Cluster changes: 189	Max. centroid distance: 0.109377
[38] Cluster changes: 165	Max. centroid distance: 0.089295
[39] Cluster changes: 163	Max. centroid distance: 0.093554
[40] Cluster changes: 139	Max. centroid distance: 0.097078
[41] Cluster changes: 142	Max. centroid distance: 0.103519
[42] Cluster changes: 148	Max. centroid distance: 0.095769
[43] Cluster changes: 130	Max. centroid distance: 0.071153
[44] Cluster changes: 126	Max. centroid distance: 0.067231
[45] Cluster changes: 99	Max. centroid distance: 0.070497
[46] Cluster changes: 77	Max. centroid distance: 0.062788
[47] Cluster changes: 68	Max. centroid distance: 0.115399
[48] Cluster changes: 80	Max. centroid distance: 0.173531
[49] Cluster changes: 89	Max. centroid distance: 0.094506
[50] Cluster changes: 74	Max. centroid distance: 0.076939
[51] Cluster changes: 64	Max. centroid distance: 0.025293
[52] Cluster changes: 79	Max. centroid distance: 0.064747
[53] Cluster changes: 56	Max. centroid distance: 0.056247
[54] Cluster changes: 72	Max. centroid distance: 0.047697
[55] Cluster changes: 78	Max. centroid distance: 0.110790
[56] Cluster changes: 80	Max. centroid distance: 0.087240
[57] Cluster changes: 72	Max. centroid distance: 0.054761
[58] Cluster changes: 54	Max. centroid distance: 0.031984
[59] Cluster changes: 47	Max. centroid distance: 0.014501
[60] Cluster changes: 52	Max. centroid distance: 0.036330
[61] Cluster changes: 58	Max. centroid distance: 0.045441
[62] Cluster changes: 56	Max. centroid distance: 0.016514
[63] Cluster changes: 37	Max. centroid distance: 0.010929
[64] Cluster changes: 46	Max. centroid distance: 0.053219
[65] Cluster changes: 48	Max. centroid distance: 0.055500
[66] Cluster changes: 56	Max. centroid distance: 0.074338
[67] Cluster changes: 43	Max. centroid distance: 0.034851
[68] Cluster changes: 45	Max. centroid distance: 0.047038
[69] Cluster changes: 62	Max. centroid distance: 0.045289
[70] Cluster changes: 53	Max. centroid distance: 0.026781
[71] Cluster changes: 61	Max. centroid distance: 0.027509
[72] Cluster changes: 67	Max. centroid distance: 0.042440
[73] Cluster changes: 42	Max. centroid distance: 0.012128
[74] Cluster changes: 46	Max. centroid distance: 0.023089
[75] Cluster changes: 43	Max. centroid distance: 0.034111
[76] Cluster changes: 45	Max. centroid distance: 0.017667
[77] Cluster changes: 41	Max. centroid distance: 0.009860
[78] Cluster changes: 50	Max. centroid distance: 0.046026
[79] Cluster changes: 41	Max. centroid distance: 0.018323
[80] Cluster changes: 33	Max. centroid distance: 0.012919
[81] Cluster changes: 34	Max. centroid distance: 0.018425
[82] Cluster changes: 29	Max. centroid distance: 0.018814
[83] Cluster changes: 22	Max. centroid distance: 0.017171
[84] Cluster changes: 25	Max. centroid distance: 0.022750
[85] Cluster changes: 12	Max. centroid distance: 0.006987
[86] Cluster changes: 17	Max. centroid distance: 0.015390
[87] Cluster changes: 26	Max. centroid distance: 0.060865
[88] Cluster changes: 42	Max. centroid distance: 0.070502
[89] Cluster changes: 30	Max. centroid distance: 0.045838
[90] Cluster changes: 26	Max. centroid distance: 0.029676
[91] Cluster changes: 35	Max. centroid distance: 0.064553
[92] Cluster changes: 27	Max. centroid distance: 0.042544
[93] Cluster changes: 17	Max. centroid distance: 0.014586
[94] Cluster changes: 2	Max. centroid distance: 0.000946
Computation: 0.235639 seconds

Termination condition:
Minimum number of changes reached: 2 [5]

Memory deallocation: 0.247861 seconds
