
	Data file: test_files/input16D.inp 
	Points: 50000
	Dimensions: 16
	Number of clusters: 50
	Maximum number of iterations: 100
	Minimum number of changes: 5 [0.01% of 50000 points]
	Maximum centroid precision: 0.001000

Memory allocation: 0.093707 seconds

[1] Cluster changes: 50000	Max. centroid distance: 17471.029297
[2] Cluster changes: 12941	Max. centroid distance: 1453.580200
[3] Cluster changes: 5711	Max. centroid distance: 277.345154
[4] Cluster changes: 3952	Max. centroid distance: 133.108582
[5] Cluster changes: 3136	Max. centroid distance: 120.185349
[6] Cluster changes: 2741	Max. centroid distance: 96.649757
[7] Cluster changes: 2428	Max. centroid distance: 53.143547
[8] Cluster changes: 2166	Max. centroid distance: 58.032299
[9] Cluster changes: 1926	Max. centroid distance: 55.039955
[10] Cluster changes: 1741	Max. centroid distance: 32.357006
[11] Cluster changes: 1582	Max. centroid distance: 33.327610
[12] Cluster changes: 1462	Max. centroid distance: 29.031385
[13] Cluster changes: 1275	Max. centroid distance: 34.763271
[14] Cluster changes: 1178	Max. centroid distance: 31.524912
[15] Cluster changes: 1133	Max. centroid distance: 27.669182
[16] Cluster changes: 1116	Max. centroid distance: 35.256912
[17] Cluster changes: 1067	Max. centroid distance: 42.543221
[18] Cluster changes: 1021	Max. centroid distance: 37.082085
[19] Cluster changes: 951	Max. centroid distance: 30.953773
[20] Cluster changes: 831	Max. centroid distance: 19.878275
[21] Cluster changes: 733	Max. centroid distance: 15.823838
[22] Cluster changes: 680	Max. centroid distance: 15.279963
[23] Cluster changes: 644	Max. centroid distance: 25.043446
[24] Cluster changes: 622	Max. centroid distance: 19.852587
[25] Cluster changes: 608	Max. centroid distance: 21.267723
[26] Cluster changes: 565	Max. centroid distance: 13.171823
[27] Cluster changes: 590	Max. centroid distance: 14.918102
[28] Cluster changes: 595	Max. centroid distance: 12.244491
[29] Cluster changes: 616	Max. centroid distance: 10.250642
[30] Cluster changes: 577	Max. centroid distance: 9.226076
[31] Cluster changes: 553	Max. centroid distance: 11.119310
[32] Cluster changes: 560	Max. centroid distance: 10.111655
[33] Cluster changes: 541	Max. centroid distance: 11.381443
[34] Cluster changes: 552	Max. centroid distance: 16.032330
[35] Cluster changes: 485	Max. centroid distance: 9.807581
[36] Cluster changes: 479	Max. centroid distance: 10.497999
[37] Cluster changes: 453	Max. centroid distance: 10.370517
[38] Cluster changes: 467	Max. centroid distance: 14.651736
[39] Cluster changes: 453	Max. centroid distance: 11.476111
[40] Cluster changes: 463	Max. centroid distance: 15.576308
[41] Cluster changes: 486	Max. centroid distance: 12.538890
[42] Cluster changes: 467	Max. centroid distance: 13.540236
[43] Cluster changes: 479	Max. centroid distance: 12.604521
[44] Cluster changes: 457	Max. centroid distance: 12.524425
[45] Cluster changes: 467	Max. centroid distance: 10.222600
[46] Cluster changes: 464	Max. centroid distance: 7.818438
[47] Cluster changes: 463	Max. centroid distance: 9.146239
[48] Cluster changes: 430	Max. centroid distance: 6.944890
[49] Cluster changes: 386	Max. centroid distance: 7.499335
[50] Cluster changes: 383	Max. centroid distance: 5.922048
[51] Cluster changes: 354	Max. centroid distance: 6.275302
[52] Cluster changes: 363	Max. centroid distance: 5.067483
[53] Cluster changes: 344	Max. centroid distance: 5.312307
[54] Cluster changes: 335	Max. centroid distance: 6.690193
[55] Cluster changes: 302	Max. centroid distance: 2.609828
[56] Cluster changes: 276	Max. centroid distance: 5.632256
[57] Cluster changes: 279	Max. centroid distance: 5.125712
[58] Cluster changes: 276	Max. centroid distance: 3.393532
[59] Cluster changes: 274	Max. centroid distance: 4.568619
[60] Cluster changes: 257	Max. centroid distance: 5.493865
[61] Cluster changes: 257	Max. centroid distance: 3.222404
[62] Cluster changes: 269	Max. centroid distance: 5.986881
[63] Cluster changes: 270	Max. centroid distance: 6.734282
[64] Cluster changes: 248	Max. centroid distance: 10.431931
[65] Cluster changes: 248	Max. centroid distance: 7.010318
[66] Cluster changes: 209	Max. centroid distance: 7.732812
[67] Cluster changes: 208	Max. centroid distance: 9.360965
[68] Cluster changes: 196	Max. centroid distance: 5.680972
[69] Cluster changes: 193	Max. centroid distance: 7.670163
[70] Cluster changes: 203	Max. centroid distance: 6.233662
[71] Cluster changes: 181	Max. centroid distance: 6.601010
[72] Cluster changes: 180	Max. centroid distance: 5.252662
[73] Cluster changes: 179	Max. centroid distance: 4.697724
[74] Cluster changes: 177	Max. centroid distance: 3.334085
[75] Cluster changes: 158	Max. centroid distance: 2.860723
[76] Cluster changes: 151	Max. centroid distance: 3.561444
[77] Cluster changes: 142	Max. centroid distance: 3.803636
[78] Cluster changes: 133	Max. centroid distance: 2.880297
[79] Cluster changes: 141	Max. centroid distance: 3.693355
[80] Cluster changes: 161	Max. centroid distance: 2.312340
[81] Cluster changes: 163	Max. centroid distance: 3.013746
[82] Cluster changes: 193	Max. centroid distance: 3.516698
[83] Cluster changes: 212	Max. centroid distance: 4.097349
[84] Cluster changes: 178	Max. centroid distance: 2.947053
[85] Cluster changes: 168	Max. centroid distance: 4.465466
[86] Cluster changes: 200	Max. centroid distance: 8.703711
[87] Cluster changes: 216	Max. centroid distance: 9.360452
[88] Cluster changes: 207	Max. centroid distance: 6.375223
[89] Cluster changes: 185	Max. centroid distance: 6.287844
[90] Cluster changes: 208	Max. centroid distance: 7.035574
[91] Cluster changes: 197	Max. centroid distance: 4.753247
[92] Cluster changes: 173	Max. centroid distance: 1.978979
[93] Cluster changes: 157	Max. centroid distance: 3.216592
[94] Cluster changes: 159	Max. centroid distance: 2.287417
[95] Cluster changes: 157	Max. centroid distance: 3.700862
[96] Cluster changes: 183	Max. centroid distance: 4.072530
[97] Cluster changes: 205	Max. centroid distance: 3.229918
[98] Cluster changes: 212	Max. centroid distance: 3.867255
[99] Cluster changes: 214	Max. centroid distance: 3.068608
[100] Cluster changes: 191	Max. centroid distance: 2.672230
Computation: 2.376713 seconds

Termination condition:
Maximum number of iterations reached: 100 [100]

Memory deallocation: 2.384563 seconds
