000 (306011.076.000) 2025-02-06 09:12:06 Job submitted from host: <192.168.0.102:9618?addrs=192.168.0.102-9618&alias=submitter&noUDP&sock=schedd_4045053_7bc0>
...
001 (306011.076.000) 2025-02-06 09:36:50 Job executing on host: <192.168.0.111:9618?addrs=192.168.0.111-9618&alias=node111.di.rm1&noUDP&sock=startd_2044_97ab>
...
006 (306011.076.000) 2025-02-06 09:36:56 Image size of job updated: 6468
	1  -  MemoryUsage of job (MB)
	40  -  ResidentSetSize of job (KB)
...
005 (306011.076.000) 2025-02-06 09:36:56 Job terminated.
	(1) Normal termination (return value 0)
		Usr 0 00:00:06, Sys 0 00:00:00  -  Run Remote Usage
		Usr 0 00:00:00, Sys 0 00:00:00  -  Run Local Usage
		Usr 0 00:00:06, Sys 0 00:00:00  -  Total Remote Usage
		Usr 0 00:00:00, Sys 0 00:00:00  -  Total Local Usage
	0  -  Run Bytes Sent By Job
	0  -  Run Bytes Received By Job
	0  -  Total Bytes Sent By Job
	0  -  Total Bytes Received By Job
	Partitionable Resources :    Usage  Request Allocated 
	   Cpus                 :                64        64 
	   Disk (KB)            :       22       22    468058 
	   GPUs                 :                           0 
	   Memory (MB)          :        1        1       128 

	Job terminated of its own accord at 2025-02-06T09:36:56Z with exit-code 0.
...
000 (315768.076.000) 2025-02-06 20:32:51 Job submitted from host: <192.168.0.102:9618?addrs=192.168.0.102-9618&alias=submitter&noUDP&sock=schedd_4045053_7bc0>
...
001 (315768.076.000) 2025-02-06 20:41:55 Job executing on host: <192.168.0.138:9618?addrs=192.168.0.138-9618&alias=node138.di.rm1&noUDP&sock=startd_2998744_89a3>
...
006 (315768.076.000) 2025-02-06 20:42:02 Image size of job updated: 16144
	0  -  MemoryUsage of job (MB)
	0  -  ResidentSetSize of job (KB)
...
005 (315768.076.000) 2025-02-06 20:42:02 Job terminated.
	(1) Normal termination (return value 0)
		Usr 0 00:00:07, Sys 0 00:00:00  -  Run Remote Usage
		Usr 0 00:00:00, Sys 0 00:00:00  -  Run Local Usage
		Usr 0 00:00:07, Sys 0 00:00:00  -  Total Remote Usage
		Usr 0 00:00:00, Sys 0 00:00:00  -  Total Local Usage
	0  -  Run Bytes Sent By Job
	0  -  Run Bytes Received By Job
	0  -  Total Bytes Sent By Job
	0  -  Total Bytes Received By Job
	Partitionable Resources :    Usage  Request Allocated 
	   Cpus                 :                64        64 
	   Disk (KB)            :       22       22    474244 
	   Memory (MB)          :        0        1       128 

	Job terminated of its own accord at 2025-02-06T20:42:02Z with exit-code 0.
...
