000 (296611.067.000) 2025-01-31 21:39:24 Job submitted from host: <192.168.0.102:9618?addrs=192.168.0.102-9618&alias=submitter&noUDP&sock=schedd_4045053_7bc0>
...
001 (296611.067.000) 2025-01-31 21:39:35 Job executing on host: <192.168.0.107:9618?addrs=192.168.0.107-9618&alias=node107.di.rm1&noUDP&sock=startd_1981_6134>
...
006 (296611.067.000) 2025-01-31 21:39:36 Image size of job updated: 2668
	0  -  MemoryUsage of job (MB)
	0  -  ResidentSetSize of job (KB)
...
005 (296611.067.000) 2025-01-31 21:39:36 Job terminated.
	(1) Normal termination (return value 0)
		Usr 0 00:00:08, Sys 0 00:00:01  -  Run Remote Usage
		Usr 0 00:00:00, Sys 0 00:00:00  -  Run Local Usage
		Usr 0 00:00:08, Sys 0 00:00:01  -  Total Remote Usage
		Usr 0 00:00:00, Sys 0 00:00:00  -  Total Local Usage
	0  -  Run Bytes Sent By Job
	0  -  Run Bytes Received By Job
	0  -  Total Bytes Sent By Job
	0  -  Total Bytes Received By Job
	Partitionable Resources :    Usage  Request Allocated 
	   Cpus                 :                64        64 
	   Disk (KB)            :       25       25    471963 
	   Memory (MB)          :        0        1       128 

	Job terminated of its own accord at 2025-01-31T21:39:36Z with exit-code 0.
...
000 (296613.067.000) 2025-01-31 21:43:26 Job submitted from host: <192.168.0.102:9618?addrs=192.168.0.102-9618&alias=submitter&noUDP&sock=schedd_4045053_7bc0>
...
001 (296613.067.000) 2025-01-31 21:43:30 Job executing on host: <192.168.0.116:9618?addrs=192.168.0.116-9618&alias=node116.di.rm1&noUDP&sock=startd_1847_7783>
...
006 (296613.067.000) 2025-01-31 21:43:30 Image size of job updated: 4132
	1  -  MemoryUsage of job (MB)
	40  -  ResidentSetSize of job (KB)
...
005 (296613.067.000) 2025-01-31 21:43:30 Job terminated.
	(1) Normal termination (return value 0)
		Usr 0 00:00:00, Sys 0 00:00:00  -  Run Remote Usage
		Usr 0 00:00:00, Sys 0 00:00:00  -  Run Local Usage
		Usr 0 00:00:00, Sys 0 00:00:00  -  Total Remote Usage
		Usr 0 00:00:00, Sys 0 00:00:00  -  Total Local Usage
	0  -  Run Bytes Sent By Job
	0  -  Run Bytes Received By Job
	0  -  Total Bytes Sent By Job
	0  -  Total Bytes Received By Job
	Partitionable Resources :    Usage  Request Allocated 
	   Cpus                 :                64        64 
	   Disk (KB)            :       25       25    474557 
	   Memory (MB)          :        1        1       128 

	Job terminated of its own accord at 2025-01-31T21:43:30Z with exit-code 0.
...
000 (296641.067.000) 2025-01-31 21:51:22 Job submitted from host: <192.168.0.102:9618?addrs=192.168.0.102-9618&alias=submitter&noUDP&sock=schedd_4045053_7bc0>
...
001 (296641.067.000) 2025-01-31 21:51:30 Job executing on host: <192.168.0.116:9618?addrs=192.168.0.116-9618&alias=node116.di.rm1&noUDP&sock=startd_1847_7783>
...
006 (296641.067.000) 2025-01-31 21:51:30 Image size of job updated: 3696
	0  -  MemoryUsage of job (MB)
	0  -  ResidentSetSize of job (KB)
...
005 (296641.067.000) 2025-01-31 21:51:30 Job terminated.
	(1) Normal termination (return value 0)
		Usr 0 00:00:00, Sys 0 00:00:00  -  Run Remote Usage
		Usr 0 00:00:00, Sys 0 00:00:00  -  Run Local Usage
		Usr 0 00:00:00, Sys 0 00:00:00  -  Total Remote Usage
		Usr 0 00:00:00, Sys 0 00:00:00  -  Total Local Usage
	0  -  Run Bytes Sent By Job
	0  -  Run Bytes Received By Job
	0  -  Total Bytes Sent By Job
	0  -  Total Bytes Received By Job
	Partitionable Resources :    Usage  Request Allocated 
	   Cpus                 :                64        64 
	   Disk (KB)            :       25       25    474557 
	   Memory (MB)          :        0        1       128 

	Job terminated of its own accord at 2025-01-31T21:51:30Z with exit-code 0.
...
000 (296642.067.000) 2025-01-31 21:53:02 Job submitted from host: <192.168.0.102:9618?addrs=192.168.0.102-9618&alias=submitter&noUDP&sock=schedd_4045053_7bc0>
...
001 (296642.067.000) 2025-01-31 21:53:07 Job executing on host: <192.168.0.138:9618?addrs=192.168.0.138-9618&alias=node138.di.rm1&noUDP&sock=startd_2998744_89a3>
...
006 (296642.067.000) 2025-01-31 21:53:07 Image size of job updated: 7556
	0  -  MemoryUsage of job (MB)
	0  -  ResidentSetSize of job (KB)
...
005 (296642.067.000) 2025-01-31 21:53:07 Job terminated.
	(1) Normal termination (return value 0)
		Usr 0 00:00:00, Sys 0 00:00:00  -  Run Remote Usage
		Usr 0 00:00:00, Sys 0 00:00:00  -  Run Local Usage
		Usr 0 00:00:00, Sys 0 00:00:00  -  Total Remote Usage
		Usr 0 00:00:00, Sys 0 00:00:00  -  Total Local Usage
	0  -  Run Bytes Sent By Job
	0  -  Run Bytes Received By Job
	0  -  Total Bytes Sent By Job
	0  -  Total Bytes Received By Job
	Partitionable Resources :    Usage  Request Allocated 
	   Cpus                 :                64        64 
	   Disk (KB)            :       25       25    474244 
	   Memory (MB)          :        0        1       128 

	Job terminated of its own accord at 2025-01-31T21:53:07Z with exit-code 0.
...
