Esecuzione numero 22 con parametri: test_files/input16D.inp 50 100 0.01 0.001 output/seq2D3.txt 1

	Data file: test_files/input16D.inp 
	Points: 50000
	Dimensions: 16
	Number of clusters: 50
	Maximum number of iterations: 100
	Minimum number of changes: 5 [0.01% of 50000 points]
	Maximum centroid precision: 0.001000

Memory allocation: 0.054058 seconds

[1] Cluster changes: 50000	Max. centroid distance: 132.178024
[2] Cluster changes: 12941	Max. centroid distance: 38.125847
[3] Cluster changes: 5711	Max. centroid distance: 16.653683
[4] Cluster changes: 3952	Max. centroid distance: 11.537270
[5] Cluster changes: 3136	Max. centroid distance: 10.962908
[6] Cluster changes: 2742	Max. centroid distance: 9.831060
[7] Cluster changes: 2428	Max. centroid distance: 7.288322
[8] Cluster changes: 2173	Max. centroid distance: 7.617893
[9] Cluster changes: 1905	Max. centroid distance: 7.441465
[10] Cluster changes: 1735	Max. centroid distance: 5.729474
[11] Cluster changes: 1578	Max. centroid distance: 5.604739
[12] Cluster changes: 1463	Max. centroid distance: 5.292215
[13] Cluster changes: 1324	Max. centroid distance: 5.934549
[14] Cluster changes: 1182	Max. centroid distance: 5.830704
[15] Cluster changes: 1115	Max. centroid distance: 5.449072
[16] Cluster changes: 1130	Max. centroid distance: 6.346649
[17] Cluster changes: 1081	Max. centroid distance: 6.445833
[18] Cluster changes: 1040	Max. centroid distance: 5.703176
[19] Cluster changes: 968	Max. centroid distance: 5.943358
[20] Cluster changes: 856	Max. centroid distance: 4.007893
[21] Cluster changes: 757	Max. centroid distance: 4.257251
[22] Cluster changes: 689	Max. centroid distance: 4.571548
[23] Cluster changes: 642	Max. centroid distance: 4.317799
[24] Cluster changes: 626	Max. centroid distance: 4.455008
[25] Cluster changes: 620	Max. centroid distance: 4.158301
[26] Cluster changes: 622	Max. centroid distance: 3.658333
[27] Cluster changes: 641	Max. centroid distance: 3.707352
[28] Cluster changes: 599	Max. centroid distance: 3.089297
[29] Cluster changes: 609	Max. centroid distance: 3.553499
[30] Cluster changes: 566	Max. centroid distance: 3.458565
[31] Cluster changes: 539	Max. centroid distance: 2.833491
[32] Cluster changes: 553	Max. centroid distance: 3.108963
[33] Cluster changes: 518	Max. centroid distance: 3.342971
[34] Cluster changes: 498	Max. centroid distance: 3.066378
[35] Cluster changes: 477	Max. centroid distance: 3.319690
[36] Cluster changes: 465	Max. centroid distance: 3.333532
[37] Cluster changes: 434	Max. centroid distance: 3.484181
[38] Cluster changes: 458	Max. centroid distance: 2.877148
[39] Cluster changes: 438	Max. centroid distance: 2.655593
[40] Cluster changes: 442	Max. centroid distance: 3.552397
[41] Cluster changes: 447	Max. centroid distance: 3.424517
[42] Cluster changes: 477	Max. centroid distance: 3.813636
[43] Cluster changes: 469	Max. centroid distance: 3.398050
[44] Cluster changes: 457	Max. centroid distance: 3.388281
[45] Cluster changes: 467	Max. centroid distance: 2.814581
[46] Cluster changes: 458	Max. centroid distance: 2.899633
[47] Cluster changes: 456	Max. centroid distance: 3.238655
[48] Cluster changes: 429	Max. centroid distance: 3.409977
[49] Cluster changes: 469	Max. centroid distance: 4.766171
[50] Cluster changes: 441	Max. centroid distance: 3.824667
[51] Cluster changes: 431	Max. centroid distance: 3.846520
[52] Cluster changes: 378	Max. centroid distance: 3.240731
[53] Cluster changes: 372	Max. centroid distance: 3.261750
[54] Cluster changes: 348	Max. centroid distance: 2.723676
[55] Cluster changes: 368	Max. centroid distance: 2.597088
[56] Cluster changes: 339	Max. centroid distance: 2.284915
[57] Cluster changes: 321	Max. centroid distance: 1.708901
[58] Cluster changes: 320	Max. centroid distance: 2.143009
[59] Cluster changes: 283	Max. centroid distance: 2.021340
[60] Cluster changes: 290	Max. centroid distance: 2.295337
[61] Cluster changes: 248	Max. centroid distance: 1.573452
[62] Cluster changes: 214	Max. centroid distance: 1.297012
[63] Cluster changes: 199	Max. centroid distance: 1.416805
[64] Cluster changes: 179	Max. centroid distance: 1.390673
[65] Cluster changes: 179	Max. centroid distance: 1.338125
[66] Cluster changes: 169	Max. centroid distance: 1.246108
[67] Cluster changes: 204	Max. centroid distance: 2.140900
[68] Cluster changes: 202	Max. centroid distance: 2.199149
[69] Cluster changes: 209	Max. centroid distance: 1.655627
[70] Cluster changes: 216	Max. centroid distance: 1.657619
[71] Cluster changes: 181	Max. centroid distance: 1.493612
[72] Cluster changes: 176	Max. centroid distance: 1.970559
[73] Cluster changes: 176	Max. centroid distance: 1.985064
[74] Cluster changes: 166	Max. centroid distance: 1.775992
[75] Cluster changes: 167	Max. centroid distance: 1.340011
[76] Cluster changes: 181	Max. centroid distance: 1.414341
[77] Cluster changes: 180	Max. centroid distance: 1.467786
[78] Cluster changes: 180	Max. centroid distance: 1.524620
[79] Cluster changes: 177	Max. centroid distance: 1.265187
[80] Cluster changes: 168	Max. centroid distance: 1.757730
[81] Cluster changes: 172	Max. centroid distance: 1.360826
[82] Cluster changes: 173	Max. centroid distance: 1.316150
[83] Cluster changes: 181	Max. centroid distance: 1.786607
[84] Cluster changes: 180	Max. centroid distance: 1.365434
[85] Cluster changes: 168	Max. centroid distance: 1.102425
[86] Cluster changes: 160	Max. centroid distance: 1.387326
[87] Cluster changes: 159	Max. centroid distance: 1.277719
[88] Cluster changes: 160	Max. centroid distance: 1.467770
[89] Cluster changes: 167	Max. centroid distance: 1.236153
[90] Cluster changes: 169	Max. centroid distance: 1.302830
[91] Cluster changes: 167	Max. centroid distance: 1.413438
[92] Cluster changes: 156	Max. centroid distance: 1.245399
[93] Cluster changes: 158	Max. centroid distance: 1.122060
[94] Cluster changes: 184	Max. centroid distance: 1.410394
[95] Cluster changes: 168	Max. centroid distance: 1.305965
[96] Cluster changes: 176	Max. centroid distance: 1.498013
[97] Cluster changes: 165	Max. centroid distance: 1.481549
[98] Cluster changes: 155	Max. centroid distance: 1.435957
[99] Cluster changes: 142	Max. centroid distance: 1.182024
[100] Cluster changes: 141	Max. centroid distance: 1.077417
Computation: 2.298771 seconds

Termination condition:
Maximum number of iterations reached: 100 [100]

Memory deallocation: 2.302460 seconds
------------------------
