000 (297013.021.000) 2025-02-01 17:24:37 Job submitted from host: <192.168.0.102:9618?addrs=192.168.0.102-9618&alias=submitter&noUDP&sock=schedd_4045053_7bc0>
...
001 (297013.021.000) 2025-02-01 17:24:41 Job executing on host: <192.168.0.106:9618?addrs=192.168.0.106-9618&alias=node106.di.rm1&noUDP&sock=startd_1970_d5a9>
...
006 (297013.021.000) 2025-02-01 17:24:43 Image size of job updated: 6304
	2  -  MemoryUsage of job (MB)
	1740  -  ResidentSetSize of job (KB)
...
005 (297013.021.000) 2025-02-01 17:24:43 Job terminated.
	(1) Normal termination (return value 0)
		Usr 0 00:00:27, Sys 0 00:00:00  -  Run Remote Usage
		Usr 0 00:00:00, Sys 0 00:00:00  -  Run Local Usage
		Usr 0 00:00:27, Sys 0 00:00:00  -  Total Remote Usage
		Usr 0 00:00:00, Sys 0 00:00:00  -  Total Local Usage
	0  -  Run Bytes Sent By Job
	0  -  Run Bytes Received By Job
	0  -  Total Bytes Sent By Job
	0  -  Total Bytes Received By Job
	Partitionable Resources :    Usage  Request Allocated 
	   Cpus                 :                64        64 
	   Disk (KB)            :       25       25    468979 
	   Memory (MB)          :        2        1       128 

	Job terminated of its own accord at 2025-02-01T17:24:43Z with exit-code 0.
...
