000 (322730.000.000) 2025-02-07 22:43:26 Job submitted from host: <192.168.0.102:9618?addrs=192.168.0.102-9618&alias=submitter&noUDP&sock=schedd_4045053_7bc0>
...
001 (322730.000.000) 2025-02-07 22:49:50 Job executing on host: <192.168.0.108:9618?addrs=192.168.0.108-9618&alias=node108.di.rm1&noUDP&sock=startd_1979_0203>
...
006 (322730.000.000) 2025-02-07 22:49:52 Image size of job updated: 12804
	1  -  MemoryUsage of job (MB)
	24  -  ResidentSetSize of job (KB)
...
005 (322730.000.000) 2025-02-07 22:49:52 Job terminated.
	(1) Normal termination (return value 0)
		Usr 0 00:00:08, Sys 0 00:00:00  -  Run Remote Usage
		Usr 0 00:00:00, Sys 0 00:00:00  -  Run Local Usage
		Usr 0 00:00:08, Sys 0 00:00:00  -  Total Remote Usage
		Usr 0 00:00:00, Sys 0 00:00:00  -  Total Local Usage
	0  -  Run Bytes Sent By Job
	0  -  Run Bytes Received By Job
	0  -  Total Bytes Sent By Job
	0  -  Total Bytes Received By Job
	Partitionable Resources :    Usage  Request Allocated 
	   Cpus                 :                64        64 
	   Disk (KB)            :       27       27    474134 
	   Memory (MB)          :        1        1       128 

	Job terminated of its own accord at 2025-02-07T22:49:52Z with exit-code 0.
...
