
	Data file: test_files/input64D.inp 
	Points: 50000
	Dimensions: 64
	Number of clusters: 128
	Maximum number of iterations: 1000
	Minimum number of changes: 500 [1% of 50000 points]
	Maximum centroid precision: 1.000000

Memory allocation: 0.354170 seconds

[1] Cluster changes: 59216	Max. centroid distance: 335.193939
[2] Cluster changes: 34122	Max. centroid distance: 66.866035
[3] Cluster changes: 14758	Max. centroid distance: 31.139465
[4] Cluster changes: 9581	Max. centroid distance: 20.993259
[5] Cluster changes: 7242	Max. centroid distance: 16.084330
[6] Cluster changes: 5096	Max. centroid distance: 15.636909
[7] Cluster changes: 5252	Max. centroid distance: 12.998546
[8] Cluster changes: 4036	Max. centroid distance: 12.262642
[9] Cluster changes: 3305	Max. centroid distance: 11.459139
[10] Cluster changes: 3115	Max. centroid distance: 10.812904
[11] Cluster changes: 2784	Max. centroid distance: 10.680045
[12] Cluster changes: 2521	Max. centroid distance: 9.253688
[13] Cluster changes: 2443	Max. centroid distance: 10.457691
[14] Cluster changes: 1942	Max. centroid distance: 8.876536
[15] Cluster changes: 1743	Max. centroid distance: 7.069628
[16] Cluster changes: 1576	Max. centroid distance: 7.575007
[17] Cluster changes: 1442	Max. centroid distance: 7.759518
[18] Cluster changes: 1392	Max. centroid distance: 7.288225
[19] Cluster changes: 1255	Max. centroid distance: 7.412563
[20] Cluster changes: 1080	Max. centroid distance: 6.041655
[21] Cluster changes: 1114	Max. centroid distance: 6.953514
[22] Cluster changes: 1172	Max. centroid distance: 6.694768
[23] Cluster changes: 1190	Max. centroid distance: 6.636634
[24] Cluster changes: 977	Max. centroid distance: 6.433071
[25] Cluster changes: 1069	Max. centroid distance: 8.446918
[26] Cluster changes: 887	Max. centroid distance: 6.185317
[27] Cluster changes: 869	Max. centroid distance: 5.945874
[28] Cluster changes: 760	Max. centroid distance: 5.621671
[29] Cluster changes: 710	Max. centroid distance: 5.511751
[30] Cluster changes: 762	Max. centroid distance: 5.298035
[31] Cluster changes: 782	Max. centroid distance: 5.599398
[32] Cluster changes: 741	Max. centroid distance: 4.961222
[33] Cluster changes: 547	Max. centroid distance: 5.443738
[34] Cluster changes: 594	Max. centroid distance: 5.808448
[35] Cluster changes: 571	Max. centroid distance: 5.240286
[36] Cluster changes: 549	Max. centroid distance: 5.726534
[37] Cluster changes: 554	Max. centroid distance: 5.078545
[38] Cluster changes: 509	Max. centroid distance: 5.530155
[39] Cluster changes: 436	Max. centroid distance: 5.125488
Computation: 9.164744 seconds

Termination condition:
Minimum number of changes reached: 436 [500]

Memory deallocation: 9.170693 seconds
