000 (327009.000.000) 2025-02-09 10:27:12 Job submitted from host: <192.168.0.102:9618?addrs=192.168.0.102-9618&alias=submitter&noUDP&sock=schedd_4045053_7bc0>
...
001 (327009.000.000) 2025-02-09 12:51:02 Job executing on host: <192.168.0.110:9618?addrs=192.168.0.110-9618&alias=node110.di.rm1&noUDP&sock=startd_2154_0b16>
...
006 (327009.000.000) 2025-02-09 12:51:04 Image size of job updated: 15336
	0  -  MemoryUsage of job (MB)
	0  -  ResidentSetSize of job (KB)
...
004 (327009.000.000) 2025-02-09 12:51:04 Job was evicted.
	(0) CPU times
		Usr 0 00:00:01, Sys 0 00:00:00  -  Run Remote Usage
		Usr 0 00:00:00, Sys 0 00:00:00  -  Run Local Usage
	0  -  Run Bytes Sent By Job
	0  -  Run Bytes Received By Job
	Partitionable Resources :    Usage  Request Allocated Assigned
	   Cpus                 :        0       64        64 
	   Disk (KB)            :      750      750    468076 
	   Gpus (Average)       :        0        1         1 "GPU-3ad8f19c"
	   Memory (MB)          :        0        1       128 
...
001 (327009.000.000) 2025-02-09 13:03:20 Job executing on host: <192.168.0.110:9618?addrs=192.168.0.110-9618&alias=node110.di.rm1&noUDP&sock=startd_2154_0b16>
...
006 (327009.000.000) 2025-02-09 13:03:28 Image size of job updated: 40420
	20  -  MemoryUsage of job (MB)
	20092  -  ResidentSetSize of job (KB)
...
005 (327009.000.000) 2025-02-09 13:03:29 Job terminated.
	(1) Normal termination (return value 0)
		Usr 0 00:00:09, Sys 0 00:00:00  -  Run Remote Usage
		Usr 0 00:00:00, Sys 0 00:00:00  -  Run Local Usage
		Usr 0 00:00:10, Sys 0 00:00:00  -  Total Remote Usage
		Usr 0 00:00:00, Sys 0 00:00:00  -  Total Local Usage
	0  -  Run Bytes Sent By Job
	0  -  Run Bytes Received By Job
	0  -  Total Bytes Sent By Job
	0  -  Total Bytes Received By Job
	Partitionable Resources :    Usage  Request Allocated Assigned
	   Cpus                 :        0       64        64 
	   Disk (KB)            :      750      750    468076 
	   Gpus (Average)       :        0        1         1 "GPU-3ad8f19c"
	   Memory (MB)          :       20        0       128 

	Job terminated of its own accord at 2025-02-09T13:03:29Z with exit-code 0.
...
