
	Data file: test_files/input8D.inp 
	Points: 50000
	Dimensions: 8
	Number of clusters: 128
	Maximum number of iterations: 1000
	Minimum number of changes: 500 [1% of 50000 points]
	Maximum centroid precision: 1.000000

Memory allocation: 0.050188 seconds

[1] Cluster changes: 423832	Max. centroid distance: 61.811630
[2] Cluster changes: 112021	Max. centroid distance: 27.347404
[3] Cluster changes: 52313	Max. centroid distance: 18.342407
[4] Cluster changes: 33948	Max. centroid distance: 18.134325
[5] Cluster changes: 25272	Max. centroid distance: 18.782511
[6] Cluster changes: 21183	Max. centroid distance: 15.418387
[7] Cluster changes: 18402	Max. centroid distance: 14.347182
[8] Cluster changes: 15907	Max. centroid distance: 13.835787
[9] Cluster changes: 14597	Max. centroid distance: 12.948539
[10] Cluster changes: 11618	Max. centroid distance: 8.742235
[11] Cluster changes: 10910	Max. centroid distance: 8.471325
[12] Cluster changes: 9761	Max. centroid distance: 7.519210
[13] Cluster changes: 8202	Max. centroid distance: 7.496516
[14] Cluster changes: 7511	Max. centroid distance: 7.082099
[15] Cluster changes: 8174	Max. centroid distance: 7.308918
[16] Cluster changes: 6997	Max. centroid distance: 7.650540
[17] Cluster changes: 6338	Max. centroid distance: 6.541441
[18] Cluster changes: 6361	Max. centroid distance: 7.768013
[19] Cluster changes: 6063	Max. centroid distance: 9.221960
[20] Cluster changes: 5822	Max. centroid distance: 10.031506
[21] Cluster changes: 5846	Max. centroid distance: 9.991638
[22] Cluster changes: 5857	Max. centroid distance: 8.918998
[23] Cluster changes: 6004	Max. centroid distance: 7.204246
[24] Cluster changes: 5976	Max. centroid distance: 7.429132
[25] Cluster changes: 5450	Max. centroid distance: 7.536283
[26] Cluster changes: 5205	Max. centroid distance: 5.337542
[27] Cluster changes: 5299	Max. centroid distance: 7.080690
[28] Cluster changes: 4955	Max. centroid distance: 7.744119
[29] Cluster changes: 4734	Max. centroid distance: 7.783808
[30] Cluster changes: 4076	Max. centroid distance: 7.325576
[31] Cluster changes: 4167	Max. centroid distance: 8.454470
[32] Cluster changes: 3979	Max. centroid distance: 5.906397
[33] Cluster changes: 3331	Max. centroid distance: 5.779912
[34] Cluster changes: 3200	Max. centroid distance: 5.181407
[35] Cluster changes: 2915	Max. centroid distance: 4.553880
[36] Cluster changes: 2413	Max. centroid distance: 5.516307
[37] Cluster changes: 2272	Max. centroid distance: 4.786391
[38] Cluster changes: 2331	Max. centroid distance: 3.541652
[39] Cluster changes: 1583	Max. centroid distance: 3.704242
[40] Cluster changes: 1575	Max. centroid distance: 4.270122
[41] Cluster changes: 1683	Max. centroid distance: 4.385488
[42] Cluster changes: 1583	Max. centroid distance: 4.572369
[43] Cluster changes: 1599	Max. centroid distance: 6.010922
[44] Cluster changes: 1804	Max. centroid distance: 4.152709
[45] Cluster changes: 1833	Max. centroid distance: 6.055408
[46] Cluster changes: 2522	Max. centroid distance: 7.056117
[47] Cluster changes: 2305	Max. centroid distance: 5.468262
[48] Cluster changes: 1889	Max. centroid distance: 5.516357
[49] Cluster changes: 2156	Max. centroid distance: 6.842417
[50] Cluster changes: 1940	Max. centroid distance: 6.318602
[51] Cluster changes: 2306	Max. centroid distance: 7.150753
[52] Cluster changes: 2072	Max. centroid distance: 6.169275
[53] Cluster changes: 2386	Max. centroid distance: 5.816368
[54] Cluster changes: 1972	Max. centroid distance: 5.087062
[55] Cluster changes: 1683	Max. centroid distance: 3.914515
[56] Cluster changes: 1506	Max. centroid distance: 3.791576
[57] Cluster changes: 1754	Max. centroid distance: 4.137856
[58] Cluster changes: 1539	Max. centroid distance: 3.951633
[59] Cluster changes: 1209	Max. centroid distance: 4.824308
[60] Cluster changes: 1336	Max. centroid distance: 5.868974
[61] Cluster changes: 1709	Max. centroid distance: 7.021386
[62] Cluster changes: 1403	Max. centroid distance: 6.221752
[63] Cluster changes: 1323	Max. centroid distance: 7.038933
[64] Cluster changes: 1923	Max. centroid distance: 8.271770
[65] Cluster changes: 1656	Max. centroid distance: 8.922066
[66] Cluster changes: 1649	Max. centroid distance: 7.897501
[67] Cluster changes: 1719	Max. centroid distance: 6.469164
[68] Cluster changes: 1514	Max. centroid distance: 6.039340
[69] Cluster changes: 1491	Max. centroid distance: 4.433760
[70] Cluster changes: 1437	Max. centroid distance: 3.615864
[71] Cluster changes: 1560	Max. centroid distance: 3.864389
[72] Cluster changes: 1642	Max. centroid distance: 3.954695
[73] Cluster changes: 1529	Max. centroid distance: 5.082468
[74] Cluster changes: 1459	Max. centroid distance: 5.288494
[75] Cluster changes: 1668	Max. centroid distance: 5.478706
[76] Cluster changes: 1431	Max. centroid distance: 7.125212
[77] Cluster changes: 1558	Max. centroid distance: 6.470483
[78] Cluster changes: 1400	Max. centroid distance: 7.106062
[79] Cluster changes: 1580	Max. centroid distance: 5.443857
[80] Cluster changes: 1281	Max. centroid distance: 6.109335
[81] Cluster changes: 1266	Max. centroid distance: 4.633431
[82] Cluster changes: 1139	Max. centroid distance: 4.645810
[83] Cluster changes: 981	Max. centroid distance: 3.640512
[84] Cluster changes: 648	Max. centroid distance: 2.484069
[85] Cluster changes: 646	Max. centroid distance: 1.914307
[86] Cluster changes: 533	Max. centroid distance: 2.143784
[87] Cluster changes: 404	Max. centroid distance: 1.390578
Computation: 30.939206 seconds

Termination condition:
Minimum number of changes reached: 404 [500]

Memory deallocation: 30.944369 seconds
