
	Data file: test_files/input8D.inp 
	Points: 50000
	Dimensions: 8
	Number of clusters: 128
	Maximum number of iterations: 1000
	Minimum number of changes: 500 [1% of 50000 points]
	Maximum centroid precision: 1.000000

Memory allocation: 0.049926 seconds

[1] Cluster changes: 430000	Max. centroid distance: 61.811630
[2] Cluster changes: 102614	Max. centroid distance: 27.347404
[3] Cluster changes: 53216	Max. centroid distance: 18.342407
[4] Cluster changes: 35941	Max. centroid distance: 18.134325
[5] Cluster changes: 26827	Max. centroid distance: 18.782511
[6] Cluster changes: 22216	Max. centroid distance: 15.418387
[7] Cluster changes: 18173	Max. centroid distance: 14.347182
[8] Cluster changes: 16055	Max. centroid distance: 13.835787
[9] Cluster changes: 15121	Max. centroid distance: 12.948539
[10] Cluster changes: 11661	Max. centroid distance: 8.742235
[11] Cluster changes: 11448	Max. centroid distance: 8.471325
[12] Cluster changes: 10625	Max. centroid distance: 7.519210
[13] Cluster changes: 8697	Max. centroid distance: 7.496516
[14] Cluster changes: 7774	Max. centroid distance: 7.082099
[15] Cluster changes: 8393	Max. centroid distance: 7.308918
[16] Cluster changes: 7490	Max. centroid distance: 7.650540
[17] Cluster changes: 6673	Max. centroid distance: 6.541441
[18] Cluster changes: 6487	Max. centroid distance: 7.768013
[19] Cluster changes: 6203	Max. centroid distance: 9.221960
[20] Cluster changes: 6156	Max. centroid distance: 10.031506
[21] Cluster changes: 6192	Max. centroid distance: 9.991638
[22] Cluster changes: 6007	Max. centroid distance: 8.918998
[23] Cluster changes: 6280	Max. centroid distance: 7.204246
[24] Cluster changes: 6262	Max. centroid distance: 7.429132
[25] Cluster changes: 5650	Max. centroid distance: 7.536283
[26] Cluster changes: 5476	Max. centroid distance: 5.337542
[27] Cluster changes: 5573	Max. centroid distance: 7.080690
[28] Cluster changes: 5327	Max. centroid distance: 7.744119
[29] Cluster changes: 4994	Max. centroid distance: 7.783808
[30] Cluster changes: 4390	Max. centroid distance: 7.325576
[31] Cluster changes: 4411	Max. centroid distance: 8.454470
[32] Cluster changes: 4035	Max. centroid distance: 5.906397
[33] Cluster changes: 3449	Max. centroid distance: 5.779912
[34] Cluster changes: 3204	Max. centroid distance: 5.181407
[35] Cluster changes: 2981	Max. centroid distance: 4.553880
[36] Cluster changes: 2505	Max. centroid distance: 5.516307
[37] Cluster changes: 2303	Max. centroid distance: 4.786391
[38] Cluster changes: 2462	Max. centroid distance: 3.541652
[39] Cluster changes: 1625	Max. centroid distance: 3.704242
[40] Cluster changes: 1575	Max. centroid distance: 4.270122
[41] Cluster changes: 1714	Max. centroid distance: 4.385488
[42] Cluster changes: 1575	Max. centroid distance: 4.572369
[43] Cluster changes: 776	Max. centroid distance: 6.010922
[44] Cluster changes: 1832	Max. centroid distance: 4.152709
[45] Cluster changes: 1952	Max. centroid distance: 6.055408
[46] Cluster changes: 2604	Max. centroid distance: 7.056117
[47] Cluster changes: 2405	Max. centroid distance: 5.468262
[48] Cluster changes: 1922	Max. centroid distance: 5.516357
[49] Cluster changes: 2131	Max. centroid distance: 6.842417
[50] Cluster changes: 1982	Max. centroid distance: 6.318602
[51] Cluster changes: 2256	Max. centroid distance: 7.150753
[52] Cluster changes: 2060	Max. centroid distance: 6.169275
[53] Cluster changes: 2405	Max. centroid distance: 5.816368
[54] Cluster changes: 1996	Max. centroid distance: 5.087062
[55] Cluster changes: 1653	Max. centroid distance: 3.914515
[56] Cluster changes: 1527	Max. centroid distance: 3.791576
[57] Cluster changes: 1764	Max. centroid distance: 4.137856
[58] Cluster changes: 1600	Max. centroid distance: 3.951633
[59] Cluster changes: 1266	Max. centroid distance: 4.824308
[60] Cluster changes: 1361	Max. centroid distance: 5.868974
[61] Cluster changes: 1709	Max. centroid distance: 7.021386
[62] Cluster changes: 1454	Max. centroid distance: 6.221752
[63] Cluster changes: 1153	Max. centroid distance: 7.038933
[64] Cluster changes: 1967	Max. centroid distance: 8.271770
[65] Cluster changes: 1735	Max. centroid distance: 8.922066
[66] Cluster changes: 1674	Max. centroid distance: 7.897501
[67] Cluster changes: 1752	Max. centroid distance: 6.469164
[68] Cluster changes: 1638	Max. centroid distance: 6.039340
[69] Cluster changes: 1554	Max. centroid distance: 4.433760
[70] Cluster changes: 1450	Max. centroid distance: 3.615864
[71] Cluster changes: 1619	Max. centroid distance: 3.864389
[72] Cluster changes: 1666	Max. centroid distance: 3.954695
[73] Cluster changes: 1549	Max. centroid distance: 5.082468
[74] Cluster changes: 1510	Max. centroid distance: 5.288494
[75] Cluster changes: 1728	Max. centroid distance: 5.478706
[76] Cluster changes: 1484	Max. centroid distance: 7.125212
[77] Cluster changes: 1555	Max. centroid distance: 6.470483
[78] Cluster changes: 1472	Max. centroid distance: 7.106062
[79] Cluster changes: 1636	Max. centroid distance: 5.443857
[80] Cluster changes: 1301	Max. centroid distance: 6.109335
[81] Cluster changes: 1334	Max. centroid distance: 4.633431
[82] Cluster changes: 1161	Max. centroid distance: 4.645810
[83] Cluster changes: 921	Max. centroid distance: 3.640512
[84] Cluster changes: 654	Max. centroid distance: 2.484069
[85] Cluster changes: 650	Max. centroid distance: 1.914307
[86] Cluster changes: 557	Max. centroid distance: 2.143784
[87] Cluster changes: 412	Max. centroid distance: 1.390578
Computation: 30.936602 seconds

Termination condition:
Minimum number of changes reached: 412 [500]

Memory deallocation: 30.941719 seconds
