
	Data file: test_files/input8D.inp 
	Points: 50000
	Dimensions: 8
	Number of clusters: 128
	Maximum number of iterations: 1000
	Minimum number of changes: 500 [1% of 50000 points]
	Maximum centroid precision: 1.000000

Memory allocation: 0.050657 seconds

[1] Cluster changes: 410668	Max. centroid distance: 61.811630
[2] Cluster changes: 108169	Max. centroid distance: 27.347404
[3] Cluster changes: 50715	Max. centroid distance: 18.342407
[4] Cluster changes: 34416	Max. centroid distance: 18.134325
[5] Cluster changes: 25776	Max. centroid distance: 18.782511
[6] Cluster changes: 20580	Max. centroid distance: 15.418387
[7] Cluster changes: 18326	Max. centroid distance: 14.347182
[8] Cluster changes: 16019	Max. centroid distance: 13.835787
[9] Cluster changes: 14504	Max. centroid distance: 12.948539
[10] Cluster changes: 11626	Max. centroid distance: 8.742235
[11] Cluster changes: 11349	Max. centroid distance: 8.471325
[12] Cluster changes: 10402	Max. centroid distance: 7.519210
[13] Cluster changes: 8535	Max. centroid distance: 7.496516
[14] Cluster changes: 8069	Max. centroid distance: 7.082099
[15] Cluster changes: 8324	Max. centroid distance: 7.308918
[16] Cluster changes: 7455	Max. centroid distance: 7.650540
[17] Cluster changes: 6630	Max. centroid distance: 6.541441
[18] Cluster changes: 6492	Max. centroid distance: 7.768013
[19] Cluster changes: 6229	Max. centroid distance: 9.221960
[20] Cluster changes: 6166	Max. centroid distance: 10.031506
[21] Cluster changes: 6051	Max. centroid distance: 9.991638
[22] Cluster changes: 6092	Max. centroid distance: 8.918998
[23] Cluster changes: 6341	Max. centroid distance: 7.204246
[24] Cluster changes: 5941	Max. centroid distance: 7.429132
[25] Cluster changes: 5495	Max. centroid distance: 7.536283
[26] Cluster changes: 5477	Max. centroid distance: 5.337542
[27] Cluster changes: 5489	Max. centroid distance: 7.080690
[28] Cluster changes: 5313	Max. centroid distance: 7.744119
[29] Cluster changes: 4860	Max. centroid distance: 7.783808
[30] Cluster changes: 4226	Max. centroid distance: 7.325576
[31] Cluster changes: 4392	Max. centroid distance: 8.454470
[32] Cluster changes: 4146	Max. centroid distance: 5.906397
[33] Cluster changes: 3432	Max. centroid distance: 5.779912
[34] Cluster changes: 3295	Max. centroid distance: 5.181407
[35] Cluster changes: 3094	Max. centroid distance: 4.553880
[36] Cluster changes: 2591	Max. centroid distance: 5.516307
[37] Cluster changes: 2412	Max. centroid distance: 4.786391
[38] Cluster changes: 2383	Max. centroid distance: 3.541652
[39] Cluster changes: 1596	Max. centroid distance: 3.704242
[40] Cluster changes: 1597	Max. centroid distance: 4.270122
[41] Cluster changes: 1742	Max. centroid distance: 4.385488
[42] Cluster changes: 1588	Max. centroid distance: 4.572369
[43] Cluster changes: 1635	Max. centroid distance: 6.010922
[44] Cluster changes: 1896	Max. centroid distance: 4.152709
[45] Cluster changes: 1778	Max. centroid distance: 6.055408
[46] Cluster changes: 2707	Max. centroid distance: 7.056117
[47] Cluster changes: 2429	Max. centroid distance: 5.468262
[48] Cluster changes: 1999	Max. centroid distance: 5.516357
[49] Cluster changes: 2199	Max. centroid distance: 6.842417
[50] Cluster changes: 2088	Max. centroid distance: 6.318602
[51] Cluster changes: 2411	Max. centroid distance: 7.150753
[52] Cluster changes: 2106	Max. centroid distance: 6.169275
[53] Cluster changes: 2360	Max. centroid distance: 5.816368
[54] Cluster changes: 2036	Max. centroid distance: 5.087062
[55] Cluster changes: 1707	Max. centroid distance: 3.914515
[56] Cluster changes: 1480	Max. centroid distance: 3.791576
[57] Cluster changes: 1787	Max. centroid distance: 4.137856
[58] Cluster changes: 1593	Max. centroid distance: 3.951633
[59] Cluster changes: 1238	Max. centroid distance: 4.824308
[60] Cluster changes: 1379	Max. centroid distance: 5.868974
[61] Cluster changes: 1661	Max. centroid distance: 7.021386
[62] Cluster changes: 1364	Max. centroid distance: 6.221752
[63] Cluster changes: 1294	Max. centroid distance: 7.038933
[64] Cluster changes: 2023	Max. centroid distance: 8.271770
[65] Cluster changes: 1812	Max. centroid distance: 8.922066
[66] Cluster changes: 1716	Max. centroid distance: 7.897501
[67] Cluster changes: 1781	Max. centroid distance: 6.469164
[68] Cluster changes: 1694	Max. centroid distance: 6.039340
[69] Cluster changes: 1603	Max. centroid distance: 4.433760
[70] Cluster changes: 1515	Max. centroid distance: 3.615864
[71] Cluster changes: 1655	Max. centroid distance: 3.864389
[72] Cluster changes: 1757	Max. centroid distance: 3.954695
[73] Cluster changes: 1590	Max. centroid distance: 5.082468
[74] Cluster changes: 1543	Max. centroid distance: 5.288494
[75] Cluster changes: 1826	Max. centroid distance: 5.478706
[76] Cluster changes: 1511	Max. centroid distance: 7.125212
[77] Cluster changes: 1684	Max. centroid distance: 6.470483
[78] Cluster changes: 1495	Max. centroid distance: 7.106062
[79] Cluster changes: 1667	Max. centroid distance: 5.443857
[80] Cluster changes: 1347	Max. centroid distance: 6.109335
[81] Cluster changes: 1362	Max. centroid distance: 4.633431
[82] Cluster changes: 1212	Max. centroid distance: 4.645810
[83] Cluster changes: 1028	Max. centroid distance: 3.640512
[84] Cluster changes: 659	Max. centroid distance: 2.484069
[85] Cluster changes: 665	Max. centroid distance: 1.914307
[86] Cluster changes: 580	Max. centroid distance: 2.143784
[87] Cluster changes: 418	Max. centroid distance: 1.390578
Computation: 30.947349 seconds

Termination condition:
Minimum number of changes reached: 418 [500]

Memory deallocation: 30.952426 seconds
