
	Data file: test_files/input8D.inp 
	Points: 50000
	Dimensions: 8
	Number of clusters: 128
	Maximum number of iterations: 1000
	Minimum number of changes: 500 [1% of 50000 points]
	Maximum centroid precision: 1.000000

Memory allocation: 0.050733 seconds

[1] Cluster changes: 418504	Max. centroid distance: 61.811630
[2] Cluster changes: 117307	Max. centroid distance: 27.347404
[3] Cluster changes: 53210	Max. centroid distance: 18.342407
[4] Cluster changes: 35722	Max. centroid distance: 18.134325
[5] Cluster changes: 25786	Max. centroid distance: 18.782511
[6] Cluster changes: 21307	Max. centroid distance: 15.418387
[7] Cluster changes: 19174	Max. centroid distance: 14.347182
[8] Cluster changes: 17225	Max. centroid distance: 13.835787
[9] Cluster changes: 15349	Max. centroid distance: 12.948539
[10] Cluster changes: 11685	Max. centroid distance: 8.742235
[11] Cluster changes: 11643	Max. centroid distance: 8.471325
[12] Cluster changes: 10696	Max. centroid distance: 7.519210
[13] Cluster changes: 8520	Max. centroid distance: 7.496516
[14] Cluster changes: 7783	Max. centroid distance: 7.082099
[15] Cluster changes: 8579	Max. centroid distance: 7.308918
[16] Cluster changes: 7527	Max. centroid distance: 7.650540
[17] Cluster changes: 6796	Max. centroid distance: 6.541441
[18] Cluster changes: 6498	Max. centroid distance: 7.768013
[19] Cluster changes: 6198	Max. centroid distance: 9.221960
[20] Cluster changes: 6103	Max. centroid distance: 10.031506
[21] Cluster changes: 6172	Max. centroid distance: 9.991638
[22] Cluster changes: 6103	Max. centroid distance: 8.918998
[23] Cluster changes: 6297	Max. centroid distance: 7.204246
[24] Cluster changes: 6097	Max. centroid distance: 7.429132
[25] Cluster changes: 5543	Max. centroid distance: 7.536283
[26] Cluster changes: 5339	Max. centroid distance: 5.337542
[27] Cluster changes: 5647	Max. centroid distance: 7.080690
[28] Cluster changes: 5240	Max. centroid distance: 7.744119
[29] Cluster changes: 5025	Max. centroid distance: 7.783808
[30] Cluster changes: 4372	Max. centroid distance: 7.325576
[31] Cluster changes: 4332	Max. centroid distance: 8.454470
[32] Cluster changes: 4169	Max. centroid distance: 5.906397
[33] Cluster changes: 3435	Max. centroid distance: 5.779912
[34] Cluster changes: 3249	Max. centroid distance: 5.181407
[35] Cluster changes: 2979	Max. centroid distance: 4.553880
[36] Cluster changes: 2502	Max. centroid distance: 5.516307
[37] Cluster changes: 2339	Max. centroid distance: 4.786391
[38] Cluster changes: 2366	Max. centroid distance: 3.541652
[39] Cluster changes: 1545	Max. centroid distance: 3.704242
[40] Cluster changes: 1557	Max. centroid distance: 4.270122
[41] Cluster changes: 1677	Max. centroid distance: 4.385488
[42] Cluster changes: 1576	Max. centroid distance: 4.572369
[43] Cluster changes: 1605	Max. centroid distance: 6.010922
[44] Cluster changes: 1802	Max. centroid distance: 4.152709
[45] Cluster changes: 1882	Max. centroid distance: 6.055408
[46] Cluster changes: 2564	Max. centroid distance: 7.056117
[47] Cluster changes: 2250	Max. centroid distance: 5.468262
[48] Cluster changes: 1889	Max. centroid distance: 5.516357
[49] Cluster changes: 2049	Max. centroid distance: 6.842417
[50] Cluster changes: 1968	Max. centroid distance: 6.318602
[51] Cluster changes: 2314	Max. centroid distance: 7.150753
[52] Cluster changes: 2112	Max. centroid distance: 6.169275
[53] Cluster changes: 2405	Max. centroid distance: 5.816368
[54] Cluster changes: 1992	Max. centroid distance: 5.087062
[55] Cluster changes: 1747	Max. centroid distance: 3.914515
[56] Cluster changes: 1541	Max. centroid distance: 3.791576
[57] Cluster changes: 1835	Max. centroid distance: 4.137856
[58] Cluster changes: 1581	Max. centroid distance: 3.951633
[59] Cluster changes: 1246	Max. centroid distance: 4.824308
[60] Cluster changes: 1363	Max. centroid distance: 5.868974
[61] Cluster changes: 1681	Max. centroid distance: 7.021386
[62] Cluster changes: 1396	Max. centroid distance: 6.221752
[63] Cluster changes: 1370	Max. centroid distance: 7.038933
[64] Cluster changes: 1986	Max. centroid distance: 8.271770
[65] Cluster changes: 1732	Max. centroid distance: 8.922066
[66] Cluster changes: 1743	Max. centroid distance: 7.897501
[67] Cluster changes: 1768	Max. centroid distance: 6.469164
[68] Cluster changes: 1658	Max. centroid distance: 6.039340
[69] Cluster changes: 1605	Max. centroid distance: 4.433760
[70] Cluster changes: 1461	Max. centroid distance: 3.615864
[71] Cluster changes: 1647	Max. centroid distance: 3.864389
[72] Cluster changes: 1672	Max. centroid distance: 3.954695
[73] Cluster changes: 1555	Max. centroid distance: 5.082468
[74] Cluster changes: 1491	Max. centroid distance: 5.288494
[75] Cluster changes: 1755	Max. centroid distance: 5.478706
[76] Cluster changes: 1516	Max. centroid distance: 7.125212
[77] Cluster changes: 1643	Max. centroid distance: 6.470483
[78] Cluster changes: 1485	Max. centroid distance: 7.106062
[79] Cluster changes: 1678	Max. centroid distance: 5.443857
[80] Cluster changes: 1382	Max. centroid distance: 6.109335
[81] Cluster changes: 1315	Max. centroid distance: 4.633431
[82] Cluster changes: 1196	Max. centroid distance: 4.645810
[83] Cluster changes: 949	Max. centroid distance: 3.640512
[84] Cluster changes: 654	Max. centroid distance: 2.484069
[85] Cluster changes: 658	Max. centroid distance: 1.914307
[86] Cluster changes: 577	Max. centroid distance: 2.143784
[87] Cluster changes: 413	Max. centroid distance: 1.390578
Computation: 30.937442 seconds

Termination condition:
Minimum number of changes reached: 413 [500]

Memory deallocation: 30.942481 seconds
