
	Data file: test_files/input8D.inp 
	Points: 50000
	Dimensions: 8
	Number of clusters: 128
	Maximum number of iterations: 1000
	Minimum number of changes: 500 [1% of 50000 points]
	Maximum centroid precision: 1.000000

Memory allocation: 0.050663 seconds

[1] Cluster changes: 441252	Max. centroid distance: 61.811630
[2] Cluster changes: 113456	Max. centroid distance: 27.347404
[3] Cluster changes: 53225	Max. centroid distance: 18.342407
[4] Cluster changes: 34918	Max. centroid distance: 18.134325
[5] Cluster changes: 27114	Max. centroid distance: 18.782511
[6] Cluster changes: 22260	Max. centroid distance: 15.418387
[7] Cluster changes: 19389	Max. centroid distance: 14.347182
[8] Cluster changes: 17269	Max. centroid distance: 13.835787
[9] Cluster changes: 15710	Max. centroid distance: 12.948539
[10] Cluster changes: 6775	Max. centroid distance: 8.742235
[11] Cluster changes: 11420	Max. centroid distance: 8.471325
[12] Cluster changes: 10376	Max. centroid distance: 7.519210
[13] Cluster changes: 8561	Max. centroid distance: 7.496516
[14] Cluster changes: 7751	Max. centroid distance: 7.082099
[15] Cluster changes: 8178	Max. centroid distance: 7.308918
[16] Cluster changes: 7125	Max. centroid distance: 7.650540
[17] Cluster changes: 6601	Max. centroid distance: 6.541441
[18] Cluster changes: 6385	Max. centroid distance: 7.768013
[19] Cluster changes: 6063	Max. centroid distance: 9.221960
[20] Cluster changes: 5993	Max. centroid distance: 10.031506
[21] Cluster changes: 5893	Max. centroid distance: 9.991638
[22] Cluster changes: 6181	Max. centroid distance: 8.918998
[23] Cluster changes: 6316	Max. centroid distance: 7.204246
[24] Cluster changes: 5914	Max. centroid distance: 7.429132
[25] Cluster changes: 5449	Max. centroid distance: 7.536283
[26] Cluster changes: 5324	Max. centroid distance: 5.337542
[27] Cluster changes: 5364	Max. centroid distance: 7.080690
[28] Cluster changes: 5129	Max. centroid distance: 7.744119
[29] Cluster changes: 5005	Max. centroid distance: 7.783808
[30] Cluster changes: 3634	Max. centroid distance: 7.325576
[31] Cluster changes: 4291	Max. centroid distance: 8.454470
[32] Cluster changes: 4079	Max. centroid distance: 5.906397
[33] Cluster changes: 3381	Max. centroid distance: 5.779912
[34] Cluster changes: 3260	Max. centroid distance: 5.181407
[35] Cluster changes: 2970	Max. centroid distance: 4.553880
[36] Cluster changes: 2390	Max. centroid distance: 5.516307
[37] Cluster changes: 2230	Max. centroid distance: 4.786391
[38] Cluster changes: 2349	Max. centroid distance: 3.541652
[39] Cluster changes: 1554	Max. centroid distance: 3.704242
[40] Cluster changes: 1535	Max. centroid distance: 4.270122
[41] Cluster changes: 1690	Max. centroid distance: 4.385488
[42] Cluster changes: 1484	Max. centroid distance: 4.572369
[43] Cluster changes: 1579	Max. centroid distance: 6.010922
[44] Cluster changes: 1786	Max. centroid distance: 4.152709
[45] Cluster changes: 1889	Max. centroid distance: 6.055408
[46] Cluster changes: 2525	Max. centroid distance: 7.056117
[47] Cluster changes: 2329	Max. centroid distance: 5.468262
[48] Cluster changes: 1917	Max. centroid distance: 5.516357
[49] Cluster changes: 2059	Max. centroid distance: 6.842417
[50] Cluster changes: 1970	Max. centroid distance: 6.318602
[51] Cluster changes: 2340	Max. centroid distance: 7.150753
[52] Cluster changes: 2098	Max. centroid distance: 6.169275
[53] Cluster changes: 2438	Max. centroid distance: 5.816368
[54] Cluster changes: 1970	Max. centroid distance: 5.087062
[55] Cluster changes: 1741	Max. centroid distance: 3.914515
[56] Cluster changes: 1567	Max. centroid distance: 3.791576
[57] Cluster changes: 1819	Max. centroid distance: 4.137856
[58] Cluster changes: 1608	Max. centroid distance: 3.951633
[59] Cluster changes: 1237	Max. centroid distance: 4.824308
[60] Cluster changes: 1415	Max. centroid distance: 5.868974
[61] Cluster changes: 1658	Max. centroid distance: 7.021386
[62] Cluster changes: 1422	Max. centroid distance: 6.221752
[63] Cluster changes: 1354	Max. centroid distance: 7.038933
[64] Cluster changes: 2037	Max. centroid distance: 8.271770
[65] Cluster changes: 1729	Max. centroid distance: 8.922066
[66] Cluster changes: 1764	Max. centroid distance: 7.897501
[67] Cluster changes: 1769	Max. centroid distance: 6.469164
[68] Cluster changes: 1605	Max. centroid distance: 6.039340
[69] Cluster changes: 1556	Max. centroid distance: 4.433760
[70] Cluster changes: 1389	Max. centroid distance: 3.615864
[71] Cluster changes: 1660	Max. centroid distance: 3.864389
[72] Cluster changes: 1711	Max. centroid distance: 3.954695
[73] Cluster changes: 1547	Max. centroid distance: 5.082468
[74] Cluster changes: 1500	Max. centroid distance: 5.288494
[75] Cluster changes: 1779	Max. centroid distance: 5.478706
[76] Cluster changes: 1519	Max. centroid distance: 7.125212
[77] Cluster changes: 1626	Max. centroid distance: 6.470483
[78] Cluster changes: 1485	Max. centroid distance: 7.106062
[79] Cluster changes: 1631	Max. centroid distance: 5.443857
[80] Cluster changes: 1299	Max. centroid distance: 6.109335
[81] Cluster changes: 1326	Max. centroid distance: 4.633431
[82] Cluster changes: 1230	Max. centroid distance: 4.645810
[83] Cluster changes: 1020	Max. centroid distance: 3.640512
[84] Cluster changes: 671	Max. centroid distance: 2.484069
[85] Cluster changes: 662	Max. centroid distance: 1.914307
[86] Cluster changes: 553	Max. centroid distance: 2.143784
[87] Cluster changes: 413	Max. centroid distance: 1.390578
Computation: 30.940133 seconds

Termination condition:
Minimum number of changes reached: 413 [500]

Memory deallocation: 30.945312 seconds
