
	Data file: test_files/input100D.inp 
	Points: 10000
	Dimensions: 100
	Number of clusters: 10
	Maximum number of iterations: 100
	Minimum number of changes: 1 [0.01% of 10000 points]
	Maximum centroid precision: 0.001000

Memory allocation: 0.113430 seconds

[1] Cluster changes: 10000	Max. centroid distance: 490.976868
[2] Cluster changes: 1910	Max. centroid distance: 29.005476
[3] Cluster changes: 1079	Max. centroid distance: 18.389614
[4] Cluster changes: 789	Max. centroid distance: 13.489411
[5] Cluster changes: 597	Max. centroid distance: 10.670569
[6] Cluster changes: 515	Max. centroid distance: 9.648874
[7] Cluster changes: 433	Max. centroid distance: 8.594562
[8] Cluster changes: 389	Max. centroid distance: 8.236217
[9] Cluster changes: 314	Max. centroid distance: 7.130926
[10] Cluster changes: 312	Max. centroid distance: 7.133368
[11] Cluster changes: 305	Max. centroid distance: 7.002308
[12] Cluster changes: 262	Max. centroid distance: 5.746321
[13] Cluster changes: 261	Max. centroid distance: 6.015434
[14] Cluster changes: 203	Max. centroid distance: 5.224417
[15] Cluster changes: 205	Max. centroid distance: 5.681152
[16] Cluster changes: 188	Max. centroid distance: 4.763060
[17] Cluster changes: 172	Max. centroid distance: 4.989727
[18] Cluster changes: 172	Max. centroid distance: 5.333453
[19] Cluster changes: 147	Max. centroid distance: 4.314381
[20] Cluster changes: 130	Max. centroid distance: 3.784754
[21] Cluster changes: 116	Max. centroid distance: 3.821110
[22] Cluster changes: 90	Max. centroid distance: 3.232862
[23] Cluster changes: 86	Max. centroid distance: 3.572460
[24] Cluster changes: 75	Max. centroid distance: 3.370803
[25] Cluster changes: 67	Max. centroid distance: 2.717257
[26] Cluster changes: 60	Max. centroid distance: 2.783043
[27] Cluster changes: 56	Max. centroid distance: 2.676978
[28] Cluster changes: 67	Max. centroid distance: 3.432387
[29] Cluster changes: 68	Max. centroid distance: 3.280733
[30] Cluster changes: 59	Max. centroid distance: 2.761948
[31] Cluster changes: 53	Max. centroid distance: 2.654333
[32] Cluster changes: 52	Max. centroid distance: 3.204493
[33] Cluster changes: 44	Max. centroid distance: 3.238376
[34] Cluster changes: 50	Max. centroid distance: 3.325789
[35] Cluster changes: 54	Max. centroid distance: 3.236159
[36] Cluster changes: 46	Max. centroid distance: 2.722179
[37] Cluster changes: 49	Max. centroid distance: 2.348836
[38] Cluster changes: 43	Max. centroid distance: 2.200184
[39] Cluster changes: 37	Max. centroid distance: 2.337221
[40] Cluster changes: 41	Max. centroid distance: 2.805487
[41] Cluster changes: 29	Max. centroid distance: 1.971129
[42] Cluster changes: 19	Max. centroid distance: 1.476345
[43] Cluster changes: 24	Max. centroid distance: 1.718342
[44] Cluster changes: 26	Max. centroid distance: 1.726133
[45] Cluster changes: 27	Max. centroid distance: 1.679008
[46] Cluster changes: 19	Max. centroid distance: 1.685500
[47] Cluster changes: 22	Max. centroid distance: 1.567179
[48] Cluster changes: 20	Max. centroid distance: 1.633374
[49] Cluster changes: 27	Max. centroid distance: 1.932621
[50] Cluster changes: 28	Max. centroid distance: 2.124281
[51] Cluster changes: 32	Max. centroid distance: 2.496019
[52] Cluster changes: 25	Max. centroid distance: 2.471399
[53] Cluster changes: 36	Max. centroid distance: 2.285182
[54] Cluster changes: 34	Max. centroid distance: 2.135445
[55] Cluster changes: 42	Max. centroid distance: 2.094512
[56] Cluster changes: 38	Max. centroid distance: 2.241363
[57] Cluster changes: 33	Max. centroid distance: 2.109483
[58] Cluster changes: 27	Max. centroid distance: 1.746179
[59] Cluster changes: 36	Max. centroid distance: 2.122539
[60] Cluster changes: 33	Max. centroid distance: 2.368058
[61] Cluster changes: 33	Max. centroid distance: 2.187005
[62] Cluster changes: 26	Max. centroid distance: 1.943474
[63] Cluster changes: 17	Max. centroid distance: 1.584731
[64] Cluster changes: 17	Max. centroid distance: 1.858314
[65] Cluster changes: 15	Max. centroid distance: 1.570958
[66] Cluster changes: 17	Max. centroid distance: 1.465603
[67] Cluster changes: 7	Max. centroid distance: 1.042110
[68] Cluster changes: 3	Max. centroid distance: 0.786961
[69] Cluster changes: 3	Max. centroid distance: 0.827102
[70] Cluster changes: 7	Max. centroid distance: 1.253572
[71] Cluster changes: 4	Max. centroid distance: 0.904423
[72] Cluster changes: 4	Max. centroid distance: 0.743310
[73] Cluster changes: 4	Max. centroid distance: 0.854032
[74] Cluster changes: 3	Max. centroid distance: 0.804231
[75] Cluster changes: 1	Max. centroid distance: 0.558321
Computation: 0.416409 seconds

Termination condition:
Minimum number of changes reached: 1 [1]

Memory deallocation: 0.002338 seconds
