000 (317323.017.000) 2025-02-06 23:04:06 Job submitted from host: <192.168.0.102:9618?addrs=192.168.0.102-9618&alias=submitter&noUDP&sock=schedd_4045053_7bc0>
...
001 (317323.017.000) 2025-02-06 23:09:02 Job executing on host: <192.168.0.138:9618?addrs=192.168.0.138-9618&alias=node138.di.rm1&noUDP&sock=startd_2998744_89a3>
...
006 (317323.017.000) 2025-02-06 23:09:10 Image size of job updated: 25912
	13  -  MemoryUsage of job (MB)
	12580  -  ResidentSetSize of job (KB)
...
005 (317323.017.000) 2025-02-06 23:09:12 Job terminated.
	(1) Normal termination (return value 0)
		Usr 0 00:00:20, Sys 0 00:00:00  -  Run Remote Usage
		Usr 0 00:00:00, Sys 0 00:00:00  -  Run Local Usage
		Usr 0 00:00:20, Sys 0 00:00:00  -  Total Remote Usage
		Usr 0 00:00:00, Sys 0 00:00:00  -  Total Local Usage
	0  -  Run Bytes Sent By Job
	0  -  Run Bytes Received By Job
	0  -  Total Bytes Sent By Job
	0  -  Total Bytes Received By Job
	Partitionable Resources :    Usage  Request Allocated 
	   Cpus                 :                64        64 
	   Disk (KB)            :       25       25    474244 
	   Memory (MB)          :       13        1       128 

	Job terminated of its own accord at 2025-02-06T23:09:12Z with exit-code 0.
...
000 (319502.017.000) 2025-02-07 00:09:04 Job submitted from host: <192.168.0.102:9618?addrs=192.168.0.102-9618&alias=submitter&noUDP&sock=schedd_4045053_7bc0>
...
001 (319502.017.000) 2025-02-07 01:52:42 Job executing on host: <192.168.0.132:9618?addrs=192.168.0.132-9618&alias=node132.di.rm1&noUDP&sock=startd_1999_b9e8>
...
006 (319502.017.000) 2025-02-07 01:52:50 Image size of job updated: 15884
	13  -  MemoryUsage of job (MB)
	12980  -  ResidentSetSize of job (KB)
...
006 (319502.017.000) 2025-02-07 01:52:54 Image size of job updated: 19028
	13  -  MemoryUsage of job (MB)
	12980  -  ResidentSetSize of job (KB)
...
005 (319502.017.000) 2025-02-07 01:52:54 Job terminated.
	(1) Normal termination (return value 0)
		Usr 0 00:00:24, Sys 0 00:00:00  -  Run Remote Usage
		Usr 0 00:00:00, Sys 0 00:00:00  -  Run Local Usage
		Usr 0 00:00:24, Sys 0 00:00:00  -  Total Remote Usage
		Usr 0 00:00:00, Sys 0 00:00:00  -  Total Local Usage
	0  -  Run Bytes Sent By Job
	0  -  Run Bytes Received By Job
	0  -  Total Bytes Sent By Job
	0  -  Total Bytes Received By Job
	Partitionable Resources :    Usage  Request Allocated 
	   Cpus                 :                64        64 
	   Disk (KB)            :       25       25    474788 
	   Memory (MB)          :       13        1       128 

	Job terminated of its own accord at 2025-02-07T01:52:54Z with exit-code 0.
...
