000 (317323.038.000) 2025-02-06 23:04:08 Job submitted from host: <192.168.0.102:9618?addrs=192.168.0.102-9618&alias=submitter&noUDP&sock=schedd_4045053_7bc0>
...
001 (317323.038.000) 2025-02-06 23:13:22 Job executing on host: <192.168.0.138:9618?addrs=192.168.0.138-9618&alias=node138.di.rm1&noUDP&sock=startd_2998744_89a3>
...
006 (317323.038.000) 2025-02-06 23:13:30 Image size of job updated: 25256
	12  -  MemoryUsage of job (MB)
	12056  -  ResidentSetSize of job (KB)
...
005 (317323.038.000) 2025-02-06 23:13:34 Job terminated.
	(1) Normal termination (return value 0)
		Usr 0 00:00:22, Sys 0 00:00:00  -  Run Remote Usage
		Usr 0 00:00:00, Sys 0 00:00:00  -  Run Local Usage
		Usr 0 00:00:22, Sys 0 00:00:00  -  Total Remote Usage
		Usr 0 00:00:00, Sys 0 00:00:00  -  Total Local Usage
	0  -  Run Bytes Sent By Job
	0  -  Run Bytes Received By Job
	0  -  Total Bytes Sent By Job
	0  -  Total Bytes Received By Job
	Partitionable Resources :    Usage  Request Allocated 
	   Cpus                 :                64        64 
	   Disk (KB)            :       25       25    474244 
	   Memory (MB)          :       12        1       128 

	Job terminated of its own accord at 2025-02-06T23:13:34Z with exit-code 0.
...
000 (319502.038.000) 2025-02-07 00:09:05 Job submitted from host: <192.168.0.102:9618?addrs=192.168.0.102-9618&alias=submitter&noUDP&sock=schedd_4045053_7bc0>
...
001 (319502.038.000) 2025-02-07 01:53:53 Job executing on host: <192.168.0.132:9618?addrs=192.168.0.132-9618&alias=node132.di.rm1&noUDP&sock=startd_1999_b9e8>
...
006 (319502.038.000) 2025-02-07 01:54:01 Image size of job updated: 15908
	13  -  MemoryUsage of job (MB)
	13004  -  ResidentSetSize of job (KB)
...
005 (319502.038.000) 2025-02-07 01:54:05 Job terminated.
	(1) Normal termination (return value 0)
		Usr 0 00:00:24, Sys 0 00:00:00  -  Run Remote Usage
		Usr 0 00:00:00, Sys 0 00:00:00  -  Run Local Usage
		Usr 0 00:00:24, Sys 0 00:00:00  -  Total Remote Usage
		Usr 0 00:00:00, Sys 0 00:00:00  -  Total Local Usage
	0  -  Run Bytes Sent By Job
	0  -  Run Bytes Received By Job
	0  -  Total Bytes Sent By Job
	0  -  Total Bytes Received By Job
	Partitionable Resources :    Usage  Request Allocated 
	   Cpus                 :                64        64 
	   Disk (KB)            :       25       25    474788 
	   Memory (MB)          :       13        1       128 

	Job terminated of its own accord at 2025-02-07T01:54:05Z with exit-code 0.
...
