000 (317323.054.000) 2025-02-06 23:04:08 Job submitted from host: <192.168.0.102:9618?addrs=192.168.0.102-9618&alias=submitter&noUDP&sock=schedd_4045053_7bc0>
...
001 (317323.054.000) 2025-02-06 23:16:40 Job executing on host: <192.168.0.138:9618?addrs=192.168.0.138-9618&alias=node138.di.rm1&noUDP&sock=startd_2998744_89a3>
...
006 (317323.054.000) 2025-02-06 23:16:48 Image size of job updated: 25148
	12  -  MemoryUsage of job (MB)
	12212  -  ResidentSetSize of job (KB)
...
005 (317323.054.000) 2025-02-06 23:16:50 Job terminated.
	(1) Normal termination (return value 0)
		Usr 0 00:00:20, Sys 0 00:00:00  -  Run Remote Usage
		Usr 0 00:00:00, Sys 0 00:00:00  -  Run Local Usage
		Usr 0 00:00:20, Sys 0 00:00:00  -  Total Remote Usage
		Usr 0 00:00:00, Sys 0 00:00:00  -  Total Local Usage
	0  -  Run Bytes Sent By Job
	0  -  Run Bytes Received By Job
	0  -  Total Bytes Sent By Job
	0  -  Total Bytes Received By Job
	Partitionable Resources :    Usage  Request Allocated 
	   Cpus                 :                64        64 
	   Disk (KB)            :       25       25    474244 
	   Memory (MB)          :       12        1       128 

	Job terminated of its own accord at 2025-02-06T23:16:50Z with exit-code 0.
...
000 (319502.054.000) 2025-02-07 00:09:05 Job submitted from host: <192.168.0.102:9618?addrs=192.168.0.102-9618&alias=submitter&noUDP&sock=schedd_4045053_7bc0>
...
001 (319502.054.000) 2025-02-07 01:54:47 Job executing on host: <192.168.0.140:9618?addrs=192.168.0.140-9618&alias=node140.di.rm1&noUDP&sock=startd_1890_f615>
...
006 (319502.054.000) 2025-02-07 01:54:55 Image size of job updated: 14000
	13  -  MemoryUsage of job (MB)
	12548  -  ResidentSetSize of job (KB)
...
005 (319502.054.000) 2025-02-07 01:54:57 Job terminated.
	(1) Normal termination (return value 0)
		Usr 0 00:00:21, Sys 0 00:00:00  -  Run Remote Usage
		Usr 0 00:00:00, Sys 0 00:00:00  -  Run Local Usage
		Usr 0 00:00:21, Sys 0 00:00:00  -  Total Remote Usage
		Usr 0 00:00:00, Sys 0 00:00:00  -  Total Local Usage
	0  -  Run Bytes Sent By Job
	0  -  Run Bytes Received By Job
	0  -  Total Bytes Sent By Job
	0  -  Total Bytes Received By Job
	Partitionable Resources :    Usage  Request Allocated 
	   Cpus                 :                64        64 
	   Disk (KB)            :       25       25    468367 
	   Memory (MB)          :       13        1       128 

	Job terminated of its own accord at 2025-02-07T01:54:57Z with exit-code 0.
...
