000 (317323.044.000) 2025-02-06 23:04:08 Job submitted from host: <192.168.0.102:9618?addrs=192.168.0.102-9618&alias=submitter&noUDP&sock=schedd_4045053_7bc0>
...
001 (317323.044.000) 2025-02-06 23:14:29 Job executing on host: <192.168.0.138:9618?addrs=192.168.0.138-9618&alias=node138.di.rm1&noUDP&sock=startd_2998744_89a3>
...
006 (317323.044.000) 2025-02-06 23:14:37 Image size of job updated: 25512
	13  -  MemoryUsage of job (MB)
	12312  -  ResidentSetSize of job (KB)
...
005 (317323.044.000) 2025-02-06 23:14:39 Job terminated.
	(1) Normal termination (return value 0)
		Usr 0 00:00:20, Sys 0 00:00:00  -  Run Remote Usage
		Usr 0 00:00:00, Sys 0 00:00:00  -  Run Local Usage
		Usr 0 00:00:20, Sys 0 00:00:00  -  Total Remote Usage
		Usr 0 00:00:00, Sys 0 00:00:00  -  Total Local Usage
	0  -  Run Bytes Sent By Job
	0  -  Run Bytes Received By Job
	0  -  Total Bytes Sent By Job
	0  -  Total Bytes Received By Job
	Partitionable Resources :    Usage  Request Allocated 
	   Cpus                 :                64        64 
	   Disk (KB)            :       25       25    474244 
	   Memory (MB)          :       13        1       128 

	Job terminated of its own accord at 2025-02-06T23:14:39Z with exit-code 0.
...
000 (319502.044.000) 2025-02-07 00:09:05 Job submitted from host: <192.168.0.102:9618?addrs=192.168.0.102-9618&alias=submitter&noUDP&sock=schedd_4045053_7bc0>
...
001 (319502.044.000) 2025-02-07 01:54:18 Job executing on host: <192.168.0.140:9618?addrs=192.168.0.140-9618&alias=node140.di.rm1&noUDP&sock=startd_1890_f615>
...
006 (319502.044.000) 2025-02-07 01:54:26 Image size of job updated: 13980
	13  -  MemoryUsage of job (MB)
	12528  -  ResidentSetSize of job (KB)
...
006 (319502.044.000) 2025-02-07 01:54:35 Image size of job updated: 19028
	13  -  MemoryUsage of job (MB)
	12528  -  ResidentSetSize of job (KB)
...
005 (319502.044.000) 2025-02-07 01:54:35 Job terminated.
	(1) Normal termination (return value 0)
		Usr 0 00:00:35, Sys 0 00:00:00  -  Run Remote Usage
		Usr 0 00:00:00, Sys 0 00:00:00  -  Run Local Usage
		Usr 0 00:00:35, Sys 0 00:00:00  -  Total Remote Usage
		Usr 0 00:00:00, Sys 0 00:00:00  -  Total Local Usage
	0  -  Run Bytes Sent By Job
	0  -  Run Bytes Received By Job
	0  -  Total Bytes Sent By Job
	0  -  Total Bytes Received By Job
	Partitionable Resources :    Usage  Request Allocated 
	   Cpus                 :                64        64 
	   Disk (KB)            :       25       25    468367 
	   Memory (MB)          :       13        1       128 

	Job terminated of its own accord at 2025-02-07T01:54:35Z with exit-code 0.
...
