
	Data file: test_files/input64D.inp 
	Points: 50000
	Dimensions: 64
	Number of clusters: 50
	Maximum number of iterations: 100
	Minimum number of changes: 5 [0.01% of 50000 points]
	Maximum centroid precision: 0.001000

Memory allocation: 0.353499 seconds

[1] Cluster changes: 50000	Max. centroid distance: 126783.976562
[2] Cluster changes: 14700	Max. centroid distance: 1759.190063
[3] Cluster changes: 6394	Max. centroid distance: 303.258179
[4] Cluster changes: 4655	Max. centroid distance: 217.783981
[5] Cluster changes: 3824	Max. centroid distance: 150.670120
[6] Cluster changes: 3322	Max. centroid distance: 148.624237
[7] Cluster changes: 2889	Max. centroid distance: 103.628296
[8] Cluster changes: 2611	Max. centroid distance: 90.997017
[9] Cluster changes: 2311	Max. centroid distance: 92.456963
[10] Cluster changes: 2066	Max. centroid distance: 83.776100
[11] Cluster changes: 1828	Max. centroid distance: 67.543991
[12] Cluster changes: 1728	Max. centroid distance: 53.194679
[13] Cluster changes: 1599	Max. centroid distance: 52.899300
[14] Cluster changes: 1456	Max. centroid distance: 41.257080
[15] Cluster changes: 1293	Max. centroid distance: 35.311043
[16] Cluster changes: 1156	Max. centroid distance: 31.239546
[17] Cluster changes: 1130	Max. centroid distance: 35.419327
[18] Cluster changes: 1036	Max. centroid distance: 25.037014
[19] Cluster changes: 973	Max. centroid distance: 24.337177
[20] Cluster changes: 899	Max. centroid distance: 20.784760
[21] Cluster changes: 873	Max. centroid distance: 24.364662
[22] Cluster changes: 854	Max. centroid distance: 28.186407
[23] Cluster changes: 762	Max. centroid distance: 21.819462
[24] Cluster changes: 752	Max. centroid distance: 20.239412
[25] Cluster changes: 712	Max. centroid distance: 19.489777
[26] Cluster changes: 690	Max. centroid distance: 18.734634
[27] Cluster changes: 633	Max. centroid distance: 17.302652
[28] Cluster changes: 614	Max. centroid distance: 18.759930
[29] Cluster changes: 571	Max. centroid distance: 14.699374
[30] Cluster changes: 557	Max. centroid distance: 18.370354
[31] Cluster changes: 550	Max. centroid distance: 13.088751
[32] Cluster changes: 545	Max. centroid distance: 14.322095
[33] Cluster changes: 567	Max. centroid distance: 15.332483
[34] Cluster changes: 560	Max. centroid distance: 14.876991
[35] Cluster changes: 557	Max. centroid distance: 24.632030
[36] Cluster changes: 574	Max. centroid distance: 24.583504
[37] Cluster changes: 539	Max. centroid distance: 18.098537
[38] Cluster changes: 524	Max. centroid distance: 14.943190
[39] Cluster changes: 500	Max. centroid distance: 14.309896
[40] Cluster changes: 459	Max. centroid distance: 10.990295
[41] Cluster changes: 444	Max. centroid distance: 12.301399
[42] Cluster changes: 442	Max. centroid distance: 11.915448
[43] Cluster changes: 401	Max. centroid distance: 12.890710
[44] Cluster changes: 395	Max. centroid distance: 13.802110
[45] Cluster changes: 434	Max. centroid distance: 12.637690
[46] Cluster changes: 385	Max. centroid distance: 10.731449
[47] Cluster changes: 359	Max. centroid distance: 8.677267
[48] Cluster changes: 368	Max. centroid distance: 8.936353
[49] Cluster changes: 335	Max. centroid distance: 7.251778
[50] Cluster changes: 292	Max. centroid distance: 9.840041
[51] Cluster changes: 253	Max. centroid distance: 7.814035
[52] Cluster changes: 225	Max. centroid distance: 6.370236
[53] Cluster changes: 232	Max. centroid distance: 8.572275
[54] Cluster changes: 214	Max. centroid distance: 5.113862
[55] Cluster changes: 230	Max. centroid distance: 8.903732
[56] Cluster changes: 241	Max. centroid distance: 13.481185
[57] Cluster changes: 214	Max. centroid distance: 7.467594
[58] Cluster changes: 193	Max. centroid distance: 5.511858
[59] Cluster changes: 186	Max. centroid distance: 5.676110
[60] Cluster changes: 175	Max. centroid distance: 5.227956
[61] Cluster changes: 184	Max. centroid distance: 4.384532
[62] Cluster changes: 158	Max. centroid distance: 4.008172
[63] Cluster changes: 132	Max. centroid distance: 3.280758
[64] Cluster changes: 128	Max. centroid distance: 3.312128
[65] Cluster changes: 135	Max. centroid distance: 4.195262
[66] Cluster changes: 141	Max. centroid distance: 2.758013
[67] Cluster changes: 157	Max. centroid distance: 4.264923
[68] Cluster changes: 154	Max. centroid distance: 3.135709
[69] Cluster changes: 172	Max. centroid distance: 4.281521
[70] Cluster changes: 172	Max. centroid distance: 4.288302
[71] Cluster changes: 172	Max. centroid distance: 6.533998
[72] Cluster changes: 159	Max. centroid distance: 4.525186
[73] Cluster changes: 144	Max. centroid distance: 5.314749
[74] Cluster changes: 141	Max. centroid distance: 7.446472
[75] Cluster changes: 143	Max. centroid distance: 5.011104
[76] Cluster changes: 152	Max. centroid distance: 3.879719
[77] Cluster changes: 172	Max. centroid distance: 6.175499
[78] Cluster changes: 149	Max. centroid distance: 5.055371
[79] Cluster changes: 133	Max. centroid distance: 5.288322
[80] Cluster changes: 107	Max. centroid distance: 2.784643
[81] Cluster changes: 104	Max. centroid distance: 2.806849
[82] Cluster changes: 94	Max. centroid distance: 3.296700
[83] Cluster changes: 120	Max. centroid distance: 4.769423
[84] Cluster changes: 126	Max. centroid distance: 3.783856
[85] Cluster changes: 139	Max. centroid distance: 3.443156
[86] Cluster changes: 114	Max. centroid distance: 3.082823
[87] Cluster changes: 114	Max. centroid distance: 2.495778
[88] Cluster changes: 111	Max. centroid distance: 2.603868
[89] Cluster changes: 103	Max. centroid distance: 2.370474
[90] Cluster changes: 90	Max. centroid distance: 3.824030
[91] Cluster changes: 96	Max. centroid distance: 2.808145
[92] Cluster changes: 87	Max. centroid distance: 3.442050
[93] Cluster changes: 98	Max. centroid distance: 2.239416
[94] Cluster changes: 99	Max. centroid distance: 5.558541
[95] Cluster changes: 86	Max. centroid distance: 3.657551
[96] Cluster changes: 101	Max. centroid distance: 4.301671
[97] Cluster changes: 89	Max. centroid distance: 3.298492
[98] Cluster changes: 97	Max. centroid distance: 2.260149
[99] Cluster changes: 88	Max. centroid distance: 3.307277
[100] Cluster changes: 81	Max. centroid distance: 1.700331
Computation: 5.946311 seconds

Termination condition:
Maximum number of iterations reached: 100 [100]

Memory deallocation: 5.956180 seconds
