000 (317323.037.000) 2025-02-06 23:04:07 Job submitted from host: <192.168.0.102:9618?addrs=192.168.0.102-9618&alias=submitter&noUDP&sock=schedd_4045053_7bc0>
...
001 (317323.037.000) 2025-02-06 23:13:11 Job executing on host: <192.168.0.138:9618?addrs=192.168.0.138-9618&alias=node138.di.rm1&noUDP&sock=startd_2998744_89a3>
...
006 (317323.037.000) 2025-02-06 23:13:20 Image size of job updated: 25424
	12  -  MemoryUsage of job (MB)
	12224  -  ResidentSetSize of job (KB)
...
005 (317323.037.000) 2025-02-06 23:13:22 Job terminated.
	(1) Normal termination (return value 0)
		Usr 0 00:00:20, Sys 0 00:00:00  -  Run Remote Usage
		Usr 0 00:00:00, Sys 0 00:00:00  -  Run Local Usage
		Usr 0 00:00:20, Sys 0 00:00:00  -  Total Remote Usage
		Usr 0 00:00:00, Sys 0 00:00:00  -  Total Local Usage
	0  -  Run Bytes Sent By Job
	0  -  Run Bytes Received By Job
	0  -  Total Bytes Sent By Job
	0  -  Total Bytes Received By Job
	Partitionable Resources :    Usage  Request Allocated 
	   Cpus                 :                64        64 
	   Disk (KB)            :       25       25    474244 
	   Memory (MB)          :       12        1       128 

	Job terminated of its own accord at 2025-02-06T23:13:22Z with exit-code 0.
...
000 (319502.037.000) 2025-02-07 00:09:05 Job submitted from host: <192.168.0.102:9618?addrs=192.168.0.102-9618&alias=submitter&noUDP&sock=schedd_4045053_7bc0>
...
001 (319502.037.000) 2025-02-07 01:53:51 Job executing on host: <192.168.0.138:9618?addrs=192.168.0.138-9618&alias=node138.di.rm1&noUDP&sock=startd_2998744_89a3>
...
006 (319502.037.000) 2025-02-07 01:54:00 Image size of job updated: 23820
	10  -  MemoryUsage of job (MB)
	10224  -  ResidentSetSize of job (KB)
...
006 (319502.037.000) 2025-02-07 01:54:10 Image size of job updated: 23952
	10  -  MemoryUsage of job (MB)
	10224  -  ResidentSetSize of job (KB)
...
005 (319502.037.000) 2025-02-07 01:54:10 Job terminated.
	(1) Normal termination (return value 0)
		Usr 0 00:00:35, Sys 0 00:00:01  -  Run Remote Usage
		Usr 0 00:00:00, Sys 0 00:00:00  -  Run Local Usage
		Usr 0 00:00:35, Sys 0 00:00:01  -  Total Remote Usage
		Usr 0 00:00:00, Sys 0 00:00:00  -  Total Local Usage
	0  -  Run Bytes Sent By Job
	0  -  Run Bytes Received By Job
	0  -  Total Bytes Sent By Job
	0  -  Total Bytes Received By Job
	Partitionable Resources :    Usage  Request Allocated 
	   Cpus                 :                64        64 
	   Disk (KB)            :       25       25    474244 
	   Memory (MB)          :       10        1       128 

	Job terminated of its own accord at 2025-02-07T01:54:10Z with exit-code 0.
...
