000 (296723.043.000) 2025-01-31 22:19:45 Job submitted from host: <192.168.0.102:9618?addrs=192.168.0.102-9618&alias=submitter&noUDP&sock=schedd_4045053_7bc0>
...
001 (296723.043.000) 2025-01-31 22:20:08 Job executing on host: <192.168.0.106:9618?addrs=192.168.0.106-9618&alias=node106.di.rm1&noUDP&sock=startd_1970_d5a9>
...
006 (296723.043.000) 2025-01-31 22:20:09 Image size of job updated: 5360
	4  -  MemoryUsage of job (MB)
	4040  -  ResidentSetSize of job (KB)
...
005 (296723.043.000) 2025-01-31 22:20:09 Job terminated.
	(1) Normal termination (return value 0)
		Usr 0 00:00:56, Sys 0 00:00:01  -  Run Remote Usage
		Usr 0 00:00:00, Sys 0 00:00:00  -  Run Local Usage
		Usr 0 00:00:56, Sys 0 00:00:01  -  Total Remote Usage
		Usr 0 00:00:00, Sys 0 00:00:00  -  Total Local Usage
	0  -  Run Bytes Sent By Job
	0  -  Run Bytes Received By Job
	0  -  Total Bytes Sent By Job
	0  -  Total Bytes Received By Job
	Partitionable Resources :    Usage  Request Allocated 
	   Cpus                 :                64        64 
	   Disk (KB)            :       25       25    468979 
	   Memory (MB)          :        4        1       128 

	Job terminated of its own accord at 2025-01-31T22:20:09Z with exit-code 0.
...
