000 (328087.000.000) 2025-02-09 15:49:21 Job submitted from host: <192.168.0.102:9618?addrs=192.168.0.102-9618&alias=submitter&noUDP&sock=schedd_4045053_7bc0>
...
001 (328087.000.000) 2025-02-09 16:11:20 Job executing on host: <192.168.0.120:9618?addrs=192.168.0.120-9618&alias=node120.di.rm1&noUDP&sock=startd_2096_4298>
...
006 (328087.000.000) 2025-02-09 16:11:22 Image size of job updated: 31020
	0  -  MemoryUsage of job (MB)
	0  -  ResidentSetSize of job (KB)
...
005 (328087.000.000) 2025-02-09 16:11:22 Job terminated.
	(1) Normal termination (return value 0)
		Usr 0 00:00:01, Sys 0 00:00:00  -  Run Remote Usage
		Usr 0 00:00:00, Sys 0 00:00:00  -  Run Local Usage
		Usr 0 00:00:01, Sys 0 00:00:00  -  Total Remote Usage
		Usr 0 00:00:00, Sys 0 00:00:00  -  Total Local Usage
	0  -  Run Bytes Sent By Job
	0  -  Run Bytes Received By Job
	0  -  Total Bytes Sent By Job
	0  -  Total Bytes Received By Job
	Partitionable Resources :    Usage  Request Allocated Assigned
	   Cpus                 :                64        64 
	   Disk (KB)            :      750      750    455114 
	   Gpus (Average)       :                 1         1 "GPU-e2f89d15"
	   Memory (MB)          :        0        1       128 

	Job terminated of its own accord at 2025-02-09T16:11:22Z with exit-code 0.
...
000 (328238.000.000) 2025-02-09 16:18:41 Job submitted from host: <192.168.0.102:9618?addrs=192.168.0.102-9618&alias=submitter&noUDP&sock=schedd_4045053_7bc0>
...
001 (328238.000.000) 2025-02-09 16:20:32 Job executing on host: <192.168.0.110:9618?addrs=192.168.0.110-9618&alias=node110.di.rm1&noUDP&sock=startd_2154_0b16>
...
006 (328238.000.000) 2025-02-09 16:20:32 Image size of job updated: 750
	0  -  MemoryUsage of job (MB)
	0  -  ResidentSetSize of job (KB)
...
005 (328238.000.000) 2025-02-09 16:20:32 Job terminated.
	(1) Normal termination (return value 0)
		Usr 0 00:00:00, Sys 0 00:00:00  -  Run Remote Usage
		Usr 0 00:00:00, Sys 0 00:00:00  -  Run Local Usage
		Usr 0 00:00:00, Sys 0 00:00:00  -  Total Remote Usage
		Usr 0 00:00:00, Sys 0 00:00:00  -  Total Local Usage
	0  -  Run Bytes Sent By Job
	0  -  Run Bytes Received By Job
	0  -  Total Bytes Sent By Job
	0  -  Total Bytes Received By Job
	Partitionable Resources :    Usage  Request Allocated Assigned
	   Cpus                 :                64        64 
	   Disk (KB)            :      750      750    468076 
	   Gpus (Average)       :                 1         1 "GPU-3ad8f19c"
	   Memory (MB)          :        0        1       128 

	Job terminated of its own accord at 2025-02-09T16:20:32Z with exit-code 0.
...
000 (328279.000.000) 2025-02-09 16:24:46 Job submitted from host: <192.168.0.102:9618?addrs=192.168.0.102-9618&alias=submitter&noUDP&sock=schedd_4045053_7bc0>
...
001 (328279.000.000) 2025-02-09 16:25:39 Job executing on host: <192.168.0.110:9618?addrs=192.168.0.110-9618&alias=node110.di.rm1&noUDP&sock=startd_2154_0b16>
...
006 (328279.000.000) 2025-02-09 16:25:48 Image size of job updated: 30920
	11  -  MemoryUsage of job (MB)
	10592  -  ResidentSetSize of job (KB)
...
006 (328279.000.000) 2025-02-09 16:26:22 Image size of job updated: 5004460
	11  -  MemoryUsage of job (MB)
	10592  -  ResidentSetSize of job (KB)
...
005 (328279.000.000) 2025-02-09 16:26:22 Job terminated.
	(1) Normal termination (return value 0)
		Usr 0 00:00:42, Sys 0 00:00:00  -  Run Remote Usage
		Usr 0 00:00:00, Sys 0 00:00:00  -  Run Local Usage
		Usr 0 00:00:42, Sys 0 00:00:00  -  Total Remote Usage
		Usr 0 00:00:00, Sys 0 00:00:00  -  Total Local Usage
	0  -  Run Bytes Sent By Job
	0  -  Run Bytes Received By Job
	0  -  Total Bytes Sent By Job
	0  -  Total Bytes Received By Job
	Partitionable Resources :    Usage  Request Allocated Assigned
	   Cpus                 :                64        64 
	   Disk (KB)            :      750      750    468076 
	   Gpus (Average)       :                 1         1 "GPU-3ad8f19c"
	   Memory (MB)          :       11        1       128 

	Job terminated of its own accord at 2025-02-09T16:26:22Z with exit-code 0.
...
