
	Data file: test_files/input16D.inp 
	Points: 50000
	Dimensions: 16
	Number of clusters: 128
	Maximum number of iterations: 1000
	Minimum number of changes: 500 [1% of 50000 points]
	Maximum centroid precision: 1.000000

Memory allocation: 0.094895 seconds

[1] Cluster changes: 50000	Max. centroid distance: 127.478569
[2] Cluster changes: 15143	Max. centroid distance: 44.147293
[3] Cluster changes: 6630	Max. centroid distance: 20.129507
[4] Cluster changes: 4770	Max. centroid distance: 15.544727
[5] Cluster changes: 3844	Max. centroid distance: 12.933678
[6] Cluster changes: 3151	Max. centroid distance: 11.470597
[7] Cluster changes: 2622	Max. centroid distance: 9.669322
[8] Cluster changes: 2391	Max. centroid distance: 8.587157
[9] Cluster changes: 2095	Max. centroid distance: 8.409569
[10] Cluster changes: 1881	Max. centroid distance: 8.929055
[11] Cluster changes: 1777	Max. centroid distance: 7.808328
[12] Cluster changes: 1616	Max. centroid distance: 6.604353
[13] Cluster changes: 1431	Max. centroid distance: 8.018751
[14] Cluster changes: 1230	Max. centroid distance: 6.273814
[15] Cluster changes: 1089	Max. centroid distance: 5.804648
[16] Cluster changes: 1035	Max. centroid distance: 6.682203
[17] Cluster changes: 970	Max. centroid distance: 7.055346
[18] Cluster changes: 1012	Max. centroid distance: 7.145094
[19] Cluster changes: 934	Max. centroid distance: 6.271479
[20] Cluster changes: 916	Max. centroid distance: 5.700059
[21] Cluster changes: 826	Max. centroid distance: 4.493106
[22] Cluster changes: 736	Max. centroid distance: 5.257562
[23] Cluster changes: 656	Max. centroid distance: 4.616151
[24] Cluster changes: 616	Max. centroid distance: 4.906769
[25] Cluster changes: 619	Max. centroid distance: 4.673899
[26] Cluster changes: 563	Max. centroid distance: 3.829669
[27] Cluster changes: 521	Max. centroid distance: 3.151134
[28] Cluster changes: 511	Max. centroid distance: 3.447291
[29] Cluster changes: 489	Max. centroid distance: 4.663531
Computation: 0.083830 seconds

Termination condition:
Minimum number of changes reached: 489 [500]

Memory deallocation: 0.089300 seconds
