000 (297000.037.000) 2025-02-01 16:42:00 Job submitted from host: <192.168.0.102:9618?addrs=192.168.0.102-9618&alias=submitter&noUDP&sock=schedd_4045053_7bc0>
...
001 (297000.037.000) 2025-02-01 16:42:24 Job executing on host: <192.168.0.126:9618?addrs=192.168.0.126-9618&alias=node126.di.rm1&noUDP&sock=startd_2976_ddef>
...
006 (297000.037.000) 2025-02-01 16:42:26 Image size of job updated: 3960
	0  -  MemoryUsage of job (MB)
	0  -  ResidentSetSize of job (KB)
...
005 (297000.037.000) 2025-02-01 16:42:26 Job terminated.
	(1) Normal termination (return value 0)
		Usr 0 00:00:02, Sys 0 00:00:00  -  Run Remote Usage
		Usr 0 00:00:00, Sys 0 00:00:00  -  Run Local Usage
		Usr 0 00:00:02, Sys 0 00:00:00  -  Total Remote Usage
		Usr 0 00:00:00, Sys 0 00:00:00  -  Total Local Usage
	0  -  Run Bytes Sent By Job
	0  -  Run Bytes Received By Job
	0  -  Total Bytes Sent By Job
	0  -  Total Bytes Received By Job
	Partitionable Resources :    Usage  Request Allocated 
	   Cpus                 :                64        64 
	   Disk (KB)            :       22       22    160162 
	   GPUs                 :                           0 
	   Memory (MB)          :        0        1       128 

	Job terminated of its own accord at 2025-02-01T16:42:26Z with exit-code 0.
...
