000 (326809.002.000) 2025-02-09 09:45:03 Job submitted from host: <192.168.0.102:9618?addrs=192.168.0.102-9618&alias=submitter&noUDP&sock=schedd_4045053_7bc0>
...
001 (326809.002.000) 2025-02-09 10:35:45 Job executing on host: <192.168.0.110:9618?addrs=192.168.0.110-9618&alias=node110.di.rm1&noUDP&sock=startd_2154_0b16>
...
006 (326809.002.000) 2025-02-09 10:35:53 Image size of job updated: 40168
	20  -  MemoryUsage of job (MB)
	19840  -  ResidentSetSize of job (KB)
...
004 (326809.002.000) 2025-02-09 10:35:54 Job was evicted.
	(0) CPU times
		Usr 0 00:00:08, Sys 0 00:00:00  -  Run Remote Usage
		Usr 0 00:00:00, Sys 0 00:00:00  -  Run Local Usage
	0  -  Run Bytes Sent By Job
	0  -  Run Bytes Received By Job
	Partitionable Resources :    Usage  Request Allocated Assigned
	   Cpus                 :        0       64        64 
	   Disk (KB)            :      750      750    468076 
	   Gpus (Average)       :        0        1         1 "GPU-3ad8f19c"
	   Memory (MB)          :       20        1       128 
...
001 (326809.002.000) 2025-02-09 10:56:13 Job executing on host: <192.168.0.110:9618?addrs=192.168.0.110-9618&alias=node110.di.rm1&noUDP&sock=startd_2154_0b16>
...
006 (326809.002.000) 2025-02-09 10:56:21 Image size of job updated: 5046628
	20  -  MemoryUsage of job (MB)
	20092  -  ResidentSetSize of job (KB)
...
005 (326809.002.000) 2025-02-09 10:56:21 Job terminated.
	(1) Normal termination (return value 0)
		Usr 0 00:00:08, Sys 0 00:00:00  -  Run Remote Usage
		Usr 0 00:00:00, Sys 0 00:00:00  -  Run Local Usage
		Usr 0 00:00:16, Sys 0 00:00:00  -  Total Remote Usage
		Usr 0 00:00:00, Sys 0 00:00:00  -  Total Local Usage
	0  -  Run Bytes Sent By Job
	0  -  Run Bytes Received By Job
	0  -  Total Bytes Sent By Job
	0  -  Total Bytes Received By Job
	Partitionable Resources :    Usage  Request Allocated Assigned
	   Cpus                 :        0       64        64 
	   Disk (KB)            :      750      750    468076 
	   Gpus (Average)       :        0        1         1 "GPU-3ad8f19c"
	   Memory (MB)          :       20       20       128 

	Job terminated of its own accord at 2025-02-09T10:56:21Z with exit-code 0.
...
