
	Data file: test_files/input64D.inp 
	Points: 50000
	Dimensions: 64
	Number of clusters: 128
	Maximum number of iterations: 1000
	Minimum number of changes: 500 [1% of 50000 points]
	Maximum centroid precision: 1.000000

Memory allocation: 0.359588 seconds

[1] Cluster changes: 99984	Max. centroid distance: 335.193939
[2] Cluster changes: 34128	Max. centroid distance: 66.866035
[3] Cluster changes: 14762	Max. centroid distance: 31.139465
[4] Cluster changes: 10084	Max. centroid distance: 20.993259
[5] Cluster changes: 7806	Max. centroid distance: 16.084330
[6] Cluster changes: 5488	Max. centroid distance: 15.636909
[7] Cluster changes: 5336	Max. centroid distance: 12.998546
[8] Cluster changes: 4632	Max. centroid distance: 12.262642
[9] Cluster changes: 4090	Max. centroid distance: 11.459139
[10] Cluster changes: 3530	Max. centroid distance: 10.812904
[11] Cluster changes: 3050	Max. centroid distance: 10.680045
[12] Cluster changes: 2786	Max. centroid distance: 9.253688
[13] Cluster changes: 2444	Max. centroid distance: 10.457691
[14] Cluster changes: 2126	Max. centroid distance: 8.876536
[15] Cluster changes: 1894	Max. centroid distance: 7.069628
[16] Cluster changes: 1714	Max. centroid distance: 7.575007
[17] Cluster changes: 1662	Max. centroid distance: 7.759518
[18] Cluster changes: 1482	Max. centroid distance: 7.288225
[19] Cluster changes: 1340	Max. centroid distance: 7.412563
[20] Cluster changes: 1266	Max. centroid distance: 6.041655
[21] Cluster changes: 1178	Max. centroid distance: 6.953514
[22] Cluster changes: 1172	Max. centroid distance: 6.694768
[23] Cluster changes: 1190	Max. centroid distance: 6.636634
[24] Cluster changes: 1114	Max. centroid distance: 6.433071
[25] Cluster changes: 1070	Max. centroid distance: 8.446918
[26] Cluster changes: 1042	Max. centroid distance: 6.185317
[27] Cluster changes: 972	Max. centroid distance: 5.945874
[28] Cluster changes: 974	Max. centroid distance: 5.621671
[29] Cluster changes: 872	Max. centroid distance: 5.511751
[30] Cluster changes: 772	Max. centroid distance: 5.298035
[31] Cluster changes: 782	Max. centroid distance: 5.599398
[32] Cluster changes: 746	Max. centroid distance: 4.961222
[33] Cluster changes: 690	Max. centroid distance: 5.443738
[34] Cluster changes: 668	Max. centroid distance: 5.808448
[35] Cluster changes: 666	Max. centroid distance: 5.240286
[36] Cluster changes: 576	Max. centroid distance: 5.726534
[37] Cluster changes: 584	Max. centroid distance: 5.078545
[38] Cluster changes: 560	Max. centroid distance: 5.530155
[39] Cluster changes: 534	Max. centroid distance: 5.125488
[40] Cluster changes: 506	Max. centroid distance: 4.377630
[41] Cluster changes: 480	Max. centroid distance: 4.470114
Computation: 9.630748 seconds

Termination condition:
Minimum number of changes reached: 480 [500]

Memory deallocation: 9.637157 seconds
