000 (297009.083.000) 2025-02-01 17:19:04 Job submitted from host: <192.168.0.102:9618?addrs=192.168.0.102-9618&alias=submitter&noUDP&sock=schedd_4045053_7bc0>
...
001 (297009.083.000) 2025-02-01 17:19:23 Job executing on host: <192.168.0.106:9618?addrs=192.168.0.106-9618&alias=node106.di.rm1&noUDP&sock=startd_1970_d5a9>
...
006 (297009.083.000) 2025-02-01 17:19:25 Image size of job updated: 5548
	1  -  MemoryUsage of job (MB)
	368  -  ResidentSetSize of job (KB)
...
005 (297009.083.000) 2025-02-01 17:19:25 Job terminated.
	(1) Normal termination (return value 0)
		Usr 0 00:00:09, Sys 0 00:00:00  -  Run Remote Usage
		Usr 0 00:00:00, Sys 0 00:00:00  -  Run Local Usage
		Usr 0 00:00:09, Sys 0 00:00:00  -  Total Remote Usage
		Usr 0 00:00:00, Sys 0 00:00:00  -  Total Local Usage
	0  -  Run Bytes Sent By Job
	0  -  Run Bytes Received By Job
	0  -  Total Bytes Sent By Job
	0  -  Total Bytes Received By Job
	Partitionable Resources :    Usage  Request Allocated 
	   Cpus                 :                64        64 
	   Disk (KB)            :       25       25    468979 
	   Memory (MB)          :        1        1       128 

	Job terminated of its own accord at 2025-02-01T17:19:25Z with exit-code 0.
...
