000 (306012.017.000) 2025-02-06 09:12:22 Job submitted from host: <192.168.0.102:9618?addrs=192.168.0.102-9618&alias=submitter&noUDP&sock=schedd_4045053_7bc0>
...
001 (306012.017.000) 2025-02-06 09:37:37 Job executing on host: <192.168.0.111:9618?addrs=192.168.0.111-9618&alias=node111.di.rm1&noUDP&sock=startd_2044_97ab>
...
006 (306012.017.000) 2025-02-06 09:37:46 Image size of job updated: 12672
	13  -  MemoryUsage of job (MB)
	12672  -  ResidentSetSize of job (KB)
...
006 (306012.017.000) 2025-02-06 09:37:50 Image size of job updated: 16544
	13  -  MemoryUsage of job (MB)
	12672  -  ResidentSetSize of job (KB)
...
005 (306012.017.000) 2025-02-06 09:37:50 Job terminated.
	(1) Normal termination (return value 0)
		Usr 0 00:00:13, Sys 0 00:00:00  -  Run Remote Usage
		Usr 0 00:00:00, Sys 0 00:00:00  -  Run Local Usage
		Usr 0 00:00:13, Sys 0 00:00:00  -  Total Remote Usage
		Usr 0 00:00:00, Sys 0 00:00:00  -  Total Local Usage
	0  -  Run Bytes Sent By Job
	0  -  Run Bytes Received By Job
	0  -  Total Bytes Sent By Job
	0  -  Total Bytes Received By Job
	Partitionable Resources :    Usage  Request Allocated 
	   Cpus                 :                64        64 
	   Disk (KB)            :       22       22    468058 
	   GPUs                 :                           0 
	   Memory (MB)          :       13        1       128 

	Job terminated of its own accord at 2025-02-06T09:37:50Z with exit-code 0.
...
