000 (306012.052.000) 2025-02-06 09:12:22 Job submitted from host: <192.168.0.102:9618?addrs=192.168.0.102-9618&alias=submitter&noUDP&sock=schedd_4045053_7bc0>
...
001 (306012.052.000) 2025-02-06 09:38:36 Job executing on host: <192.168.0.132:9618?addrs=192.168.0.132-9618&alias=node132.di.rm1&noUDP&sock=startd_1999_b9e8>
...
006 (306012.052.000) 2025-02-06 09:38:44 Image size of job updated: 14456
	12  -  MemoryUsage of job (MB)
	11420  -  ResidentSetSize of job (KB)
...
006 (306012.052.000) 2025-02-06 09:38:46 Image size of job updated: 16544
	12  -  MemoryUsage of job (MB)
	11420  -  ResidentSetSize of job (KB)
...
004 (306012.052.000) 2025-02-06 09:38:47 Job was evicted.
	(0) CPU times
		Usr 0 00:00:10, Sys 0 00:00:00  -  Run Remote Usage
		Usr 0 00:00:00, Sys 0 00:00:00  -  Run Local Usage
	0  -  Run Bytes Sent By Job
	0  -  Run Bytes Received By Job
	Partitionable Resources :    Usage  Request Allocated 
	   Cpus                 :        0       64        64 
	   Disk (KB)            :       22       22    474788 
	   Memory (MB)          :       12        1       128 
...
001 (306012.052.000) 2025-02-06 09:58:58 Job executing on host: <192.168.0.111:9618?addrs=192.168.0.111-9618&alias=node111.di.rm1&noUDP&sock=startd_2044_97ab>
...
006 (306012.052.000) 2025-02-06 09:59:06 Image size of job updated: 17500
	13  -  MemoryUsage of job (MB)
	12672  -  ResidentSetSize of job (KB)
...
005 (306012.052.000) 2025-02-06 09:59:11 Job terminated.
	(1) Normal termination (return value 0)
		Usr 0 00:00:13, Sys 0 00:00:00  -  Run Remote Usage
		Usr 0 00:00:00, Sys 0 00:00:00  -  Run Local Usage
		Usr 0 00:00:23, Sys 0 00:00:00  -  Total Remote Usage
		Usr 0 00:00:00, Sys 0 00:00:00  -  Total Local Usage
	0  -  Run Bytes Sent By Job
	0  -  Run Bytes Received By Job
	0  -  Total Bytes Sent By Job
	0  -  Total Bytes Received By Job
	Partitionable Resources :    Usage  Request Allocated 
	   Cpus                 :        0       64        64 
	   Disk (KB)            :       22       22    468058 
	   GPUs                 :                           0 
	   Memory (MB)          :       13       13       128 

	Job terminated of its own accord at 2025-02-06T09:59:11Z with exit-code 0.
...
000 (315770.052.000) 2025-02-06 20:45:17 Job submitted from host: <192.168.0.102:9618?addrs=192.168.0.102-9618&alias=submitter&noUDP&sock=schedd_4045053_7bc0>
...
001 (315770.052.000) 2025-02-06 20:56:50 Job executing on host: <192.168.0.138:9618?addrs=192.168.0.138-9618&alias=node138.di.rm1&noUDP&sock=startd_2998744_89a3>
...
006 (315770.052.000) 2025-02-06 20:56:59 Image size of job updated: 22684
	10  -  MemoryUsage of job (MB)
	9616  -  ResidentSetSize of job (KB)
...
005 (315770.052.000) 2025-02-06 20:57:04 Job terminated.
	(1) Normal termination (return value 0)
		Usr 0 00:00:13, Sys 0 00:00:00  -  Run Remote Usage
		Usr 0 00:00:00, Sys 0 00:00:00  -  Run Local Usage
		Usr 0 00:00:13, Sys 0 00:00:00  -  Total Remote Usage
		Usr 0 00:00:00, Sys 0 00:00:00  -  Total Local Usage
	0  -  Run Bytes Sent By Job
	0  -  Run Bytes Received By Job
	0  -  Total Bytes Sent By Job
	0  -  Total Bytes Received By Job
	Partitionable Resources :    Usage  Request Allocated 
	   Cpus                 :                64        64 
	   Disk (KB)            :       22       22    474244 
	   Memory (MB)          :       10        1       128 

	Job terminated of its own accord at 2025-02-06T20:57:03Z with exit-code 0.
...
