000 (306012.061.000) 2025-02-06 09:12:22 Job submitted from host: <192.168.0.102:9618?addrs=192.168.0.102-9618&alias=submitter&noUDP&sock=schedd_4045053_7bc0>
...
001 (306012.061.000) 2025-02-06 09:59:11 Job executing on host: <192.168.0.106:9618?addrs=192.168.0.106-9618&alias=node106.di.rm1&noUDP&sock=startd_1970_d5a9>
...
006 (306012.061.000) 2025-02-06 09:59:19 Image size of job updated: 16544
	12  -  MemoryUsage of job (MB)
	12280  -  ResidentSetSize of job (KB)
...
005 (306012.061.000) 2025-02-06 09:59:24 Job terminated.
	(1) Normal termination (return value 0)
		Usr 0 00:00:13, Sys 0 00:00:00  -  Run Remote Usage
		Usr 0 00:00:00, Sys 0 00:00:00  -  Run Local Usage
		Usr 0 00:00:13, Sys 0 00:00:00  -  Total Remote Usage
		Usr 0 00:00:00, Sys 0 00:00:00  -  Total Local Usage
	0  -  Run Bytes Sent By Job
	0  -  Run Bytes Received By Job
	0  -  Total Bytes Sent By Job
	0  -  Total Bytes Received By Job
	Partitionable Resources :    Usage  Request Allocated 
	   Cpus                 :                64        64 
	   Disk (KB)            :       22       22    468979 
	   Memory (MB)          :       12        1       128 

	Job terminated of its own accord at 2025-02-06T09:59:24Z with exit-code 0.
...
000 (315770.061.000) 2025-02-06 20:45:17 Job submitted from host: <192.168.0.102:9618?addrs=192.168.0.102-9618&alias=submitter&noUDP&sock=schedd_4045053_7bc0>
...
001 (315770.061.000) 2025-02-06 20:58:49 Job executing on host: <192.168.0.138:9618?addrs=192.168.0.138-9618&alias=node138.di.rm1&noUDP&sock=startd_2998744_89a3>
...
006 (315770.061.000) 2025-02-06 20:58:58 Image size of job updated: 22460
	10  -  MemoryUsage of job (MB)
	9524  -  ResidentSetSize of job (KB)
...
005 (315770.061.000) 2025-02-06 20:59:02 Job terminated.
	(1) Normal termination (return value 0)
		Usr 0 00:00:13, Sys 0 00:00:00  -  Run Remote Usage
		Usr 0 00:00:00, Sys 0 00:00:00  -  Run Local Usage
		Usr 0 00:00:13, Sys 0 00:00:00  -  Total Remote Usage
		Usr 0 00:00:00, Sys 0 00:00:00  -  Total Local Usage
	0  -  Run Bytes Sent By Job
	0  -  Run Bytes Received By Job
	0  -  Total Bytes Sent By Job
	0  -  Total Bytes Received By Job
	Partitionable Resources :    Usage  Request Allocated 
	   Cpus                 :                64        64 
	   Disk (KB)            :       22       22    474244 
	   Memory (MB)          :       10        1       128 

	Job terminated of its own accord at 2025-02-06T20:59:02Z with exit-code 0.
...
