000 (306012.055.000) 2025-02-06 09:12:22 Job submitted from host: <192.168.0.102:9618?addrs=192.168.0.102-9618&alias=submitter&noUDP&sock=schedd_4045053_7bc0>
...
001 (306012.055.000) 2025-02-06 09:38:36 Job executing on host: <192.168.0.145:9618?addrs=192.168.0.145-9618&alias=node145.di.rm1&noUDP&sock=startd_1869_8e98>
...
006 (306012.055.000) 2025-02-06 09:38:45 Image size of job updated: 16544
	13  -  MemoryUsage of job (MB)
	12676  -  ResidentSetSize of job (KB)
...
004 (306012.055.000) 2025-02-06 09:38:46 Job was evicted.
	(0) CPU times
		Usr 0 00:00:10, Sys 0 00:00:00  -  Run Remote Usage
		Usr 0 00:00:00, Sys 0 00:00:00  -  Run Local Usage
	0  -  Run Bytes Sent By Job
	0  -  Run Bytes Received By Job
	Partitionable Resources :    Usage  Request Allocated 
	   Cpus                 :     1.00       64        64 
	   Disk (KB)            :    22          22    462663 
	   Memory (MB)          :    13           1       128 
...
001 (306012.055.000) 2025-02-06 09:58:57 Job executing on host: <192.168.0.106:9618?addrs=192.168.0.106-9618&alias=node106.di.rm1&noUDP&sock=startd_1970_d5a9>
...
005 (306012.055.000) 2025-02-06 09:59:11 Job terminated.
	(1) Normal termination (return value 0)
		Usr 0 00:00:13, Sys 0 00:00:00  -  Run Remote Usage
		Usr 0 00:00:00, Sys 0 00:00:00  -  Run Local Usage
		Usr 0 00:00:23, Sys 0 00:00:00  -  Total Remote Usage
		Usr 0 00:00:00, Sys 0 00:00:00  -  Total Local Usage
	0  -  Run Bytes Sent By Job
	0  -  Run Bytes Received By Job
	0  -  Total Bytes Sent By Job
	0  -  Total Bytes Received By Job
	Partitionable Resources :    Usage  Request Allocated 
	   Cpus                 :     1.00       64        64 
	   Disk (KB)            :    22          22    468979 
	   Memory (MB)          :    15          15       128 

	Job terminated of its own accord at 2025-02-06T09:59:11Z with exit-code 0.
...
000 (315770.055.000) 2025-02-06 20:45:17 Job submitted from host: <192.168.0.102:9618?addrs=192.168.0.102-9618&alias=submitter&noUDP&sock=schedd_4045053_7bc0>
...
001 (315770.055.000) 2025-02-06 20:57:30 Job executing on host: <192.168.0.138:9618?addrs=192.168.0.138-9618&alias=node138.di.rm1&noUDP&sock=startd_2998744_89a3>
...
006 (315770.055.000) 2025-02-06 20:57:39 Image size of job updated: 22288
	10  -  MemoryUsage of job (MB)
	9616  -  ResidentSetSize of job (KB)
...
005 (315770.055.000) 2025-02-06 20:57:43 Job terminated.
	(1) Normal termination (return value 0)
		Usr 0 00:00:13, Sys 0 00:00:00  -  Run Remote Usage
		Usr 0 00:00:00, Sys 0 00:00:00  -  Run Local Usage
		Usr 0 00:00:13, Sys 0 00:00:00  -  Total Remote Usage
		Usr 0 00:00:00, Sys 0 00:00:00  -  Total Local Usage
	0  -  Run Bytes Sent By Job
	0  -  Run Bytes Received By Job
	0  -  Total Bytes Sent By Job
	0  -  Total Bytes Received By Job
	Partitionable Resources :    Usage  Request Allocated 
	   Cpus                 :                64        64 
	   Disk (KB)            :       22       22    474244 
	   Memory (MB)          :       10        1       128 

	Job terminated of its own accord at 2025-02-06T20:57:43Z with exit-code 0.
...
