
	Data file: test_files/input4D.inp 
	Points: 50000
	Dimensions: 4
	Number of clusters: 128
	Maximum number of iterations: 1000
	Minimum number of changes: 500 [1% of 50000 points]
	Maximum centroid precision: 1.000000

Memory allocation: 0.026302 seconds

[1] Cluster changes: 73104	Max. centroid distance: 34.300339
[2] Cluster changes: 10258	Max. centroid distance: 14.600826
[3] Cluster changes: 7477	Max. centroid distance: 8.415428
[4] Cluster changes: 4821	Max. centroid distance: 7.973762
[5] Cluster changes: 3718	Max. centroid distance: 7.574206
[6] Cluster changes: 3175	Max. centroid distance: 5.877069
[7] Cluster changes: 3314	Max. centroid distance: 5.060454
[8] Cluster changes: 3012	Max. centroid distance: 4.157356
[9] Cluster changes: 2652	Max. centroid distance: 3.957620
[10] Cluster changes: 2332	Max. centroid distance: 3.680246
[11] Cluster changes: 2078	Max. centroid distance: 3.580554
[12] Cluster changes: 1972	Max. centroid distance: 3.118331
[13] Cluster changes: 1894	Max. centroid distance: 4.182730
[14] Cluster changes: 1676	Max. centroid distance: 4.250713
[15] Cluster changes: 1472	Max. centroid distance: 3.609353
[16] Cluster changes: 1348	Max. centroid distance: 2.625580
[17] Cluster changes: 1208	Max. centroid distance: 2.687960
[18] Cluster changes: 1104	Max. centroid distance: 2.979863
[19] Cluster changes: 1066	Max. centroid distance: 2.700759
[20] Cluster changes: 912	Max. centroid distance: 1.982138
[21] Cluster changes: 824	Max. centroid distance: 2.224752
[22] Cluster changes: 716	Max. centroid distance: 1.719103
[23] Cluster changes: 618	Max. centroid distance: 1.299904
[24] Cluster changes: 620	Max. centroid distance: 1.289984
[25] Cluster changes: 664	Max. centroid distance: 1.827603
[26] Cluster changes: 648	Max. centroid distance: 1.812601
[27] Cluster changes: 660	Max. centroid distance: 2.013588
[28] Cluster changes: 586	Max. centroid distance: 1.303058
[29] Cluster changes: 566	Max. centroid distance: 1.519565
[30] Cluster changes: 594	Max. centroid distance: 1.371815
[31] Cluster changes: 614	Max. centroid distance: 1.749444
[32] Cluster changes: 602	Max. centroid distance: 1.575234
[33] Cluster changes: 668	Max. centroid distance: 1.743713
[34] Cluster changes: 694	Max. centroid distance: 2.409326
[35] Cluster changes: 688	Max. centroid distance: 2.822046
[36] Cluster changes: 670	Max. centroid distance: 2.806754
[37] Cluster changes: 670	Max. centroid distance: 2.860331
[38] Cluster changes: 630	Max. centroid distance: 2.585061
[39] Cluster changes: 552	Max. centroid distance: 2.282221
[40] Cluster changes: 564	Max. centroid distance: 2.272160
[41] Cluster changes: 492	Max. centroid distance: 2.293883
Computation: 0.662601 seconds

Termination condition:
Minimum number of changes reached: 492 [500]

Memory deallocation: 0.667737 seconds
