000 (319508.062.000) 2025-02-07 00:27:29 Job submitted from host: <192.168.0.102:9618?addrs=192.168.0.102-9618&alias=submitter&noUDP&sock=schedd_4045053_7bc0>
...
001 (319508.062.000) 2025-02-07 02:02:30 Job executing on host: <192.168.0.132:9618?addrs=192.168.0.132-9618&alias=node132.di.rm1&noUDP&sock=startd_1999_b9e8>
...
006 (319508.062.000) 2025-02-07 02:02:37 Image size of job updated: 7040
	1  -  MemoryUsage of job (MB)
	628  -  ResidentSetSize of job (KB)
...
005 (319508.062.000) 2025-02-07 02:02:37 Job terminated.
	(1) Normal termination (return value 0)
		Usr 0 00:00:27, Sys 0 00:00:00  -  Run Remote Usage
		Usr 0 00:00:00, Sys 0 00:00:00  -  Run Local Usage
		Usr 0 00:00:27, Sys 0 00:00:00  -  Total Remote Usage
		Usr 0 00:00:00, Sys 0 00:00:00  -  Total Local Usage
	0  -  Run Bytes Sent By Job
	0  -  Run Bytes Received By Job
	0  -  Total Bytes Sent By Job
	0  -  Total Bytes Received By Job
	Partitionable Resources :    Usage  Request Allocated 
	   Cpus                 :                64        64 
	   Disk (KB)            :       25       25    474788 
	   Memory (MB)          :        1        1       128 

	Job terminated of its own accord at 2025-02-07T02:02:37Z with exit-code 0.
...
