000 (322713.098.000) 2025-02-07 22:37:19 Job submitted from host: <192.168.0.102:9618?addrs=192.168.0.102-9618&alias=submitter&noUDP&sock=schedd_4045053_7bc0>
...
001 (322713.098.000) 2025-02-07 22:45:29 Job executing on host: <192.168.0.115:9618?addrs=192.168.0.115-9618&alias=node115.di.rm1&noUDP&sock=startd_1101621_f4a0>
...
006 (322713.098.000) 2025-02-07 22:45:37 Image size of job updated: 15632
	13  -  MemoryUsage of job (MB)
	12516  -  ResidentSetSize of job (KB)
...
005 (322713.098.000) 2025-02-07 22:45:37 Job terminated.
	(1) Normal termination (return value 0)
		Usr 0 00:00:09, Sys 0 00:00:01  -  Run Remote Usage
		Usr 0 00:00:00, Sys 0 00:00:00  -  Run Local Usage
		Usr 0 00:00:09, Sys 0 00:00:01  -  Total Remote Usage
		Usr 0 00:00:00, Sys 0 00:00:00  -  Total Local Usage
	0  -  Run Bytes Sent By Job
	0  -  Run Bytes Received By Job
	0  -  Total Bytes Sent By Job
	0  -  Total Bytes Received By Job
	Partitionable Resources :    Usage  Request Allocated 
	   Cpus                 :                64        64 
	   Disk (KB)            :       27       27    472524 
	   Memory (MB)          :       13        1       128 

	Job terminated of its own accord at 2025-02-07T22:45:37Z with exit-code 0.
...
