000 (317018.085.000) 2025-02-06 22:54:04 Job submitted from host: <192.168.0.102:9618?addrs=192.168.0.102-9618&alias=submitter&noUDP&sock=schedd_4045053_7bc0>
...
001 (317018.085.000) 2025-02-06 23:03:22 Job executing on host: <192.168.0.146:9618?addrs=192.168.0.146-9618&alias=node146.di.rm1&noUDP&sock=startd_1984_6ffc>
...
006 (317018.085.000) 2025-02-06 23:03:31 Image size of job updated: 9124
	5  -  MemoryUsage of job (MB)
	4768  -  ResidentSetSize of job (KB)
...
005 (317018.085.000) 2025-02-06 23:03:32 Job terminated.
	(1) Normal termination (return value 0)
		Usr 0 00:00:17, Sys 0 00:00:00  -  Run Remote Usage
		Usr 0 00:00:00, Sys 0 00:00:00  -  Run Local Usage
		Usr 0 00:00:17, Sys 0 00:00:00  -  Total Remote Usage
		Usr 0 00:00:00, Sys 0 00:00:00  -  Total Local Usage
	0  -  Run Bytes Sent By Job
	0  -  Run Bytes Received By Job
	0  -  Total Bytes Sent By Job
	0  -  Total Bytes Received By Job
	Partitionable Resources :    Usage  Request Allocated 
	   Cpus                 :                64        64 
	   Disk (KB)            :       25       25    466414 
	   Memory (MB)          :        5        1       128 

	Job terminated of its own accord at 2025-02-06T23:03:32Z with exit-code 0.
...
000 (319501.085.000) 2025-02-07 00:08:34 Job submitted from host: <192.168.0.102:9618?addrs=192.168.0.102-9618&alias=submitter&noUDP&sock=schedd_4045053_7bc0>
...
001 (319501.085.000) 2025-02-07 01:51:25 Job executing on host: <192.168.0.132:9618?addrs=192.168.0.132-9618&alias=node132.di.rm1&noUDP&sock=startd_1999_b9e8>
...
006 (319501.085.000) 2025-02-07 01:51:32 Image size of job updated: 9492
	1  -  MemoryUsage of job (MB)
	56  -  ResidentSetSize of job (KB)
...
005 (319501.085.000) 2025-02-07 01:51:32 Job terminated.
	(1) Normal termination (return value 0)
		Usr 0 00:00:13, Sys 0 00:00:00  -  Run Remote Usage
		Usr 0 00:00:00, Sys 0 00:00:00  -  Run Local Usage
		Usr 0 00:00:13, Sys 0 00:00:00  -  Total Remote Usage
		Usr 0 00:00:00, Sys 0 00:00:00  -  Total Local Usage
	0  -  Run Bytes Sent By Job
	0  -  Run Bytes Received By Job
	0  -  Total Bytes Sent By Job
	0  -  Total Bytes Received By Job
	Partitionable Resources :    Usage  Request Allocated 
	   Cpus                 :        0       64        64 
	   Disk (KB)            :       25       25    474788 
	   Memory (MB)          :        1        1       128 

	Job terminated of its own accord at 2025-02-07T01:51:32Z with exit-code 0.
...
