000 (319565.030.000) 2025-02-07 00:51:59 Job submitted from host: <192.168.0.102:9618?addrs=192.168.0.102-9618&alias=submitter&noUDP&sock=schedd_4045053_7bc0>
...
001 (319565.030.000) 2025-02-07 02:33:18 Job executing on host: <192.168.0.132:9618?addrs=192.168.0.132-9618&alias=node132.di.rm1&noUDP&sock=startd_1999_b9e8>
...
006 (319565.030.000) 2025-02-07 02:33:27 Image size of job updated: 19080
	16  -  MemoryUsage of job (MB)
	15648  -  ResidentSetSize of job (KB)
...
006 (319565.030.000) 2025-02-07 02:33:37 Image size of job updated: 47756
	16  -  MemoryUsage of job (MB)
	15648  -  ResidentSetSize of job (KB)
...
005 (319565.030.000) 2025-02-07 02:33:37 Job terminated.
	(1) Normal termination (return value 0)
		Usr 0 00:04:42, Sys 0 00:00:01  -  Run Remote Usage
		Usr 0 00:00:00, Sys 0 00:00:00  -  Run Local Usage
		Usr 0 00:04:42, Sys 0 00:00:01  -  Total Remote Usage
		Usr 0 00:00:00, Sys 0 00:00:00  -  Total Local Usage
	0  -  Run Bytes Sent By Job
	0  -  Run Bytes Received By Job
	0  -  Total Bytes Sent By Job
	0  -  Total Bytes Received By Job
	Partitionable Resources :    Usage  Request Allocated 
	   Cpus                 :                64        64 
	   Disk (KB)            :       25       25    474788 
	   Memory (MB)          :       16        1       128 

	Job terminated of its own accord at 2025-02-07T02:33:37Z with exit-code 0.
...
