000 (297001.090.000) 2025-02-01 16:43:39 Job submitted from host: <192.168.0.102:9618?addrs=192.168.0.102-9618&alias=submitter&noUDP&sock=schedd_4045053_7bc0>
...
001 (297001.090.000) 2025-02-01 16:44:18 Job executing on host: <192.168.0.107:9618?addrs=192.168.0.107-9618&alias=node107.di.rm1&noUDP&sock=startd_1981_6134>
...
006 (297001.090.000) 2025-02-01 16:44:21 Image size of job updated: 8208
	1  -  MemoryUsage of job (MB)
	784  -  ResidentSetSize of job (KB)
...
005 (297001.090.000) 2025-02-01 16:44:21 Job terminated.
	(1) Normal termination (return value 0)
		Usr 0 00:00:04, Sys 0 00:00:00  -  Run Remote Usage
		Usr 0 00:00:00, Sys 0 00:00:00  -  Run Local Usage
		Usr 0 00:00:04, Sys 0 00:00:00  -  Total Remote Usage
		Usr 0 00:00:00, Sys 0 00:00:00  -  Total Local Usage
	0  -  Run Bytes Sent By Job
	0  -  Run Bytes Received By Job
	0  -  Total Bytes Sent By Job
	0  -  Total Bytes Received By Job
	Partitionable Resources :    Usage  Request Allocated 
	   Cpus                 :                64        64 
	   Disk (KB)            :       22       22    471963 
	   Memory (MB)          :        1        1       128 

	Job terminated of its own accord at 2025-02-01T16:44:21Z with exit-code 0.
...
