000 (322753.045.000) 2025-02-07 22:53:09 Job submitted from host: <192.168.0.102:9618?addrs=192.168.0.102-9618&alias=submitter&noUDP&sock=schedd_4045053_7bc0>
...
001 (322753.045.000) 2025-02-07 22:53:18 Job executing on host: <192.168.0.104:9618?addrs=192.168.0.104-9618&alias=node104.di.rm1&noUDP&sock=startd_1987_7ec5>
...
006 (322753.045.000) 2025-02-07 22:53:18 Image size of job updated: 68
	1  -  MemoryUsage of job (MB)
	68  -  ResidentSetSize of job (KB)
...
005 (322753.045.000) 2025-02-07 22:53:19 Job terminated.
	(1) Normal termination (return value 0)
		Usr 0 00:00:00, Sys 0 00:00:00  -  Run Remote Usage
		Usr 0 00:00:00, Sys 0 00:00:00  -  Run Local Usage
		Usr 0 00:00:00, Sys 0 00:00:00  -  Total Remote Usage
		Usr 0 00:00:00, Sys 0 00:00:00  -  Total Local Usage
	0  -  Run Bytes Sent By Job
	0  -  Run Bytes Received By Job
	0  -  Total Bytes Sent By Job
	0  -  Total Bytes Received By Job
	Partitionable Resources :    Usage  Request Allocated 
	   Cpus                 :                64        64 
	   Disk (KB)            :       27       27    465124 
	   Memory (MB)          :        1        1       128 

	Job terminated of its own accord at 2025-02-07T22:53:18Z with exit-code 0.
...
000 (322762.045.000) 2025-02-07 22:55:08 Job submitted from host: <192.168.0.102:9618?addrs=192.168.0.102-9618&alias=submitter&noUDP&sock=schedd_4045053_7bc0>
...
001 (322762.045.000) 2025-02-07 22:56:10 Job executing on host: <192.168.0.133:9618?addrs=192.168.0.133-9618&alias=node133.di.rm1&noUDP&sock=startd_1941_f16a>
...
006 (322762.045.000) 2025-02-07 22:56:10 Image size of job updated: 60
	1  -  MemoryUsage of job (MB)
	60  -  ResidentSetSize of job (KB)
...
005 (322762.045.000) 2025-02-07 22:56:10 Job terminated.
	(1) Normal termination (return value 0)
		Usr 0 00:00:01, Sys 0 00:00:00  -  Run Remote Usage
		Usr 0 00:00:00, Sys 0 00:00:00  -  Run Local Usage
		Usr 0 00:00:01, Sys 0 00:00:00  -  Total Remote Usage
		Usr 0 00:00:00, Sys 0 00:00:00  -  Total Local Usage
	0  -  Run Bytes Sent By Job
	0  -  Run Bytes Received By Job
	0  -  Total Bytes Sent By Job
	0  -  Total Bytes Received By Job
	Partitionable Resources :    Usage  Request Allocated 
	   Cpus                 :                64        64 
	   Disk (KB)            :       27       27    473452 
	   Memory (MB)          :        1        1       128 

	Job terminated of its own accord at 2025-02-07T22:56:10Z with exit-code 0.
...
000 (322766.045.000) 2025-02-07 22:56:12 Job submitted from host: <192.168.0.102:9618?addrs=192.168.0.102-9618&alias=submitter&noUDP&sock=schedd_4045053_7bc0>
...
001 (322766.045.000) 2025-02-07 22:56:42 Job executing on host: <192.168.0.133:9618?addrs=192.168.0.133-9618&alias=node133.di.rm1&noUDP&sock=startd_1941_f16a>
...
006 (322766.045.000) 2025-02-07 22:56:42 Image size of job updated: 64
	1  -  MemoryUsage of job (MB)
	64  -  ResidentSetSize of job (KB)
...
005 (322766.045.000) 2025-02-07 22:56:42 Job terminated.
	(1) Normal termination (return value 0)
		Usr 0 00:00:00, Sys 0 00:00:00  -  Run Remote Usage
		Usr 0 00:00:00, Sys 0 00:00:00  -  Run Local Usage
		Usr 0 00:00:00, Sys 0 00:00:00  -  Total Remote Usage
		Usr 0 00:00:00, Sys 0 00:00:00  -  Total Local Usage
	0  -  Run Bytes Sent By Job
	0  -  Run Bytes Received By Job
	0  -  Total Bytes Sent By Job
	0  -  Total Bytes Received By Job
	Partitionable Resources :    Usage  Request Allocated 
	   Cpus                 :                64        64 
	   Disk (KB)            :       27       27    473452 
	   Memory (MB)          :        1        1       128 

	Job terminated of its own accord at 2025-02-07T22:56:42Z with exit-code 0.
...
