000 (322753.081.000) 2025-02-07 22:53:10 Job submitted from host: <192.168.0.102:9618?addrs=192.168.0.102-9618&alias=submitter&noUDP&sock=schedd_4045053_7bc0>
...
001 (322753.081.000) 2025-02-07 22:53:23 Job executing on host: <192.168.0.133:9618?addrs=192.168.0.133-9618&alias=node133.di.rm1&noUDP&sock=startd_1941_f16a>
...
006 (322753.081.000) 2025-02-07 22:53:23 Image size of job updated: 44
	1  -  MemoryUsage of job (MB)
	44  -  ResidentSetSize of job (KB)
...
005 (322753.081.000) 2025-02-07 22:53:23 Job terminated.
	(1) Normal termination (return value 0)
		Usr 0 00:00:00, Sys 0 00:00:00  -  Run Remote Usage
		Usr 0 00:00:00, Sys 0 00:00:00  -  Run Local Usage
		Usr 0 00:00:00, Sys 0 00:00:00  -  Total Remote Usage
		Usr 0 00:00:00, Sys 0 00:00:00  -  Total Local Usage
	0  -  Run Bytes Sent By Job
	0  -  Run Bytes Received By Job
	0  -  Total Bytes Sent By Job
	0  -  Total Bytes Received By Job
	Partitionable Resources :    Usage  Request Allocated 
	   Cpus                 :                64        64 
	   Disk (KB)            :       27       27    473452 
	   Memory (MB)          :        1        1       128 

	Job terminated of its own accord at 2025-02-07T22:53:23Z with exit-code 0.
...
000 (322762.081.000) 2025-02-07 22:55:08 Job submitted from host: <192.168.0.102:9618?addrs=192.168.0.102-9618&alias=submitter&noUDP&sock=schedd_4045053_7bc0>
...
000 (322766.081.000) 2025-02-07 22:56:13 Job submitted from host: <192.168.0.102:9618?addrs=192.168.0.102-9618&alias=submitter&noUDP&sock=schedd_4045053_7bc0>
...
001 (322762.081.000) 2025-02-07 22:56:17 Job executing on host: <192.168.0.133:9618?addrs=192.168.0.133-9618&alias=node133.di.rm1&noUDP&sock=startd_1941_f16a>
...
006 (322762.081.000) 2025-02-07 22:56:18 Image size of job updated: 104
	1  -  MemoryUsage of job (MB)
	104  -  ResidentSetSize of job (KB)
...
005 (322762.081.000) 2025-02-07 22:56:18 Job terminated.
	(1) Normal termination (return value 0)
		Usr 0 00:00:01, Sys 0 00:00:00  -  Run Remote Usage
		Usr 0 00:00:00, Sys 0 00:00:00  -  Run Local Usage
		Usr 0 00:00:01, Sys 0 00:00:00  -  Total Remote Usage
		Usr 0 00:00:00, Sys 0 00:00:00  -  Total Local Usage
	0  -  Run Bytes Sent By Job
	0  -  Run Bytes Received By Job
	0  -  Total Bytes Sent By Job
	0  -  Total Bytes Received By Job
	Partitionable Resources :    Usage  Request Allocated 
	   Cpus                 :                64        64 
	   Disk (KB)            :       27       27    473452 
	   Memory (MB)          :        1        1       128 

	Job terminated of its own accord at 2025-02-07T22:56:18Z with exit-code 0.
...
001 (322766.081.000) 2025-02-07 22:56:50 Job executing on host: <192.168.0.133:9618?addrs=192.168.0.133-9618&alias=node133.di.rm1&noUDP&sock=startd_1941_f16a>
...
006 (322766.081.000) 2025-02-07 22:56:50 Image size of job updated: 48
	1  -  MemoryUsage of job (MB)
	48  -  ResidentSetSize of job (KB)
...
005 (322766.081.000) 2025-02-07 22:56:50 Job terminated.
	(1) Normal termination (return value 0)
		Usr 0 00:00:00, Sys 0 00:00:00  -  Run Remote Usage
		Usr 0 00:00:00, Sys 0 00:00:00  -  Run Local Usage
		Usr 0 00:00:00, Sys 0 00:00:00  -  Total Remote Usage
		Usr 0 00:00:00, Sys 0 00:00:00  -  Total Local Usage
	0  -  Run Bytes Sent By Job
	0  -  Run Bytes Received By Job
	0  -  Total Bytes Sent By Job
	0  -  Total Bytes Received By Job
	Partitionable Resources :    Usage  Request Allocated 
	   Cpus                 :                64        64 
	   Disk (KB)            :       27       27    473452 
	   Memory (MB)          :        1        1       128 

	Job terminated of its own accord at 2025-02-07T22:56:50Z with exit-code 0.
...
