000 (320573.036.000) 2025-02-07 12:58:24 Job submitted from host: <192.168.0.102:9618?addrs=192.168.0.102-9618&alias=submitter&noUDP&sock=schedd_4045053_7bc0>
...
001 (320573.036.000) 2025-02-07 13:20:45 Job executing on host: <192.168.0.121:9618?addrs=192.168.0.121-9618&alias=node121.di.rm1&noUDP&sock=startd_2146_8e54>
...
006 (320573.036.000) 2025-02-07 13:20:54 Image size of job updated: 12264
	10  -  MemoryUsage of job (MB)
	9624  -  ResidentSetSize of job (KB)
...
004 (320573.036.000) 2025-02-07 13:20:56 Job was evicted.
	(0) CPU times
		Usr 0 00:00:11, Sys 0 00:00:00  -  Run Remote Usage
		Usr 0 00:00:00, Sys 0 00:00:00  -  Run Local Usage
	0  -  Run Bytes Sent By Job
	0  -  Run Bytes Received By Job
	Partitionable Resources :    Usage  Request Allocated 
	   Cpus                 :        0       64        64 
	   Disk (KB)            :       27       27    467232 
	   Memory (MB)          :       10        1       128 
...
001 (320573.036.000) 2025-02-07 13:24:32 Job executing on host: <192.168.0.108:9618?addrs=192.168.0.108-9618&alias=node108.di.rm1&noUDP&sock=startd_1979_0203>
...
006 (320573.036.000) 2025-02-07 13:24:41 Image size of job updated: 12672
	13  -  MemoryUsage of job (MB)
	12672  -  ResidentSetSize of job (KB)
...
005 (320573.036.000) 2025-02-07 13:24:44 Job terminated.
	(1) Normal termination (return value 0)
		Usr 0 00:00:12, Sys 0 00:00:00  -  Run Remote Usage
		Usr 0 00:00:00, Sys 0 00:00:00  -  Run Local Usage
		Usr 0 00:00:23, Sys 0 00:00:00  -  Total Remote Usage
		Usr 0 00:00:00, Sys 0 00:00:00  -  Total Local Usage
	0  -  Run Bytes Sent By Job
	0  -  Run Bytes Received By Job
	0  -  Total Bytes Sent By Job
	0  -  Total Bytes Received By Job
	Partitionable Resources :    Usage  Request Allocated 
	   Cpus                 :        0       64        64 
	   Disk (KB)            :       27       27    474134 
	   Memory (MB)          :       13       10       128 

	Job terminated of its own accord at 2025-02-07T13:24:44Z with exit-code 0.
...
