000 (320573.049.000) 2025-02-07 12:58:24 Job submitted from host: <192.168.0.102:9618?addrs=192.168.0.102-9618&alias=submitter&noUDP&sock=schedd_4045053_7bc0>
...
001 (320573.049.000) 2025-02-07 13:25:48 Job executing on host: <192.168.0.143:9618?addrs=192.168.0.143-9618&alias=node143.di.rm1&noUDP&sock=startd_2061_40c7>
...
006 (320573.049.000) 2025-02-07 13:25:56 Image size of job updated: 11652
	11  -  MemoryUsage of job (MB)
	10332  -  ResidentSetSize of job (KB)
...
005 (320573.049.000) 2025-02-07 13:26:00 Job terminated.
	(1) Normal termination (return value 0)
		Usr 0 00:00:13, Sys 0 00:00:00  -  Run Remote Usage
		Usr 0 00:00:00, Sys 0 00:00:00  -  Run Local Usage
		Usr 0 00:00:13, Sys 0 00:00:00  -  Total Remote Usage
		Usr 0 00:00:00, Sys 0 00:00:00  -  Total Local Usage
	0  -  Run Bytes Sent By Job
	0  -  Run Bytes Received By Job
	0  -  Total Bytes Sent By Job
	0  -  Total Bytes Received By Job
	Partitionable Resources :    Usage  Request Allocated 
	   Cpus                 :                64        64 
	   Disk (KB)            :       27       27    459633 
	   Memory (MB)          :       11        1       128 

	Job terminated of its own accord at 2025-02-07T13:26:00Z with exit-code 0.
...
