000 (315996.095.000) 2025-02-06 21:36:06 Job submitted from host: <192.168.0.102:9618?addrs=192.168.0.102-9618&alias=submitter&noUDP&sock=schedd_4045053_7bc0>
...
001 (315996.095.000) 2025-02-06 22:19:05 Job executing on host: <192.168.0.138:9618?addrs=192.168.0.138-9618&alias=node138.di.rm1&noUDP&sock=startd_2998744_89a3>
...
006 (315996.095.000) 2025-02-06 22:19:13 Image size of job updated: 22048
	10  -  MemoryUsage of job (MB)
	9376  -  ResidentSetSize of job (KB)
...
005 (315996.095.000) 2025-02-06 22:19:22 Job terminated.
	(1) Normal termination (return value 0)
		Usr 0 00:00:17, Sys 0 00:00:00  -  Run Remote Usage
		Usr 0 00:00:00, Sys 0 00:00:00  -  Run Local Usage
		Usr 0 00:00:17, Sys 0 00:00:00  -  Total Remote Usage
		Usr 0 00:00:00, Sys 0 00:00:00  -  Total Local Usage
	0  -  Run Bytes Sent By Job
	0  -  Run Bytes Received By Job
	0  -  Total Bytes Sent By Job
	0  -  Total Bytes Received By Job
	Partitionable Resources :    Usage  Request Allocated 
	   Cpus                 :                64        64 
	   Disk (KB)            :       25       25    474244 
	   Memory (MB)          :       10        1       128 

	Job terminated of its own accord at 2025-02-06T22:19:22Z with exit-code 0.
...
000 (319083.095.000) 2025-02-06 23:55:38 Job submitted from host: <192.168.0.102:9618?addrs=192.168.0.102-9618&alias=submitter&noUDP&sock=schedd_4045053_7bc0>
...
001 (319083.095.000) 2025-02-07 01:00:52 Job executing on host: <192.168.0.138:9618?addrs=192.168.0.138-9618&alias=node138.di.rm1&noUDP&sock=startd_2998744_89a3>
...
006 (319083.095.000) 2025-02-07 01:01:00 Image size of job updated: 23168
	10  -  MemoryUsage of job (MB)
	9968  -  ResidentSetSize of job (KB)
...
005 (319083.095.000) 2025-02-07 01:01:09 Job terminated.
	(1) Normal termination (return value 0)
		Usr 0 00:00:17, Sys 0 00:00:00  -  Run Remote Usage
		Usr 0 00:00:00, Sys 0 00:00:00  -  Run Local Usage
		Usr 0 00:00:17, Sys 0 00:00:00  -  Total Remote Usage
		Usr 0 00:00:00, Sys 0 00:00:00  -  Total Local Usage
	0  -  Run Bytes Sent By Job
	0  -  Run Bytes Received By Job
	0  -  Total Bytes Sent By Job
	0  -  Total Bytes Received By Job
	Partitionable Resources :    Usage  Request Allocated 
	   Cpus                 :     1.00       64        64 
	   Disk (KB)            :    25          25    474244 
	   Memory (MB)          :    10           1       128 

	Job terminated of its own accord at 2025-02-07T01:01:09Z with exit-code 0.
...
