
	Data file: test_files/input16D.inp 
	Points: 50000
	Dimensions: 16
	Number of clusters: 128
	Maximum number of iterations: 1000
	Minimum number of changes: 500 [1% of 50000 points]
	Maximum centroid precision: 1.000000

Memory allocation: 0.097013 seconds

[1] Cluster changes: 68752	Max. centroid distance: 127.478569
[2] Cluster changes: 30286	Max. centroid distance: 44.147293
[3] Cluster changes: 13260	Max. centroid distance: 20.129507
[4] Cluster changes: 8273	Max. centroid distance: 15.544727
[5] Cluster changes: 5978	Max. centroid distance: 12.933678
[6] Cluster changes: 6302	Max. centroid distance: 11.470597
[7] Cluster changes: 5244	Max. centroid distance: 9.669322
[8] Cluster changes: 4782	Max. centroid distance: 8.587157
[9] Cluster changes: 4190	Max. centroid distance: 8.409569
[10] Cluster changes: 3762	Max. centroid distance: 8.929055
[11] Cluster changes: 3554	Max. centroid distance: 7.808328
[12] Cluster changes: 3232	Max. centroid distance: 6.604353
[13] Cluster changes: 2862	Max. centroid distance: 8.018751
[14] Cluster changes: 2460	Max. centroid distance: 6.273814
[15] Cluster changes: 2178	Max. centroid distance: 5.804648
[16] Cluster changes: 2070	Max. centroid distance: 6.682203
[17] Cluster changes: 1940	Max. centroid distance: 7.055346
[18] Cluster changes: 2024	Max. centroid distance: 7.145094
[19] Cluster changes: 1868	Max. centroid distance: 6.271479
[20] Cluster changes: 1832	Max. centroid distance: 5.700059
[21] Cluster changes: 1652	Max. centroid distance: 4.493106
[22] Cluster changes: 1472	Max. centroid distance: 5.257562
[23] Cluster changes: 1312	Max. centroid distance: 4.616151
[24] Cluster changes: 1232	Max. centroid distance: 4.906769
[25] Cluster changes: 1238	Max. centroid distance: 4.673899
[26] Cluster changes: 1126	Max. centroid distance: 3.829669
[27] Cluster changes: 1042	Max. centroid distance: 3.151134
[28] Cluster changes: 1022	Max. centroid distance: 3.447291
[29] Cluster changes: 978	Max. centroid distance: 4.663531
[30] Cluster changes: 936	Max. centroid distance: 3.730233
[31] Cluster changes: 918	Max. centroid distance: 4.313913
[32] Cluster changes: 856	Max. centroid distance: 5.076866
[33] Cluster changes: 806	Max. centroid distance: 3.584660
[34] Cluster changes: 810	Max. centroid distance: 4.737238
[35] Cluster changes: 780	Max. centroid distance: 4.661823
[36] Cluster changes: 746	Max. centroid distance: 4.238036
[37] Cluster changes: 780	Max. centroid distance: 4.058392
[38] Cluster changes: 798	Max. centroid distance: 3.831882
[39] Cluster changes: 788	Max. centroid distance: 3.432399
[40] Cluster changes: 696	Max. centroid distance: 3.571061
[41] Cluster changes: 694	Max. centroid distance: 3.348620
[42] Cluster changes: 716	Max. centroid distance: 3.466297
[43] Cluster changes: 674	Max. centroid distance: 3.426307
[44] Cluster changes: 670	Max. centroid distance: 3.279885
[45] Cluster changes: 672	Max. centroid distance: 4.086507
[46] Cluster changes: 710	Max. centroid distance: 3.602184
[47] Cluster changes: 662	Max. centroid distance: 3.699199
[48] Cluster changes: 646	Max. centroid distance: 3.748568
[49] Cluster changes: 600	Max. centroid distance: 4.165035
[50] Cluster changes: 602	Max. centroid distance: 4.178559
[51] Cluster changes: 518	Max. centroid distance: 4.169360
[52] Cluster changes: 460	Max. centroid distance: 2.489496
Computation: 1.844923 seconds

Termination condition:
Minimum number of changes reached: 460 [500]

Memory deallocation: 1.850375 seconds
