000 (316464.041.000) 2025-02-06 22:43:07 Job submitted from host: <192.168.0.102:9618?addrs=192.168.0.102-9618&alias=submitter&noUDP&sock=schedd_4045053_7bc0>
...
001 (316464.041.000) 2025-02-06 22:45:48 Job executing on host: <192.168.0.138:9618?addrs=192.168.0.138-9618&alias=node138.di.rm1&noUDP&sock=startd_2998744_89a3>
...
006 (316464.041.000) 2025-02-06 22:45:53 Image size of job updated: 16020
	0  -  MemoryUsage of job (MB)
	0  -  ResidentSetSize of job (KB)
...
005 (316464.041.000) 2025-02-06 22:45:54 Job terminated.
	(1) Normal termination (return value 0)
		Usr 0 00:00:11, Sys 0 00:00:00  -  Run Remote Usage
		Usr 0 00:00:00, Sys 0 00:00:00  -  Run Local Usage
		Usr 0 00:00:11, Sys 0 00:00:00  -  Total Remote Usage
		Usr 0 00:00:00, Sys 0 00:00:00  -  Total Local Usage
	0  -  Run Bytes Sent By Job
	0  -  Run Bytes Received By Job
	0  -  Total Bytes Sent By Job
	0  -  Total Bytes Received By Job
	Partitionable Resources :    Usage  Request Allocated 
	   Cpus                 :                64        64 
	   Disk (KB)            :       25       25    474244 
	   Memory (MB)          :        0        1       128 

	Job terminated of its own accord at 2025-02-06T22:45:53Z with exit-code 0.
...
000 (319500.041.000) 2025-02-07 00:07:51 Job submitted from host: <192.168.0.102:9618?addrs=192.168.0.102-9618&alias=submitter&noUDP&sock=schedd_4045053_7bc0>
...
001 (319500.041.000) 2025-02-07 01:17:41 Job executing on host: <192.168.0.138:9618?addrs=192.168.0.138-9618&alias=node138.di.rm1&noUDP&sock=startd_2998744_89a3>
...
006 (319500.041.000) 2025-02-07 01:17:45 Image size of job updated: 13464
	0  -  MemoryUsage of job (MB)
	0  -  ResidentSetSize of job (KB)
...
005 (319500.041.000) 2025-02-07 01:17:45 Job terminated.
	(1) Normal termination (return value 0)
		Usr 0 00:00:07, Sys 0 00:00:00  -  Run Remote Usage
		Usr 0 00:00:00, Sys 0 00:00:00  -  Run Local Usage
		Usr 0 00:00:07, Sys 0 00:00:00  -  Total Remote Usage
		Usr 0 00:00:00, Sys 0 00:00:00  -  Total Local Usage
	0  -  Run Bytes Sent By Job
	0  -  Run Bytes Received By Job
	0  -  Total Bytes Sent By Job
	0  -  Total Bytes Received By Job
	Partitionable Resources :    Usage  Request Allocated 
	   Cpus                 :                64        64 
	   Disk (KB)            :       25       25    474244 
	   Memory (MB)          :        0        1       128 

	Job terminated of its own accord at 2025-02-07T01:17:45Z with exit-code 0.
...
