
	Data file: test_files/input8D.inp 
	Points: 50000
	Dimensions: 8
	Number of clusters: 50
	Maximum number of iterations: 100
	Minimum number of changes: 5 [0.01% of 50000 points]
	Maximum centroid precision: 0.001000

Memory allocation: 0.050835 seconds

[1] Cluster changes: 50000	Max. centroid distance: 3939.598633
[2] Cluster changes: 11440	Max. centroid distance: 941.851318
[3] Cluster changes: 6364	Max. centroid distance: 265.479736
[4] Cluster changes: 4377	Max. centroid distance: 175.564407
[5] Cluster changes: 3405	Max. centroid distance: 128.745819
[6] Cluster changes: 2856	Max. centroid distance: 105.065941
[7] Cluster changes: 2403	Max. centroid distance: 72.522049
[8] Cluster changes: 2198	Max. centroid distance: 55.886208
[9] Cluster changes: 1952	Max. centroid distance: 54.976963
[10] Cluster changes: 1786	Max. centroid distance: 51.264496
[11] Cluster changes: 1705	Max. centroid distance: 41.980465
[12] Cluster changes: 1543	Max. centroid distance: 45.830021
[13] Cluster changes: 1423	Max. centroid distance: 31.263550
[14] Cluster changes: 1243	Max. centroid distance: 30.869490
[15] Cluster changes: 1141	Max. centroid distance: 24.945650
[16] Cluster changes: 1013	Max. centroid distance: 29.517174
[17] Cluster changes: 962	Max. centroid distance: 23.656054
[18] Cluster changes: 898	Max. centroid distance: 20.265503
[19] Cluster changes: 906	Max. centroid distance: 15.620225
[20] Cluster changes: 864	Max. centroid distance: 13.295403
[21] Cluster changes: 799	Max. centroid distance: 13.188739
[22] Cluster changes: 738	Max. centroid distance: 13.000654
[23] Cluster changes: 737	Max. centroid distance: 17.214241
[24] Cluster changes: 704	Max. centroid distance: 14.202979
[25] Cluster changes: 682	Max. centroid distance: 9.404124
[26] Cluster changes: 629	Max. centroid distance: 7.712551
[27] Cluster changes: 556	Max. centroid distance: 8.869179
[28] Cluster changes: 514	Max. centroid distance: 7.729238
[29] Cluster changes: 514	Max. centroid distance: 20.503391
[30] Cluster changes: 495	Max. centroid distance: 9.801997
[31] Cluster changes: 486	Max. centroid distance: 7.261711
[32] Cluster changes: 465	Max. centroid distance: 5.631015
[33] Cluster changes: 429	Max. centroid distance: 7.508750
[34] Cluster changes: 422	Max. centroid distance: 6.101132
[35] Cluster changes: 443	Max. centroid distance: 8.221287
[36] Cluster changes: 445	Max. centroid distance: 10.386980
[37] Cluster changes: 435	Max. centroid distance: 10.395560
[38] Cluster changes: 410	Max. centroid distance: 8.544681
[39] Cluster changes: 403	Max. centroid distance: 4.976405
[40] Cluster changes: 378	Max. centroid distance: 4.994431
[41] Cluster changes: 355	Max. centroid distance: 5.018117
[42] Cluster changes: 305	Max. centroid distance: 7.177509
[43] Cluster changes: 293	Max. centroid distance: 8.102247
[44] Cluster changes: 260	Max. centroid distance: 4.581285
[45] Cluster changes: 241	Max. centroid distance: 2.304030
[46] Cluster changes: 200	Max. centroid distance: 2.440356
[47] Cluster changes: 196	Max. centroid distance: 1.776420
[48] Cluster changes: 185	Max. centroid distance: 1.959333
[49] Cluster changes: 185	Max. centroid distance: 3.073475
[50] Cluster changes: 202	Max. centroid distance: 2.929761
[51] Cluster changes: 220	Max. centroid distance: 5.094828
[52] Cluster changes: 234	Max. centroid distance: 5.005748
[53] Cluster changes: 236	Max. centroid distance: 3.702548
[54] Cluster changes: 205	Max. centroid distance: 2.902967
[55] Cluster changes: 191	Max. centroid distance: 2.509742
[56] Cluster changes: 179	Max. centroid distance: 5.468536
[57] Cluster changes: 199	Max. centroid distance: 5.711524
[58] Cluster changes: 179	Max. centroid distance: 7.174682
[59] Cluster changes: 186	Max. centroid distance: 10.110365
[60] Cluster changes: 176	Max. centroid distance: 6.713992
[61] Cluster changes: 181	Max. centroid distance: 7.763918
[62] Cluster changes: 172	Max. centroid distance: 9.164888
[63] Cluster changes: 198	Max. centroid distance: 10.851449
[64] Cluster changes: 203	Max. centroid distance: 11.110907
[65] Cluster changes: 240	Max. centroid distance: 11.050421
[66] Cluster changes: 243	Max. centroid distance: 17.703548
[67] Cluster changes: 270	Max. centroid distance: 15.076992
[68] Cluster changes: 242	Max. centroid distance: 11.772444
[69] Cluster changes: 243	Max. centroid distance: 8.027784
[70] Cluster changes: 227	Max. centroid distance: 3.136264
[71] Cluster changes: 209	Max. centroid distance: 3.410854
[72] Cluster changes: 193	Max. centroid distance: 2.467643
[73] Cluster changes: 207	Max. centroid distance: 4.401057
[74] Cluster changes: 184	Max. centroid distance: 3.806878
[75] Cluster changes: 184	Max. centroid distance: 5.153369
[76] Cluster changes: 162	Max. centroid distance: 4.047431
[77] Cluster changes: 155	Max. centroid distance: 5.963017
[78] Cluster changes: 151	Max. centroid distance: 1.361957
[79] Cluster changes: 142	Max. centroid distance: 0.942006
[80] Cluster changes: 162	Max. centroid distance: 1.547400
[81] Cluster changes: 146	Max. centroid distance: 1.451770
[82] Cluster changes: 133	Max. centroid distance: 1.046084
[83] Cluster changes: 127	Max. centroid distance: 1.378035
[84] Cluster changes: 126	Max. centroid distance: 1.676407
[85] Cluster changes: 118	Max. centroid distance: 0.813859
[86] Cluster changes: 120	Max. centroid distance: 1.194130
[87] Cluster changes: 129	Max. centroid distance: 1.867835
[88] Cluster changes: 99	Max. centroid distance: 1.286505
[89] Cluster changes: 102	Max. centroid distance: 1.235254
[90] Cluster changes: 88	Max. centroid distance: 1.233168
[91] Cluster changes: 93	Max. centroid distance: 1.525140
[92] Cluster changes: 89	Max. centroid distance: 1.363274
[93] Cluster changes: 82	Max. centroid distance: 0.902494
[94] Cluster changes: 83	Max. centroid distance: 1.586507
[95] Cluster changes: 75	Max. centroid distance: 1.830568
[96] Cluster changes: 79	Max. centroid distance: 2.032026
[97] Cluster changes: 89	Max. centroid distance: 2.833579
[98] Cluster changes: 96	Max. centroid distance: 2.060764
[99] Cluster changes: 80	Max. centroid distance: 0.870655
[100] Cluster changes: 80	Max. centroid distance: 0.666510
Computation: 0.280486 seconds

Termination condition:
Maximum number of iterations reached: 100 [100]

Memory deallocation: 0.293426 seconds
