000 (328180.000.000) 2025-02-09 16:02:35 Job submitted from host: <192.168.0.102:9618?addrs=192.168.0.102-9618&alias=submitter&noUDP&sock=schedd_4045053_7bc0>
...
001 (328180.000.000) 2025-02-09 16:13:13 Job executing on host: <192.168.0.120:9618?addrs=192.168.0.120-9618&alias=node120.di.rm1&noUDP&sock=startd_2096_4298>
...
006 (328180.000.000) 2025-02-09 16:13:13 Image size of job updated: 750
	0  -  MemoryUsage of job (MB)
	0  -  ResidentSetSize of job (KB)
...
005 (328180.000.000) 2025-02-09 16:13:13 Job terminated.
	(1) Normal termination (return value 0)
		Usr 0 00:00:00, Sys 0 00:00:00  -  Run Remote Usage
		Usr 0 00:00:00, Sys 0 00:00:00  -  Run Local Usage
		Usr 0 00:00:00, Sys 0 00:00:00  -  Total Remote Usage
		Usr 0 00:00:00, Sys 0 00:00:00  -  Total Local Usage
	0  -  Run Bytes Sent By Job
	0  -  Run Bytes Received By Job
	0  -  Total Bytes Sent By Job
	0  -  Total Bytes Received By Job
	Partitionable Resources :    Usage  Request Allocated Assigned
	   Cpus                 :                64        64 
	   Disk (KB)            :      750      750    455114 
	   Gpus (Average)       :                 1         1 "GPU-e2f89d15"
	   Memory (MB)          :        0        1       128 

	Job terminated of its own accord at 2025-02-09T16:13:13Z with exit-code 0.
...
000 (328453.000.000) 2025-02-09 16:41:01 Job submitted from host: <192.168.0.102:9618?addrs=192.168.0.102-9618&alias=submitter&noUDP&sock=schedd_4045053_7bc0>
...
001 (328453.000.000) 2025-02-09 16:52:33 Job executing on host: <192.168.0.126:9618?addrs=192.168.0.126-9618&alias=node126.di.rm1&noUDP&sock=startd_2976_ddef>
...
006 (328453.000.000) 2025-02-09 16:52:34 Image size of job updated: 750
	0  -  MemoryUsage of job (MB)
	0  -  ResidentSetSize of job (KB)
...
005 (328453.000.000) 2025-02-09 16:52:34 Job terminated.
	(1) Normal termination (return value 0)
		Usr 0 00:00:00, Sys 0 00:00:00  -  Run Remote Usage
		Usr 0 00:00:00, Sys 0 00:00:00  -  Run Local Usage
		Usr 0 00:00:00, Sys 0 00:00:00  -  Total Remote Usage
		Usr 0 00:00:00, Sys 0 00:00:00  -  Total Local Usage
	0  -  Run Bytes Sent By Job
	0  -  Run Bytes Received By Job
	0  -  Total Bytes Sent By Job
	0  -  Total Bytes Received By Job
	Partitionable Resources :    Usage  Request Allocated Assigned
	   Cpus                 :                64        64 
	   Disk (KB)            :      750      750    160102 
	   Gpus (Average)       :                 1         1 "GPU-760a30db"
	   Memory (MB)          :        0        1       128 

	Job terminated of its own accord at 2025-02-09T16:52:34Z with exit-code 0.
...
