000 (328173.000.000) 2025-02-09 16:00:59 Job submitted from host: <192.168.0.102:9618?addrs=192.168.0.102-9618&alias=submitter&noUDP&sock=schedd_4045053_7bc0>
...
001 (328173.000.000) 2025-02-09 16:12:57 Job executing on host: <192.168.0.120:9618?addrs=192.168.0.120-9618&alias=node120.di.rm1&noUDP&sock=startd_2096_4298>
...
006 (328173.000.000) 2025-02-09 16:12:58 Image size of job updated: 750
	0  -  MemoryUsage of job (MB)
	0  -  ResidentSetSize of job (KB)
...
005 (328173.000.000) 2025-02-09 16:12:58 Job terminated.
	(1) Normal termination (return value 0)
		Usr 0 00:00:00, Sys 0 00:00:00  -  Run Remote Usage
		Usr 0 00:00:00, Sys 0 00:00:00  -  Run Local Usage
		Usr 0 00:00:00, Sys 0 00:00:00  -  Total Remote Usage
		Usr 0 00:00:00, Sys 0 00:00:00  -  Total Local Usage
	0  -  Run Bytes Sent By Job
	0  -  Run Bytes Received By Job
	0  -  Total Bytes Sent By Job
	0  -  Total Bytes Received By Job
	Partitionable Resources :    Usage  Request Allocated Assigned
	   Cpus                 :                64        64 
	   Disk (KB)            :      750      750    455114 
	   Gpus (Average)       :                 1         1 "GPU-e2f89d15"
	   Memory (MB)          :        0        1       128 

	Job terminated of its own accord at 2025-02-09T16:12:58Z with exit-code 0.
...
000 (328439.000.000) 2025-02-09 16:39:26 Job submitted from host: <192.168.0.102:9618?addrs=192.168.0.102-9618&alias=submitter&noUDP&sock=schedd_4045053_7bc0>
...
001 (328439.000.000) 2025-02-09 16:52:17 Job executing on host: <192.168.0.126:9618?addrs=192.168.0.126-9618&alias=node126.di.rm1&noUDP&sock=startd_2976_ddef>
...
006 (328439.000.000) 2025-02-09 16:52:18 Image size of job updated: 750
	0  -  MemoryUsage of job (MB)
	0  -  ResidentSetSize of job (KB)
...
005 (328439.000.000) 2025-02-09 16:52:18 Job terminated.
	(1) Normal termination (return value 0)
		Usr 0 00:00:00, Sys 0 00:00:00  -  Run Remote Usage
		Usr 0 00:00:00, Sys 0 00:00:00  -  Run Local Usage
		Usr 0 00:00:00, Sys 0 00:00:00  -  Total Remote Usage
		Usr 0 00:00:00, Sys 0 00:00:00  -  Total Local Usage
	0  -  Run Bytes Sent By Job
	0  -  Run Bytes Received By Job
	0  -  Total Bytes Sent By Job
	0  -  Total Bytes Received By Job
	Partitionable Resources :    Usage  Request Allocated Assigned
	   Cpus                 :                64        64 
	   Disk (KB)            :      750      750    160102 
	   Gpus (Average)       :                 1         1 "GPU-760a30db"
	   Memory (MB)          :        0        1       128 

	Job terminated of its own accord at 2025-02-09T16:52:18Z with exit-code 0.
...
