000 (320619.072.000) 2025-02-07 13:41:11 Job submitted from host: <192.168.0.102:9618?addrs=192.168.0.102-9618&alias=submitter&noUDP&sock=schedd_4045053_7bc0>
...
001 (320619.072.000) 2025-02-07 14:06:45 Job executing on host: <192.168.0.112:9618?addrs=192.168.0.112-9618&alias=node112.di.rm1&noUDP&sock=startd_2169_5502>
...
006 (320619.072.000) 2025-02-07 14:06:48 Image size of job updated: 196
	1  -  MemoryUsage of job (MB)
	196  -  ResidentSetSize of job (KB)
...
005 (320619.072.000) 2025-02-07 14:06:48 Job terminated.
	(1) Normal termination (return value 0)
		Usr 0 00:00:16, Sys 0 00:00:00  -  Run Remote Usage
		Usr 0 00:00:00, Sys 0 00:00:00  -  Run Local Usage
		Usr 0 00:00:16, Sys 0 00:00:00  -  Total Remote Usage
		Usr 0 00:00:00, Sys 0 00:00:00  -  Total Local Usage
	0  -  Run Bytes Sent By Job
	0  -  Run Bytes Received By Job
	0  -  Total Bytes Sent By Job
	0  -  Total Bytes Received By Job
	Partitionable Resources :    Usage  Request Allocated 
	   Cpus                 :                64        64 
	   Disk (KB)            :       27       27    437925 
	   GPUs                 :                           0 
	   Memory (MB)          :        1        1       128 

	Job terminated of its own accord at 2025-02-07T14:06:48Z with exit-code 0.
...
