000 (319571.060.000) 2025-02-07 00:54:43 Job submitted from host: <192.168.0.102:9618?addrs=192.168.0.102-9618&alias=submitter&noUDP&sock=schedd_4045053_7bc0>
...
001 (319571.060.000) 2025-02-07 02:44:26 Job executing on host: <192.168.0.133:9618?addrs=192.168.0.133-9618&alias=node133.di.rm1&noUDP&sock=startd_1941_f16a>
...
006 (319571.060.000) 2025-02-07 02:44:31 Image size of job updated: 12936
	1  -  MemoryUsage of job (MB)
	708  -  ResidentSetSize of job (KB)
...
005 (319571.060.000) 2025-02-07 02:44:31 Job terminated.
	(1) Normal termination (return value 0)
		Usr 0 00:02:22, Sys 0 00:00:02  -  Run Remote Usage
		Usr 0 00:00:00, Sys 0 00:00:00  -  Run Local Usage
		Usr 0 00:02:22, Sys 0 00:00:02  -  Total Remote Usage
		Usr 0 00:00:00, Sys 0 00:00:00  -  Total Local Usage
	0  -  Run Bytes Sent By Job
	0  -  Run Bytes Received By Job
	0  -  Total Bytes Sent By Job
	0  -  Total Bytes Received By Job
	Partitionable Resources :    Usage  Request Allocated 
	   Cpus                 :                64        64 
	   Disk (KB)            :       25       25    473452 
	   Memory (MB)          :        1        1       128 

	Job terminated of its own accord at 2025-02-07T02:44:31Z with exit-code 0.
...
