
	Data file: test_files/input64D.inp 
	Points: 50000
	Dimensions: 64
	Number of clusters: 50
	Maximum number of iterations: 100
	Minimum number of changes: 5 [0.01% of 50000 points]
	Maximum centroid precision: 0.001000

Memory allocation: 0.362333 seconds

[1] Cluster changes: 50000	Max. centroid distance: 356.067383
[2] Cluster changes: 14700	Max. centroid distance: 41.942699
[3] Cluster changes: 6394	Max. centroid distance: 17.414310
[4] Cluster changes: 4655	Max. centroid distance: 14.757506
[5] Cluster changes: 3824	Max. centroid distance: 12.274776
[6] Cluster changes: 3322	Max. centroid distance: 12.191154
[7] Cluster changes: 2889	Max. centroid distance: 10.179798
[8] Cluster changes: 2611	Max. centroid distance: 9.539236
[9] Cluster changes: 2311	Max. centroid distance: 9.615455
[10] Cluster changes: 2066	Max. centroid distance: 9.152928
[11] Cluster changes: 1828	Max. centroid distance: 8.218515
[12] Cluster changes: 1728	Max. centroid distance: 7.293468
[13] Cluster changes: 1599	Max. centroid distance: 7.273190
[14] Cluster changes: 1456	Max. centroid distance: 6.423167
[15] Cluster changes: 1293	Max. centroid distance: 5.942309
[16] Cluster changes: 1156	Max. centroid distance: 5.589235
[17] Cluster changes: 1130	Max. centroid distance: 5.951414
[18] Cluster changes: 1036	Max. centroid distance: 5.003700
[19] Cluster changes: 973	Max. centroid distance: 4.933272
[20] Cluster changes: 899	Max. centroid distance: 4.559031
[21] Cluster changes: 873	Max. centroid distance: 4.936058
[22] Cluster changes: 854	Max. centroid distance: 5.309087
[23] Cluster changes: 762	Max. centroid distance: 4.671131
[24] Cluster changes: 752	Max. centroid distance: 4.498824
[25] Cluster changes: 712	Max. centroid distance: 4.414723
[26] Cluster changes: 690	Max. centroid distance: 4.328352
[27] Cluster changes: 633	Max. centroid distance: 4.159646
[28] Cluster changes: 614	Max. centroid distance: 4.331274
[29] Cluster changes: 571	Max. centroid distance: 3.833976
[30] Cluster changes: 557	Max. centroid distance: 4.286065
[31] Cluster changes: 550	Max. centroid distance: 3.617838
[32] Cluster changes: 545	Max. centroid distance: 3.784454
[33] Cluster changes: 567	Max. centroid distance: 3.915672
[34] Cluster changes: 560	Max. centroid distance: 3.857070
[35] Cluster changes: 557	Max. centroid distance: 4.963067
[36] Cluster changes: 574	Max. centroid distance: 4.958176
[37] Cluster changes: 539	Max. centroid distance: 4.254238
[38] Cluster changes: 524	Max. centroid distance: 3.865642
[39] Cluster changes: 500	Max. centroid distance: 3.782842
[40] Cluster changes: 459	Max. centroid distance: 3.315161
[41] Cluster changes: 444	Max. centroid distance: 3.507335
[42] Cluster changes: 442	Max. centroid distance: 3.451876
[43] Cluster changes: 401	Max. centroid distance: 3.590364
[44] Cluster changes: 395	Max. centroid distance: 3.715119
[45] Cluster changes: 434	Max. centroid distance: 3.554953
[46] Cluster changes: 385	Max. centroid distance: 3.275889
[47] Cluster changes: 359	Max. centroid distance: 2.945720
[48] Cluster changes: 368	Max. centroid distance: 2.989373
[49] Cluster changes: 335	Max. centroid distance: 2.692913
[50] Cluster changes: 292	Max. centroid distance: 3.136884
[51] Cluster changes: 253	Max. centroid distance: 2.795360
[52] Cluster changes: 225	Max. centroid distance: 2.523933
[53] Cluster changes: 232	Max. centroid distance: 2.927845
[54] Cluster changes: 214	Max. centroid distance: 2.261385
[55] Cluster changes: 230	Max. centroid distance: 2.983912
[56] Cluster changes: 241	Max. centroid distance: 3.671673
[57] Cluster changes: 214	Max. centroid distance: 2.732690
[58] Cluster changes: 193	Max. centroid distance: 2.347735
[59] Cluster changes: 186	Max. centroid distance: 2.382459
[60] Cluster changes: 175	Max. centroid distance: 2.286473
[61] Cluster changes: 184	Max. centroid distance: 2.093927
[62] Cluster changes: 158	Max. centroid distance: 2.002042
[63] Cluster changes: 132	Max. centroid distance: 1.811286
[64] Cluster changes: 128	Max. centroid distance: 1.819925
[65] Cluster changes: 135	Max. centroid distance: 2.048234
[66] Cluster changes: 141	Max. centroid distance: 1.660727
[67] Cluster changes: 157	Max. centroid distance: 2.065169
[68] Cluster changes: 154	Max. centroid distance: 1.770793
[69] Cluster changes: 172	Max. centroid distance: 2.069184
[70] Cluster changes: 172	Max. centroid distance: 2.070822
[71] Cluster changes: 172	Max. centroid distance: 2.556169
[72] Cluster changes: 159	Max. centroid distance: 2.127249
[73] Cluster changes: 144	Max. centroid distance: 2.305374
[74] Cluster changes: 141	Max. centroid distance: 2.728822
[75] Cluster changes: 143	Max. centroid distance: 2.238549
[76] Cluster changes: 152	Max. centroid distance: 1.969700
[77] Cluster changes: 172	Max. centroid distance: 2.485055
[78] Cluster changes: 149	Max. centroid distance: 2.248415
[79] Cluster changes: 133	Max. centroid distance: 2.299635
[80] Cluster changes: 107	Max. centroid distance: 1.668725
[81] Cluster changes: 104	Max. centroid distance: 1.675365
[82] Cluster changes: 94	Max. centroid distance: 1.815682
[83] Cluster changes: 120	Max. centroid distance: 2.183901
[84] Cluster changes: 126	Max. centroid distance: 1.945214
[85] Cluster changes: 139	Max. centroid distance: 1.855574
[86] Cluster changes: 114	Max. centroid distance: 1.755797
[87] Cluster changes: 114	Max. centroid distance: 1.579803
[88] Cluster changes: 111	Max. centroid distance: 1.613650
[89] Cluster changes: 103	Max. centroid distance: 1.539634
[90] Cluster changes: 90	Max. centroid distance: 1.955513
[91] Cluster changes: 96	Max. centroid distance: 1.675752
[92] Cluster changes: 87	Max. centroid distance: 1.855276
[93] Cluster changes: 98	Max. centroid distance: 1.496468
[94] Cluster changes: 99	Max. centroid distance: 2.357656
[95] Cluster changes: 86	Max. centroid distance: 1.912472
[96] Cluster changes: 101	Max. centroid distance: 2.074047
[97] Cluster changes: 89	Max. centroid distance: 1.816175
[98] Cluster changes: 97	Max. centroid distance: 1.503379
[99] Cluster changes: 88	Max. centroid distance: 1.818592
[100] Cluster changes: 81	Max. centroid distance: 1.303967
Computation: 4.051269 seconds

Termination condition:
Maximum number of iterations reached: 100 [100]

Memory deallocation: 4.060609 seconds
