000 (326802.000.000) 2025-02-09 09:44:01 Job submitted from host: <192.168.0.102:9618?addrs=192.168.0.102-9618&alias=submitter&noUDP&sock=schedd_4045053_7bc0>
...
001 (326802.000.000) 2025-02-09 09:56:10 Job executing on host: <192.168.0.126:9618?addrs=192.168.0.126-9618&alias=node126.di.rm1&noUDP&sock=startd_2976_ddef>
...
006 (326802.000.000) 2025-02-09 09:56:19 Image size of job updated: 28640
	9  -  MemoryUsage of job (MB)
	8312  -  ResidentSetSize of job (KB)
...
006 (326802.000.000) 2025-02-09 09:57:16 Image size of job updated: 5000108
	9  -  MemoryUsage of job (MB)
	8312  -  ResidentSetSize of job (KB)
...
005 (326802.000.000) 2025-02-09 09:57:16 Job terminated.
	(1) Normal termination (return value 0)
		Usr 0 00:01:05, Sys 0 00:00:00  -  Run Remote Usage
		Usr 0 00:00:00, Sys 0 00:00:00  -  Run Local Usage
		Usr 0 00:01:05, Sys 0 00:00:00  -  Total Remote Usage
		Usr 0 00:00:00, Sys 0 00:00:00  -  Total Local Usage
	0  -  Run Bytes Sent By Job
	0  -  Run Bytes Received By Job
	0  -  Total Bytes Sent By Job
	0  -  Total Bytes Received By Job
	Partitionable Resources :        Usage  Request Allocated Assigned
	   Cpus                 :         1.00       64        64 
	   Disk (KB)            :       750         750    160102 
	   Gpus (Average)       : 157309045.53        1         1 "GPU-760a30db"
	   GpusMemory (MB)      :       512                       
	   Memory (MB)          :         9           1       128 

	Job terminated of its own accord at 2025-02-09T09:57:16Z with exit-code 0.
...
