
	Data file: test_files/input4D.inp 
	Points: 50000
	Dimensions: 4
	Number of clusters: 128
	Maximum number of iterations: 1000
	Minimum number of changes: 500 [1% of 50000 points]
	Maximum centroid precision: 1.000000

Memory allocation: 0.026833 seconds

[1] Cluster changes: 304382	Max. centroid distance: 34.300339
[2] Cluster changes: 47604	Max. centroid distance: 14.600826
[3] Cluster changes: 22570	Max. centroid distance: 8.415428
[4] Cluster changes: 9011	Max. centroid distance: 7.973762
[5] Cluster changes: 12120	Max. centroid distance: 7.574206
[6] Cluster changes: 8999	Max. centroid distance: 5.877069
[7] Cluster changes: 7321	Max. centroid distance: 5.060454
[8] Cluster changes: 6803	Max. centroid distance: 4.157356
[9] Cluster changes: 5869	Max. centroid distance: 3.957620
[10] Cluster changes: 4077	Max. centroid distance: 3.680246
[11] Cluster changes: 4653	Max. centroid distance: 3.580554
[12] Cluster changes: 4625	Max. centroid distance: 3.118331
[13] Cluster changes: 4423	Max. centroid distance: 4.182730
[14] Cluster changes: 3556	Max. centroid distance: 4.250713
[15] Cluster changes: 2868	Max. centroid distance: 3.609353
[16] Cluster changes: 3212	Max. centroid distance: 2.625580
[17] Cluster changes: 2694	Max. centroid distance: 2.687960
[18] Cluster changes: 2156	Max. centroid distance: 2.979863
[19] Cluster changes: 2466	Max. centroid distance: 2.700759
[20] Cluster changes: 1895	Max. centroid distance: 1.982138
[21] Cluster changes: 1669	Max. centroid distance: 2.224752
[22] Cluster changes: 1608	Max. centroid distance: 1.719103
[23] Cluster changes: 1395	Max. centroid distance: 1.299904
[24] Cluster changes: 1241	Max. centroid distance: 1.289984
[25] Cluster changes: 1371	Max. centroid distance: 1.827603
[26] Cluster changes: 1473	Max. centroid distance: 1.812601
[27] Cluster changes: 1378	Max. centroid distance: 2.013588
[28] Cluster changes: 1065	Max. centroid distance: 1.303058
[29] Cluster changes: 1246	Max. centroid distance: 1.519565
[30] Cluster changes: 1384	Max. centroid distance: 1.371815
[31] Cluster changes: 1308	Max. centroid distance: 1.749444
[32] Cluster changes: 1271	Max. centroid distance: 1.575234
[33] Cluster changes: 1306	Max. centroid distance: 1.743713
[34] Cluster changes: 1510	Max. centroid distance: 2.409326
[35] Cluster changes: 1531	Max. centroid distance: 2.822046
[36] Cluster changes: 1844	Max. centroid distance: 2.806754
[37] Cluster changes: 1668	Max. centroid distance: 2.860331
[38] Cluster changes: 1474	Max. centroid distance: 2.585061
[39] Cluster changes: 1275	Max. centroid distance: 2.282221
[40] Cluster changes: 1235	Max. centroid distance: 2.272160
[41] Cluster changes: 1444	Max. centroid distance: 2.293883
[42] Cluster changes: 963	Max. centroid distance: 1.807384
[43] Cluster changes: 988	Max. centroid distance: 1.982144
[44] Cluster changes: 949	Max. centroid distance: 2.218934
[45] Cluster changes: 984	Max. centroid distance: 2.064197
[46] Cluster changes: 874	Max. centroid distance: 2.025606
[47] Cluster changes: 1026	Max. centroid distance: 1.538036
[48] Cluster changes: 997	Max. centroid distance: 2.043612
[49] Cluster changes: 1120	Max. centroid distance: 1.272873
[50] Cluster changes: 817	Max. centroid distance: 1.468652
[51] Cluster changes: 962	Max. centroid distance: 1.188333
[52] Cluster changes: 905	Max. centroid distance: 1.317684
[53] Cluster changes: 681	Max. centroid distance: 1.374186
[54] Cluster changes: 948	Max. centroid distance: 1.626304
[55] Cluster changes: 768	Max. centroid distance: 1.393458
[56] Cluster changes: 823	Max. centroid distance: 1.133218
[57] Cluster changes: 842	Max. centroid distance: 0.932818
Computation: 65.734069 seconds

Termination condition:
Centroid update precision reached: 0.932818 [1]

Memory deallocation: 65.739199 seconds
