
	Data file: test_files/input4D.inp 
	Points: 50000
	Dimensions: 4
	Number of clusters: 128
	Maximum number of iterations: 1000
	Minimum number of changes: 500 [1% of 50000 points]
	Maximum centroid precision: 1.000000

Memory allocation: 0.029112 seconds

[1] Cluster changes: 317931	Max. centroid distance: 34.300339
[2] Cluster changes: 46688	Max. centroid distance: 14.600826
[3] Cluster changes: 23024	Max. centroid distance: 8.415428
[4] Cluster changes: 14878	Max. centroid distance: 7.973762
[5] Cluster changes: 12046	Max. centroid distance: 7.574206
[6] Cluster changes: 9224	Max. centroid distance: 5.877069
[7] Cluster changes: 7585	Max. centroid distance: 5.060454
[8] Cluster changes: 7158	Max. centroid distance: 4.157356
[9] Cluster changes: 6116	Max. centroid distance: 3.957620
[10] Cluster changes: 5011	Max. centroid distance: 3.680246
[11] Cluster changes: 4815	Max. centroid distance: 3.580554
[12] Cluster changes: 4525	Max. centroid distance: 3.118331
[13] Cluster changes: 4471	Max. centroid distance: 4.182730
[14] Cluster changes: 3563	Max. centroid distance: 4.250713
[15] Cluster changes: 2251	Max. centroid distance: 3.609353
[16] Cluster changes: 3080	Max. centroid distance: 2.625580
[17] Cluster changes: 2709	Max. centroid distance: 2.687960
[18] Cluster changes: 2529	Max. centroid distance: 2.979863
[19] Cluster changes: 2468	Max. centroid distance: 2.700759
[20] Cluster changes: 1975	Max. centroid distance: 1.982138
[21] Cluster changes: 1737	Max. centroid distance: 2.224752
[22] Cluster changes: 1670	Max. centroid distance: 1.719103
[23] Cluster changes: 1469	Max. centroid distance: 1.299904
[24] Cluster changes: 1320	Max. centroid distance: 1.289984
[25] Cluster changes: 1497	Max. centroid distance: 1.827603
[26] Cluster changes: 1586	Max. centroid distance: 1.812601
[27] Cluster changes: 1474	Max. centroid distance: 2.013588
[28] Cluster changes: 1126	Max. centroid distance: 1.303058
[29] Cluster changes: 1380	Max. centroid distance: 1.519565
[30] Cluster changes: 1405	Max. centroid distance: 1.371815
[31] Cluster changes: 1334	Max. centroid distance: 1.749444
[32] Cluster changes: 1339	Max. centroid distance: 1.575234
[33] Cluster changes: 1349	Max. centroid distance: 1.743713
[34] Cluster changes: 1543	Max. centroid distance: 2.409326
[35] Cluster changes: 1614	Max. centroid distance: 2.822046
[36] Cluster changes: 1867	Max. centroid distance: 2.806754
[37] Cluster changes: 1739	Max. centroid distance: 2.860331
[38] Cluster changes: 1559	Max. centroid distance: 2.585061
[39] Cluster changes: 1281	Max. centroid distance: 2.282221
[40] Cluster changes: 773	Max. centroid distance: 2.272160
[41] Cluster changes: 1246	Max. centroid distance: 2.293883
[42] Cluster changes: 995	Max. centroid distance: 1.807384
[43] Cluster changes: 1000	Max. centroid distance: 1.982144
[44] Cluster changes: 994	Max. centroid distance: 2.218934
[45] Cluster changes: 1058	Max. centroid distance: 2.064197
[46] Cluster changes: 888	Max. centroid distance: 2.025606
[47] Cluster changes: 1048	Max. centroid distance: 1.538036
[48] Cluster changes: 975	Max. centroid distance: 2.043612
[49] Cluster changes: 1139	Max. centroid distance: 1.272873
[50] Cluster changes: 838	Max. centroid distance: 1.468652
[51] Cluster changes: 950	Max. centroid distance: 1.188333
[52] Cluster changes: 877	Max. centroid distance: 1.317684
[53] Cluster changes: 709	Max. centroid distance: 1.374186
[54] Cluster changes: 938	Max. centroid distance: 1.626304
[55] Cluster changes: 770	Max. centroid distance: 1.393458
[56] Cluster changes: 831	Max. centroid distance: 1.133218
[57] Cluster changes: 829	Max. centroid distance: 0.932818
Computation: 65.749885 seconds

Termination condition:
Centroid update precision reached: 0.932818 [1]

Memory deallocation: 65.754936 seconds
