
	Data file: test_files/input4D.inp 
	Points: 50000
	Dimensions: 4
	Number of clusters: 128
	Maximum number of iterations: 1000
	Minimum number of changes: 500 [1% of 50000 points]
	Maximum centroid precision: 1.000000

Memory allocation: 0.026006 seconds

[1] Cluster changes: 430900	Max. centroid distance: 34.300339
[2] Cluster changes: 71965	Max. centroid distance: 14.600826
[3] Cluster changes: 28807	Max. centroid distance: 8.415428
[4] Cluster changes: 19396	Max. centroid distance: 7.973762
[5] Cluster changes: 15262	Max. centroid distance: 7.574206
[6] Cluster changes: 11134	Max. centroid distance: 5.877069
[7] Cluster changes: 9467	Max. centroid distance: 5.060454
[8] Cluster changes: 8270	Max. centroid distance: 4.157356
[9] Cluster changes: 6863	Max. centroid distance: 3.957620
[10] Cluster changes: 5980	Max. centroid distance: 3.680246
[11] Cluster changes: 5665	Max. centroid distance: 3.580554
[12] Cluster changes: 5318	Max. centroid distance: 3.118331
[13] Cluster changes: 5232	Max. centroid distance: 4.182730
[14] Cluster changes: 4403	Max. centroid distance: 4.250713
[15] Cluster changes: 3680	Max. centroid distance: 3.609353
[16] Cluster changes: 3516	Max. centroid distance: 2.625580
[17] Cluster changes: 3184	Max. centroid distance: 2.687960
[18] Cluster changes: 2968	Max. centroid distance: 2.979863
[19] Cluster changes: 2876	Max. centroid distance: 2.700759
[20] Cluster changes: 2205	Max. centroid distance: 1.982138
[21] Cluster changes: 2043	Max. centroid distance: 2.224752
[22] Cluster changes: 1956	Max. centroid distance: 1.719103
[23] Cluster changes: 1950	Max. centroid distance: 1.299904
[24] Cluster changes: 1657	Max. centroid distance: 1.289984
[25] Cluster changes: 1628	Max. centroid distance: 1.827603
[26] Cluster changes: 1887	Max. centroid distance: 1.812601
[27] Cluster changes: 1604	Max. centroid distance: 2.013588
[28] Cluster changes: 1335	Max. centroid distance: 1.303058
[29] Cluster changes: 1433	Max. centroid distance: 1.519565
[30] Cluster changes: 1556	Max. centroid distance: 1.371815
[31] Cluster changes: 1839	Max. centroid distance: 1.749444
[32] Cluster changes: 1637	Max. centroid distance: 1.575234
[33] Cluster changes: 1616	Max. centroid distance: 1.743713
[34] Cluster changes: 1595	Max. centroid distance: 2.409326
[35] Cluster changes: 2002	Max. centroid distance: 2.822046
[36] Cluster changes: 2051	Max. centroid distance: 2.806754
[37] Cluster changes: 2077	Max. centroid distance: 2.860331
[38] Cluster changes: 2051	Max. centroid distance: 2.585061
[39] Cluster changes: 1408	Max. centroid distance: 2.282221
[40] Cluster changes: 1576	Max. centroid distance: 2.272160
[41] Cluster changes: 1302	Max. centroid distance: 2.293883
[42] Cluster changes: 1176	Max. centroid distance: 1.807384
[43] Cluster changes: 1317	Max. centroid distance: 1.982144
[44] Cluster changes: 1116	Max. centroid distance: 2.218934
[45] Cluster changes: 1230	Max. centroid distance: 2.064197
[46] Cluster changes: 1122	Max. centroid distance: 2.025606
[47] Cluster changes: 1349	Max. centroid distance: 1.538036
[48] Cluster changes: 1319	Max. centroid distance: 2.043612
[49] Cluster changes: 976	Max. centroid distance: 1.272873
[50] Cluster changes: 818	Max. centroid distance: 1.468652
[51] Cluster changes: 1034	Max. centroid distance: 1.188333
[52] Cluster changes: 926	Max. centroid distance: 1.317684
[53] Cluster changes: 844	Max. centroid distance: 1.374186
[54] Cluster changes: 997	Max. centroid distance: 1.626304
[55] Cluster changes: 868	Max. centroid distance: 1.393458
[56] Cluster changes: 809	Max. centroid distance: 1.133218
[57] Cluster changes: 855	Max. centroid distance: 0.932818
Computation: 16.316602 seconds

Termination condition:
Centroid update precision reached: 0.932818 [1]

Memory deallocation: 16.321587 seconds
