000 (326800.004.000) 2025-02-09 09:42:29 Job submitted from host: <192.168.0.102:9618?addrs=192.168.0.102-9618&alias=submitter&noUDP&sock=schedd_4045053_7bc0>
...
009 (326800.004.000) 2025-02-09 09:43:33 Job was aborted.
	via condor_rm (by user stingaci_2047145)
...
000 (326801.004.000) 2025-02-09 09:43:46 Job submitted from host: <192.168.0.102:9618?addrs=192.168.0.102-9618&alias=submitter&noUDP&sock=schedd_4045053_7bc0>
...
001 (326801.004.000) 2025-02-09 09:55:57 Job executing on host: <192.168.0.126:9618?addrs=192.168.0.126-9618&alias=node126.di.rm1&noUDP&sock=startd_2976_ddef>
...
006 (326801.004.000) 2025-02-09 09:56:05 Image size of job updated: 4999712
	8  -  MemoryUsage of job (MB)
	7832  -  ResidentSetSize of job (KB)
...
005 (326801.004.000) 2025-02-09 09:56:10 Job terminated.
	(1) Normal termination (return value 0)
		Usr 0 00:00:13, Sys 0 00:00:00  -  Run Remote Usage
		Usr 0 00:00:00, Sys 0 00:00:00  -  Run Local Usage
		Usr 0 00:00:13, Sys 0 00:00:00  -  Total Remote Usage
		Usr 0 00:00:00, Sys 0 00:00:00  -  Total Local Usage
	0  -  Run Bytes Sent By Job
	0  -  Run Bytes Received By Job
	0  -  Total Bytes Sent By Job
	0  -  Total Bytes Received By Job
	Partitionable Resources :    Usage  Request Allocated Assigned
	   Cpus                 :                64        64 
	   Disk (KB)            :      750      750    160102 
	   Gpus (Average)       :                 1         1 "GPU-760a30db"
	   Memory (MB)          :        8        1       128 

	Job terminated of its own accord at 2025-02-09T09:56:10Z with exit-code 0.
...
