
	Data file: test_files/input2D3.inp 
	Points: 50000
	Dimensions: 2
	Number of clusters: 128
	Maximum number of iterations: 1000
	Minimum number of changes: 500 [1% of 50000 points]
	Maximum centroid precision: 1.000000

Memory allocation: 0.016002 seconds

[1] Cluster changes: 674731	Max. centroid distance: 12.412799
[2] Cluster changes: 212132	Max. centroid distance: 4.354136
[3] Cluster changes: 121073	Max. centroid distance: 2.499170
[4] Cluster changes: 78400	Max. centroid distance: 2.085641
[5] Cluster changes: 59904	Max. centroid distance: 1.621406
[6] Cluster changes: 48515	Max. centroid distance: 1.595431
[7] Cluster changes: 40602	Max. centroid distance: 1.538162
[8] Cluster changes: 33930	Max. centroid distance: 1.533959
[9] Cluster changes: 31351	Max. centroid distance: 1.282759
[10] Cluster changes: 27900	Max. centroid distance: 1.171322
[11] Cluster changes: 23658	Max. centroid distance: 0.975931
Computation: 13.091872 seconds

Termination condition:
Centroid update precision reached: 0.975931 [1]

Memory deallocation: 13.096921 seconds
