000 (319566.019.000) 2025-02-07 00:52:26 Job submitted from host: <192.168.0.102:9618?addrs=192.168.0.102-9618&alias=submitter&noUDP&sock=schedd_4045053_7bc0>
...
001 (319566.019.000) 2025-02-07 02:36:28 Job executing on host: <192.168.0.132:9618?addrs=192.168.0.132-9618&alias=node132.di.rm1&noUDP&sock=startd_1999_b9e8>
...
006 (319566.019.000) 2025-02-07 02:36:30 Image size of job updated: 7924
	5  -  MemoryUsage of job (MB)
	4108  -  ResidentSetSize of job (KB)
...
005 (319566.019.000) 2025-02-07 02:36:30 Job terminated.
	(1) Normal termination (return value 0)
		Usr 0 00:00:57, Sys 0 00:00:00  -  Run Remote Usage
		Usr 0 00:00:00, Sys 0 00:00:00  -  Run Local Usage
		Usr 0 00:00:57, Sys 0 00:00:00  -  Total Remote Usage
		Usr 0 00:00:00, Sys 0 00:00:00  -  Total Local Usage
	0  -  Run Bytes Sent By Job
	0  -  Run Bytes Received By Job
	0  -  Total Bytes Sent By Job
	0  -  Total Bytes Received By Job
	Partitionable Resources :    Usage  Request Allocated 
	   Cpus                 :        0       64        64 
	   Disk (KB)            :       25       25    474788 
	   Memory (MB)          :        5        1       128 

	Job terminated of its own accord at 2025-02-07T02:36:30Z with exit-code 0.
...
