
	Data file: test_files/input32D.inp 
	Points: 50000
	Dimensions: 32
	Number of clusters: 50
	Maximum number of iterations: 100
	Minimum number of changes: 5 [0.01% of 50000 points]
	Maximum centroid precision: 0.001000

Memory allocation: 0.180365 seconds

[1] Cluster changes: 50000	Max. centroid distance: 223.397781
[2] Cluster changes: 12850	Max. centroid distance: 31.117992
[3] Cluster changes: 5562	Max. centroid distance: 14.083284
[4] Cluster changes: 4039	Max. centroid distance: 12.980625
[5] Cluster changes: 3340	Max. centroid distance: 10.204598
[6] Cluster changes: 2852	Max. centroid distance: 9.517814
[7] Cluster changes: 2573	Max. centroid distance: 8.823685
[8] Cluster changes: 2212	Max. centroid distance: 7.605555
[9] Cluster changes: 1984	Max. centroid distance: 7.637410
[10] Cluster changes: 1785	Max. centroid distance: 6.235197
[11] Cluster changes: 1641	Max. centroid distance: 6.760897
[12] Cluster changes: 1553	Max. centroid distance: 6.117840
[13] Cluster changes: 1391	Max. centroid distance: 6.035775
[14] Cluster changes: 1300	Max. centroid distance: 5.180798
[15] Cluster changes: 1166	Max. centroid distance: 4.782295
[16] Cluster changes: 1092	Max. centroid distance: 4.921253
[17] Cluster changes: 1105	Max. centroid distance: 5.806045
[18] Cluster changes: 1033	Max. centroid distance: 5.763204
[19] Cluster changes: 992	Max. centroid distance: 5.084235
[20] Cluster changes: 964	Max. centroid distance: 4.913181
[21] Cluster changes: 921	Max. centroid distance: 4.857354
[22] Cluster changes: 864	Max. centroid distance: 5.166681
[23] Cluster changes: 806	Max. centroid distance: 4.119750
[24] Cluster changes: 764	Max. centroid distance: 4.504086
[25] Cluster changes: 746	Max. centroid distance: 4.004986
[26] Cluster changes: 735	Max. centroid distance: 3.668855
[27] Cluster changes: 708	Max. centroid distance: 3.393458
[28] Cluster changes: 676	Max. centroid distance: 3.577852
[29] Cluster changes: 644	Max. centroid distance: 3.752123
[30] Cluster changes: 610	Max. centroid distance: 3.509084
[31] Cluster changes: 597	Max. centroid distance: 3.468805
[32] Cluster changes: 603	Max. centroid distance: 4.568840
[33] Cluster changes: 635	Max. centroid distance: 4.270094
[34] Cluster changes: 593	Max. centroid distance: 4.252394
[35] Cluster changes: 557	Max. centroid distance: 4.039968
[36] Cluster changes: 516	Max. centroid distance: 3.214587
[37] Cluster changes: 517	Max. centroid distance: 3.204624
[38] Cluster changes: 519	Max. centroid distance: 3.567627
[39] Cluster changes: 539	Max. centroid distance: 3.287925
[40] Cluster changes: 506	Max. centroid distance: 3.342667
[41] Cluster changes: 448	Max. centroid distance: 2.836469
[42] Cluster changes: 420	Max. centroid distance: 2.481294
[43] Cluster changes: 372	Max. centroid distance: 2.529300
[44] Cluster changes: 349	Max. centroid distance: 2.688269
[45] Cluster changes: 349	Max. centroid distance: 2.720975
[46] Cluster changes: 339	Max. centroid distance: 2.559469
[47] Cluster changes: 341	Max. centroid distance: 2.620302
[48] Cluster changes: 310	Max. centroid distance: 2.666651
[49] Cluster changes: 350	Max. centroid distance: 2.523396
[50] Cluster changes: 365	Max. centroid distance: 2.714206
[51] Cluster changes: 361	Max. centroid distance: 2.977050
[52] Cluster changes: 380	Max. centroid distance: 3.237525
[53] Cluster changes: 354	Max. centroid distance: 2.672801
[54] Cluster changes: 345	Max. centroid distance: 2.834074
[55] Cluster changes: 329	Max. centroid distance: 2.723807
[56] Cluster changes: 318	Max. centroid distance: 2.648736
[57] Cluster changes: 315	Max. centroid distance: 2.529744
[58] Cluster changes: 299	Max. centroid distance: 2.693201
[59] Cluster changes: 280	Max. centroid distance: 1.896547
[60] Cluster changes: 287	Max. centroid distance: 2.281290
[61] Cluster changes: 286	Max. centroid distance: 2.314180
[62] Cluster changes: 279	Max. centroid distance: 1.878109
[63] Cluster changes: 283	Max. centroid distance: 2.811631
[64] Cluster changes: 278	Max. centroid distance: 2.488918
[65] Cluster changes: 276	Max. centroid distance: 2.551547
[66] Cluster changes: 270	Max. centroid distance: 2.311935
[67] Cluster changes: 255	Max. centroid distance: 2.537709
[68] Cluster changes: 236	Max. centroid distance: 2.100330
[69] Cluster changes: 230	Max. centroid distance: 1.778052
[70] Cluster changes: 207	Max. centroid distance: 1.566661
[71] Cluster changes: 194	Max. centroid distance: 2.191945
[72] Cluster changes: 211	Max. centroid distance: 1.847075
[73] Cluster changes: 218	Max. centroid distance: 1.690604
[74] Cluster changes: 204	Max. centroid distance: 2.497341
[75] Cluster changes: 186	Max. centroid distance: 2.257636
[76] Cluster changes: 178	Max. centroid distance: 2.021812
[77] Cluster changes: 193	Max. centroid distance: 2.178669
[78] Cluster changes: 170	Max. centroid distance: 2.511255
[79] Cluster changes: 153	Max. centroid distance: 2.117026
[80] Cluster changes: 151	Max. centroid distance: 2.226841
[81] Cluster changes: 161	Max. centroid distance: 1.656462
[82] Cluster changes: 150	Max. centroid distance: 1.563810
[83] Cluster changes: 144	Max. centroid distance: 1.471407
[84] Cluster changes: 125	Max. centroid distance: 1.499551
[85] Cluster changes: 119	Max. centroid distance: 1.425690
[86] Cluster changes: 133	Max. centroid distance: 1.522548
[87] Cluster changes: 131	Max. centroid distance: 1.709640
[88] Cluster changes: 134	Max. centroid distance: 1.534227
[89] Cluster changes: 141	Max. centroid distance: 1.704882
[90] Cluster changes: 124	Max. centroid distance: 1.722621
[91] Cluster changes: 113	Max. centroid distance: 1.459490
[92] Cluster changes: 106	Max. centroid distance: 1.454645
[93] Cluster changes: 124	Max. centroid distance: 1.764467
[94] Cluster changes: 122	Max. centroid distance: 1.329260
[95] Cluster changes: 123	Max. centroid distance: 1.551231
[96] Cluster changes: 122	Max. centroid distance: 1.496271
[97] Cluster changes: 134	Max. centroid distance: 1.537562
[98] Cluster changes: 128	Max. centroid distance: 1.261165
[99] Cluster changes: 130	Max. centroid distance: 1.492299
[100] Cluster changes: 117	Max. centroid distance: 1.788539
Computation: 4.734686 seconds

Termination condition:
Maximum number of iterations reached: 100 [100]

Memory deallocation: 4.831254 seconds
