
	Data file: test_files/input16D.inp 
	Points: 50000
	Dimensions: 16
	Number of clusters: 128
	Maximum number of iterations: 1000
	Minimum number of changes: 500 [1% of 50000 points]
	Maximum centroid precision: 1.000000

Memory allocation: 0.096834 seconds

[1] Cluster changes: 430676	Max. centroid distance: 127.478569
[2] Cluster changes: 153249	Max. centroid distance: 44.147293
[3] Cluster changes: 52433	Max. centroid distance: 20.129507
[4] Cluster changes: 34797	Max. centroid distance: 15.544727
[5] Cluster changes: 28809	Max. centroid distance: 12.933678
[6] Cluster changes: 28415	Max. centroid distance: 11.470597
[7] Cluster changes: 18244	Max. centroid distance: 9.669322
[8] Cluster changes: 16335	Max. centroid distance: 8.587157
[9] Cluster changes: 15162	Max. centroid distance: 8.409569
[10] Cluster changes: 12698	Max. centroid distance: 8.929055
[11] Cluster changes: 11474	Max. centroid distance: 7.808328
[12] Cluster changes: 10951	Max. centroid distance: 6.604353
[13] Cluster changes: 9676	Max. centroid distance: 8.018751
[14] Cluster changes: 8318	Max. centroid distance: 6.273814
[15] Cluster changes: 7461	Max. centroid distance: 5.804648
[16] Cluster changes: 6687	Max. centroid distance: 6.682203
[17] Cluster changes: 6185	Max. centroid distance: 7.055346
[18] Cluster changes: 6548	Max. centroid distance: 7.145094
[19] Cluster changes: 6176	Max. centroid distance: 6.271479
[20] Cluster changes: 6167	Max. centroid distance: 5.700059
[21] Cluster changes: 5590	Max. centroid distance: 4.493106
[22] Cluster changes: 4817	Max. centroid distance: 5.257562
[23] Cluster changes: 14854	Max. centroid distance: 4.616151
[24] Cluster changes: 3973	Max. centroid distance: 4.906769
[25] Cluster changes: 3743	Max. centroid distance: 4.673899
[26] Cluster changes: 4318	Max. centroid distance: 3.829669
[27] Cluster changes: 3537	Max. centroid distance: 3.151134
[28] Cluster changes: 3495	Max. centroid distance: 3.447291
[29] Cluster changes: 3424	Max. centroid distance: 4.663531
[30] Cluster changes: 3136	Max. centroid distance: 3.730233
[31] Cluster changes: 2919	Max. centroid distance: 4.313913
[32] Cluster changes: 3138	Max. centroid distance: 5.076866
[33] Cluster changes: 2643	Max. centroid distance: 3.584660
[34] Cluster changes: 2763	Max. centroid distance: 4.737238
[35] Cluster changes: 2651	Max. centroid distance: 4.661823
[36] Cluster changes: 2663	Max. centroid distance: 4.238036
[37] Cluster changes: 2692	Max. centroid distance: 4.058392
[38] Cluster changes: 2445	Max. centroid distance: 3.831882
[39] Cluster changes: 4368	Max. centroid distance: 3.432399
[40] Cluster changes: 2377	Max. centroid distance: 3.571061
[41] Cluster changes: 2304	Max. centroid distance: 3.348620
[42] Cluster changes: 2583	Max. centroid distance: 3.466297
[43] Cluster changes: 2002	Max. centroid distance: 3.426307
[44] Cluster changes: 2261	Max. centroid distance: 3.279885
[45] Cluster changes: 1942	Max. centroid distance: 4.086507
[46] Cluster changes: 2669	Max. centroid distance: 3.602184
[47] Cluster changes: 2309	Max. centroid distance: 3.699199
[48] Cluster changes: 2042	Max. centroid distance: 3.748568
[49] Cluster changes: 1961	Max. centroid distance: 4.165035
[50] Cluster changes: 1758	Max. centroid distance: 4.178559
[51] Cluster changes: 1585	Max. centroid distance: 4.169360
[52] Cluster changes: 1484	Max. centroid distance: 2.489496
[53] Cluster changes: 1588	Max. centroid distance: 4.445635
[54] Cluster changes: 1485	Max. centroid distance: 2.657636
[55] Cluster changes: 1258	Max. centroid distance: 3.047351
[56] Cluster changes: 5843	Max. centroid distance: 3.605264
[57] Cluster changes: 1336	Max. centroid distance: 2.931478
[58] Cluster changes: 1421	Max. centroid distance: 3.807149
[59] Cluster changes: 1254	Max. centroid distance: 2.592031
[60] Cluster changes: 1141	Max. centroid distance: 2.954874
[61] Cluster changes: 1228	Max. centroid distance: 2.062066
[62] Cluster changes: 1088	Max. centroid distance: 2.552280
[63] Cluster changes: 1187	Max. centroid distance: 3.040594
[64] Cluster changes: 1124	Max. centroid distance: 3.200417
[65] Cluster changes: 1234	Max. centroid distance: 2.667229
[66] Cluster changes: 1182	Max. centroid distance: 3.073071
[67] Cluster changes: 1323	Max. centroid distance: 2.861536
[68] Cluster changes: 1145	Max. centroid distance: 2.599561
[69] Cluster changes: 1328	Max. centroid distance: 3.202727
[70] Cluster changes: 1176	Max. centroid distance: 2.795257
[71] Cluster changes: 1485	Max. centroid distance: 2.982970
[72] Cluster changes: 2390	Max. centroid distance: 2.599089
[73] Cluster changes: 1257	Max. centroid distance: 2.825186
[74] Cluster changes: 946	Max. centroid distance: 2.253580
[75] Cluster changes: 925	Max. centroid distance: 2.378128
[76] Cluster changes: 848	Max. centroid distance: 1.995400
[77] Cluster changes: 992	Max. centroid distance: 2.694340
[78] Cluster changes: 887	Max. centroid distance: 2.589647
[79] Cluster changes: 1154	Max. centroid distance: 1.847334
[80] Cluster changes: 1009	Max. centroid distance: 1.488566
[81] Cluster changes: 682	Max. centroid distance: 1.831874
[82] Cluster changes: 763	Max. centroid distance: 1.903274
[83] Cluster changes: 714	Max. centroid distance: 1.683769
[84] Cluster changes: 755	Max. centroid distance: 2.308272
[85] Cluster changes: 776	Max. centroid distance: 2.160113
[86] Cluster changes: 567	Max. centroid distance: 2.206271
[87] Cluster changes: 692	Max. centroid distance: 2.637111
[88] Cluster changes: 642	Max. centroid distance: 3.262167
[89] Cluster changes: 688	Max. centroid distance: 3.079414
[90] Cluster changes: 774	Max. centroid distance: 2.051836
[91] Cluster changes: 595	Max. centroid distance: 2.409681
[92] Cluster changes: 461	Max. centroid distance: 2.185938
Computation: 40.099379 seconds

Termination condition:
Minimum number of changes reached: 461 [500]

Memory deallocation: 40.104584 seconds
