
	Data file: test_files/input16D.inp 
	Points: 50000
	Dimensions: 16
	Number of clusters: 128
	Maximum number of iterations: 1000
	Minimum number of changes: 500 [1% of 50000 points]
	Maximum centroid precision: 1.000000

Memory allocation: 0.094244 seconds

[1] Cluster changes: 886124	Max. centroid distance: 127.478569
[2] Cluster changes: 155175	Max. centroid distance: 44.147293
[3] Cluster changes: 50718	Max. centroid distance: 20.129507
[4] Cluster changes: 34406	Max. centroid distance: 15.544727
[5] Cluster changes: 28484	Max. centroid distance: 12.933678
[6] Cluster changes: 22771	Max. centroid distance: 11.470597
[7] Cluster changes: 18288	Max. centroid distance: 9.669322
[8] Cluster changes: 16553	Max. centroid distance: 8.587157
[9] Cluster changes: 15457	Max. centroid distance: 8.409569
[10] Cluster changes: 12766	Max. centroid distance: 8.929055
[11] Cluster changes: 11800	Max. centroid distance: 7.808328
[12] Cluster changes: 11213	Max. centroid distance: 6.604353
[13] Cluster changes: 10005	Max. centroid distance: 8.018751
[14] Cluster changes: 8545	Max. centroid distance: 6.273814
[15] Cluster changes: 7666	Max. centroid distance: 5.804648
[16] Cluster changes: 6743	Max. centroid distance: 6.682203
[17] Cluster changes: 6514	Max. centroid distance: 7.055346
[18] Cluster changes: 6425	Max. centroid distance: 7.145094
[19] Cluster changes: 6113	Max. centroid distance: 6.271479
[20] Cluster changes: 6138	Max. centroid distance: 5.700059
[21] Cluster changes: 5609	Max. centroid distance: 4.493106
[22] Cluster changes: 4781	Max. centroid distance: 5.257562
[23] Cluster changes: 4279	Max. centroid distance: 4.616151
[24] Cluster changes: 4090	Max. centroid distance: 4.906769
[25] Cluster changes: 3509	Max. centroid distance: 4.673899
[26] Cluster changes: 4314	Max. centroid distance: 3.829669
[27] Cluster changes: 3652	Max. centroid distance: 3.151134
[28] Cluster changes: 3460	Max. centroid distance: 3.447291
[29] Cluster changes: 3448	Max. centroid distance: 4.663531
[30] Cluster changes: 3097	Max. centroid distance: 3.730233
[31] Cluster changes: 2921	Max. centroid distance: 4.313913
[32] Cluster changes: 3184	Max. centroid distance: 5.076866
[33] Cluster changes: 2901	Max. centroid distance: 3.584660
[34] Cluster changes: 6448	Max. centroid distance: 4.737238
[35] Cluster changes: 2728	Max. centroid distance: 4.661823
[36] Cluster changes: 2574	Max. centroid distance: 4.238036
[37] Cluster changes: 2756	Max. centroid distance: 4.058392
[38] Cluster changes: 2549	Max. centroid distance: 3.831882
[39] Cluster changes: 3056	Max. centroid distance: 3.432399
[40] Cluster changes: 2467	Max. centroid distance: 3.571061
[41] Cluster changes: 2196	Max. centroid distance: 3.348620
[42] Cluster changes: 2593	Max. centroid distance: 3.466297
[43] Cluster changes: 2053	Max. centroid distance: 3.426307
[44] Cluster changes: 2227	Max. centroid distance: 3.279885
[45] Cluster changes: 1986	Max. centroid distance: 4.086507
[46] Cluster changes: 2651	Max. centroid distance: 3.602184
[47] Cluster changes: 2412	Max. centroid distance: 3.699199
[48] Cluster changes: 2062	Max. centroid distance: 3.748568
[49] Cluster changes: 1968	Max. centroid distance: 4.165035
[50] Cluster changes: 1811	Max. centroid distance: 4.178559
[51] Cluster changes: 1595	Max. centroid distance: 4.169360
[52] Cluster changes: 1488	Max. centroid distance: 2.489496
[53] Cluster changes: 1556	Max. centroid distance: 4.445635
[54] Cluster changes: 1556	Max. centroid distance: 2.657636
[55] Cluster changes: 1267	Max. centroid distance: 3.047351
[56] Cluster changes: 1578	Max. centroid distance: 3.605264
[57] Cluster changes: 1352	Max. centroid distance: 2.931478
[58] Cluster changes: 1452	Max. centroid distance: 3.807149
[59] Cluster changes: 1202	Max. centroid distance: 2.592031
[60] Cluster changes: 1164	Max. centroid distance: 2.954874
[61] Cluster changes: 1248	Max. centroid distance: 2.062066
[62] Cluster changes: 1073	Max. centroid distance: 2.552280
[63] Cluster changes: 1114	Max. centroid distance: 3.040594
[64] Cluster changes: 1093	Max. centroid distance: 3.200417
[65] Cluster changes: 1309	Max. centroid distance: 2.667229
[66] Cluster changes: 1204	Max. centroid distance: 3.073071
[67] Cluster changes: 3771	Max. centroid distance: 2.861536
[68] Cluster changes: 1179	Max. centroid distance: 2.599561
[69] Cluster changes: 1355	Max. centroid distance: 3.202727
[70] Cluster changes: 1151	Max. centroid distance: 2.795257
[71] Cluster changes: 1519	Max. centroid distance: 2.982970
[72] Cluster changes: 1303	Max. centroid distance: 2.599089
[73] Cluster changes: 1262	Max. centroid distance: 2.825186
[74] Cluster changes: 959	Max. centroid distance: 2.253580
[75] Cluster changes: 960	Max. centroid distance: 2.378128
[76] Cluster changes: 871	Max. centroid distance: 1.995400
[77] Cluster changes: 970	Max. centroid distance: 2.694340
[78] Cluster changes: 886	Max. centroid distance: 2.589647
[79] Cluster changes: 1153	Max. centroid distance: 1.847334
[80] Cluster changes: 973	Max. centroid distance: 1.488566
[81] Cluster changes: 661	Max. centroid distance: 1.831874
[82] Cluster changes: 759	Max. centroid distance: 1.903274
[83] Cluster changes: 848	Max. centroid distance: 1.683769
[84] Cluster changes: 734	Max. centroid distance: 2.308272
[85] Cluster changes: 796	Max. centroid distance: 2.160113
[86] Cluster changes: 572	Max. centroid distance: 2.206271
[87] Cluster changes: 695	Max. centroid distance: 2.637111
[88] Cluster changes: 661	Max. centroid distance: 3.262167
[89] Cluster changes: 682	Max. centroid distance: 3.079414
[90] Cluster changes: 779	Max. centroid distance: 2.051836
[91] Cluster changes: 615	Max. centroid distance: 2.409681
[92] Cluster changes: 469	Max. centroid distance: 2.185938
Computation: 40.093344 seconds

Termination condition:
Minimum number of changes reached: 469 [500]

Memory deallocation: 40.098569 seconds
