
	Data file: test_files/input16D.inp 
	Points: 50000
	Dimensions: 16
	Number of clusters: 128
	Maximum number of iterations: 1000
	Minimum number of changes: 500 [1% of 50000 points]
	Maximum centroid precision: 1.000000

Memory allocation: 0.094569 seconds

[1] Cluster changes: 453200	Max. centroid distance: 127.478569
[2] Cluster changes: 150697	Max. centroid distance: 44.147293
[3] Cluster changes: 50061	Max. centroid distance: 20.129507
[4] Cluster changes: 34563	Max. centroid distance: 15.544727
[5] Cluster changes: 29178	Max. centroid distance: 12.933678
[6] Cluster changes: 22248	Max. centroid distance: 11.470597
[7] Cluster changes: 51722	Max. centroid distance: 9.669322
[8] Cluster changes: 15751	Max. centroid distance: 8.587157
[9] Cluster changes: 14710	Max. centroid distance: 8.409569
[10] Cluster changes: 13244	Max. centroid distance: 8.929055
[11] Cluster changes: 11617	Max. centroid distance: 7.808328
[12] Cluster changes: 11029	Max. centroid distance: 6.604353
[13] Cluster changes: 10064	Max. centroid distance: 8.018751
[14] Cluster changes: 8614	Max. centroid distance: 6.273814
[15] Cluster changes: 7615	Max. centroid distance: 5.804648
[16] Cluster changes: 6789	Max. centroid distance: 6.682203
[17] Cluster changes: 6214	Max. centroid distance: 7.055346
[18] Cluster changes: 6461	Max. centroid distance: 7.145094
[19] Cluster changes: 6313	Max. centroid distance: 6.271479
[20] Cluster changes: 6208	Max. centroid distance: 5.700059
[21] Cluster changes: 5690	Max. centroid distance: 4.493106
[22] Cluster changes: 4853	Max. centroid distance: 5.257562
[23] Cluster changes: 5413	Max. centroid distance: 4.616151
[24] Cluster changes: 4148	Max. centroid distance: 4.906769
[25] Cluster changes: 3774	Max. centroid distance: 4.673899
[26] Cluster changes: 4320	Max. centroid distance: 3.829669
[27] Cluster changes: 3494	Max. centroid distance: 3.151134
[28] Cluster changes: 3403	Max. centroid distance: 3.447291
[29] Cluster changes: 3341	Max. centroid distance: 4.663531
[30] Cluster changes: 3066	Max. centroid distance: 3.730233
[31] Cluster changes: 2892	Max. centroid distance: 4.313913
[32] Cluster changes: 3089	Max. centroid distance: 5.076866
[33] Cluster changes: 2761	Max. centroid distance: 3.584660
[34] Cluster changes: 2665	Max. centroid distance: 4.737238
[35] Cluster changes: 2612	Max. centroid distance: 4.661823
[36] Cluster changes: 2573	Max. centroid distance: 4.238036
[37] Cluster changes: 2609	Max. centroid distance: 4.058392
[38] Cluster changes: 2417	Max. centroid distance: 3.831882
[39] Cluster changes: 2899	Max. centroid distance: 3.432399
[40] Cluster changes: 8026	Max. centroid distance: 3.571061
[41] Cluster changes: 2124	Max. centroid distance: 3.348620
[42] Cluster changes: 2467	Max. centroid distance: 3.466297
[43] Cluster changes: 2004	Max. centroid distance: 3.426307
[44] Cluster changes: 2165	Max. centroid distance: 3.279885
[45] Cluster changes: 1973	Max. centroid distance: 4.086507
[46] Cluster changes: 2629	Max. centroid distance: 3.602184
[47] Cluster changes: 2256	Max. centroid distance: 3.699199
[48] Cluster changes: 2066	Max. centroid distance: 3.748568
[49] Cluster changes: 1899	Max. centroid distance: 4.165035
[50] Cluster changes: 1710	Max. centroid distance: 4.178559
[51] Cluster changes: 1566	Max. centroid distance: 4.169360
[52] Cluster changes: 1460	Max. centroid distance: 2.489496
[53] Cluster changes: 1547	Max. centroid distance: 4.445635
[54] Cluster changes: 1497	Max. centroid distance: 2.657636
[55] Cluster changes: 1223	Max. centroid distance: 3.047351
[56] Cluster changes: 2404	Max. centroid distance: 3.605264
[57] Cluster changes: 1330	Max. centroid distance: 2.931478
[58] Cluster changes: 1455	Max. centroid distance: 3.807149
[59] Cluster changes: 1233	Max. centroid distance: 2.592031
[60] Cluster changes: 1187	Max. centroid distance: 2.954874
[61] Cluster changes: 1292	Max. centroid distance: 2.062066
[62] Cluster changes: 1120	Max. centroid distance: 2.552280
[63] Cluster changes: 1304	Max. centroid distance: 3.040594
[64] Cluster changes: 1159	Max. centroid distance: 3.200417
[65] Cluster changes: 1246	Max. centroid distance: 2.667229
[66] Cluster changes: 1243	Max. centroid distance: 3.073071
[67] Cluster changes: 1359	Max. centroid distance: 2.861536
[68] Cluster changes: 1147	Max. centroid distance: 2.599561
[69] Cluster changes: 1367	Max. centroid distance: 3.202727
[70] Cluster changes: 1174	Max. centroid distance: 2.795257
[71] Cluster changes: 1475	Max. centroid distance: 2.982970
[72] Cluster changes: 1303	Max. centroid distance: 2.599089
[73] Cluster changes: 4488	Max. centroid distance: 2.825186
[74] Cluster changes: 938	Max. centroid distance: 2.253580
[75] Cluster changes: 926	Max. centroid distance: 2.378128
[76] Cluster changes: 836	Max. centroid distance: 1.995400
[77] Cluster changes: 967	Max. centroid distance: 2.694340
[78] Cluster changes: 882	Max. centroid distance: 2.589647
[79] Cluster changes: 1097	Max. centroid distance: 1.847334
[80] Cluster changes: 986	Max. centroid distance: 1.488566
[81] Cluster changes: 669	Max. centroid distance: 1.831874
[82] Cluster changes: 771	Max. centroid distance: 1.903274
[83] Cluster changes: 727	Max. centroid distance: 1.683769
[84] Cluster changes: 751	Max. centroid distance: 2.308272
[85] Cluster changes: 816	Max. centroid distance: 2.160113
[86] Cluster changes: 555	Max. centroid distance: 2.206271
[87] Cluster changes: 698	Max. centroid distance: 2.637111
[88] Cluster changes: 673	Max. centroid distance: 3.262167
[89] Cluster changes: 1299	Max. centroid distance: 3.079414
[90] Cluster changes: 788	Max. centroid distance: 2.051836
[91] Cluster changes: 633	Max. centroid distance: 2.409681
[92] Cluster changes: 490	Max. centroid distance: 2.185938
Computation: 40.104995 seconds

Termination condition:
Minimum number of changes reached: 490 [500]

Memory deallocation: 40.110201 seconds
