
	Data file: test_files/input16D.inp 
	Points: 50000
	Dimensions: 16
	Number of clusters: 128
	Maximum number of iterations: 1000
	Minimum number of changes: 500 [1% of 50000 points]
	Maximum centroid precision: 1.000000

Memory allocation: 0.094285 seconds

[1] Cluster changes: 412428	Max. centroid distance: 127.478569
[2] Cluster changes: 150357	Max. centroid distance: 44.147293
[3] Cluster changes: 52119	Max. centroid distance: 20.129507
[4] Cluster changes: 35582	Max. centroid distance: 15.544727
[5] Cluster changes: 28165	Max. centroid distance: 12.933678
[6] Cluster changes: 22409	Max. centroid distance: 11.470597
[7] Cluster changes: 17913	Max. centroid distance: 9.669322
[8] Cluster changes: 16470	Max. centroid distance: 8.587157
[9] Cluster changes: 15019	Max. centroid distance: 8.409569
[10] Cluster changes: 12999	Max. centroid distance: 8.929055
[11] Cluster changes: 11870	Max. centroid distance: 7.808328
[12] Cluster changes: 42196	Max. centroid distance: 6.604353
[13] Cluster changes: 10099	Max. centroid distance: 8.018751
[14] Cluster changes: 8506	Max. centroid distance: 6.273814
[15] Cluster changes: 7587	Max. centroid distance: 5.804648
[16] Cluster changes: 7055	Max. centroid distance: 6.682203
[17] Cluster changes: 6402	Max. centroid distance: 7.055346
[18] Cluster changes: 6790	Max. centroid distance: 7.145094
[19] Cluster changes: 6492	Max. centroid distance: 6.271479
[20] Cluster changes: 6307	Max. centroid distance: 5.700059
[21] Cluster changes: 5754	Max. centroid distance: 4.493106
[22] Cluster changes: 5015	Max. centroid distance: 5.257562
[23] Cluster changes: 4427	Max. centroid distance: 4.616151
[24] Cluster changes: 4181	Max. centroid distance: 4.906769
[25] Cluster changes: 3620	Max. centroid distance: 4.673899
[26] Cluster changes: 4399	Max. centroid distance: 3.829669
[27] Cluster changes: 3622	Max. centroid distance: 3.151134
[28] Cluster changes: 6015	Max. centroid distance: 3.447291
[29] Cluster changes: 3439	Max. centroid distance: 4.663531
[30] Cluster changes: 3167	Max. centroid distance: 3.730233
[31] Cluster changes: 3105	Max. centroid distance: 4.313913
[32] Cluster changes: 3227	Max. centroid distance: 5.076866
[33] Cluster changes: 2855	Max. centroid distance: 3.584660
[34] Cluster changes: 2926	Max. centroid distance: 4.737238
[35] Cluster changes: 2867	Max. centroid distance: 4.661823
[36] Cluster changes: 2726	Max. centroid distance: 4.238036
[37] Cluster changes: 2757	Max. centroid distance: 4.058392
[38] Cluster changes: 2585	Max. centroid distance: 3.831882
[39] Cluster changes: 3171	Max. centroid distance: 3.432399
[40] Cluster changes: 2598	Max. centroid distance: 3.571061
[41] Cluster changes: 2362	Max. centroid distance: 3.348620
[42] Cluster changes: 2554	Max. centroid distance: 3.466297
[43] Cluster changes: 2043	Max. centroid distance: 3.426307
[44] Cluster changes: 2235	Max. centroid distance: 3.279885
[45] Cluster changes: 9097	Max. centroid distance: 4.086507
[46] Cluster changes: 2567	Max. centroid distance: 3.602184
[47] Cluster changes: 2251	Max. centroid distance: 3.699199
[48] Cluster changes: 2076	Max. centroid distance: 3.748568
[49] Cluster changes: 2000	Max. centroid distance: 4.165035
[50] Cluster changes: 1771	Max. centroid distance: 4.178559
[51] Cluster changes: 1604	Max. centroid distance: 4.169360
[52] Cluster changes: 1566	Max. centroid distance: 2.489496
[53] Cluster changes: 1629	Max. centroid distance: 4.445635
[54] Cluster changes: 1593	Max. centroid distance: 2.657636
[55] Cluster changes: 1354	Max. centroid distance: 3.047351
[56] Cluster changes: 1611	Max. centroid distance: 3.605264
[57] Cluster changes: 1399	Max. centroid distance: 2.931478
[58] Cluster changes: 1489	Max. centroid distance: 3.807149
[59] Cluster changes: 1322	Max. centroid distance: 2.592031
[60] Cluster changes: 1198	Max. centroid distance: 2.954874
[61] Cluster changes: 2702	Max. centroid distance: 2.062066
[62] Cluster changes: 1107	Max. centroid distance: 2.552280
[63] Cluster changes: 1202	Max. centroid distance: 3.040594
[64] Cluster changes: 1162	Max. centroid distance: 3.200417
[65] Cluster changes: 1348	Max. centroid distance: 2.667229
[66] Cluster changes: 1198	Max. centroid distance: 3.073071
[67] Cluster changes: 1411	Max. centroid distance: 2.861536
[68] Cluster changes: 1223	Max. centroid distance: 2.599561
[69] Cluster changes: 1406	Max. centroid distance: 3.202727
[70] Cluster changes: 1239	Max. centroid distance: 2.795257
[71] Cluster changes: 1497	Max. centroid distance: 2.982970
[72] Cluster changes: 1302	Max. centroid distance: 2.599089
[73] Cluster changes: 1273	Max. centroid distance: 2.825186
[74] Cluster changes: 963	Max. centroid distance: 2.253580
[75] Cluster changes: 920	Max. centroid distance: 2.378128
[76] Cluster changes: 873	Max. centroid distance: 1.995400
[77] Cluster changes: 1009	Max. centroid distance: 2.694340
[78] Cluster changes: 894	Max. centroid distance: 2.589647
[79] Cluster changes: 1203	Max. centroid distance: 1.847334
[80] Cluster changes: 1021	Max. centroid distance: 1.488566
[81] Cluster changes: 721	Max. centroid distance: 1.831874
[82] Cluster changes: 815	Max. centroid distance: 1.903274
[83] Cluster changes: 733	Max. centroid distance: 1.683769
[84] Cluster changes: 778	Max. centroid distance: 2.308272
[85] Cluster changes: 806	Max. centroid distance: 2.160113
[86] Cluster changes: 571	Max. centroid distance: 2.206271
[87] Cluster changes: 696	Max. centroid distance: 2.637111
[88] Cluster changes: 653	Max. centroid distance: 3.262167
[89] Cluster changes: 711	Max. centroid distance: 3.079414
[90] Cluster changes: 767	Max. centroid distance: 2.051836
[91] Cluster changes: 625	Max. centroid distance: 2.409681
[92] Cluster changes: 454	Max. centroid distance: 2.185938
Computation: 40.089627 seconds

Termination condition:
Minimum number of changes reached: 454 [500]

Memory deallocation: 40.094804 seconds
