
	Data file: test_files/input16D.inp 
	Points: 50000
	Dimensions: 16
	Number of clusters: 128
	Maximum number of iterations: 1000
	Minimum number of changes: 500 [1% of 50000 points]
	Maximum centroid precision: 1.000000

Memory allocation: 0.094253 seconds

[1] Cluster changes: 463852	Max. centroid distance: 127.478569
[2] Cluster changes: 152474	Max. centroid distance: 44.147293
[3] Cluster changes: 52913	Max. centroid distance: 20.129507
[4] Cluster changes: 35301	Max. centroid distance: 15.544727
[5] Cluster changes: 28391	Max. centroid distance: 12.933678
[6] Cluster changes: 22381	Max. centroid distance: 11.470597
[7] Cluster changes: 18168	Max. centroid distance: 9.669322
[8] Cluster changes: 16560	Max. centroid distance: 8.587157
[9] Cluster changes: 15123	Max. centroid distance: 8.409569
[10] Cluster changes: 12772	Max. centroid distance: 8.929055
[11] Cluster changes: 11246	Max. centroid distance: 7.808328
[12] Cluster changes: 11001	Max. centroid distance: 6.604353
[13] Cluster changes: 38746	Max. centroid distance: 8.018751
[14] Cluster changes: 8463	Max. centroid distance: 6.273814
[15] Cluster changes: 7754	Max. centroid distance: 5.804648
[16] Cluster changes: 6882	Max. centroid distance: 6.682203
[17] Cluster changes: 6197	Max. centroid distance: 7.055346
[18] Cluster changes: 6498	Max. centroid distance: 7.145094
[19] Cluster changes: 6527	Max. centroid distance: 6.271479
[20] Cluster changes: 6143	Max. centroid distance: 5.700059
[21] Cluster changes: 5557	Max. centroid distance: 4.493106
[22] Cluster changes: 4944	Max. centroid distance: 5.257562
[23] Cluster changes: 4476	Max. centroid distance: 4.616151
[24] Cluster changes: 4184	Max. centroid distance: 4.906769
[25] Cluster changes: 3726	Max. centroid distance: 4.673899
[26] Cluster changes: 4402	Max. centroid distance: 3.829669
[27] Cluster changes: 3576	Max. centroid distance: 3.151134
[28] Cluster changes: 3447	Max. centroid distance: 3.447291
[29] Cluster changes: 7293	Max. centroid distance: 4.663531
[30] Cluster changes: 3043	Max. centroid distance: 3.730233
[31] Cluster changes: 2967	Max. centroid distance: 4.313913
[32] Cluster changes: 3185	Max. centroid distance: 5.076866
[33] Cluster changes: 2837	Max. centroid distance: 3.584660
[34] Cluster changes: 2822	Max. centroid distance: 4.737238
[35] Cluster changes: 2679	Max. centroid distance: 4.661823
[36] Cluster changes: 2658	Max. centroid distance: 4.238036
[37] Cluster changes: 2798	Max. centroid distance: 4.058392
[38] Cluster changes: 2513	Max. centroid distance: 3.831882
[39] Cluster changes: 3066	Max. centroid distance: 3.432399
[40] Cluster changes: 2411	Max. centroid distance: 3.571061
[41] Cluster changes: 2252	Max. centroid distance: 3.348620
[42] Cluster changes: 2660	Max. centroid distance: 3.466297
[43] Cluster changes: 2057	Max. centroid distance: 3.426307
[44] Cluster changes: 2318	Max. centroid distance: 3.279885
[45] Cluster changes: 1983	Max. centroid distance: 4.086507
[46] Cluster changes: 2714	Max. centroid distance: 3.602184
[47] Cluster changes: 2416	Max. centroid distance: 3.699199
[48] Cluster changes: 2082	Max. centroid distance: 3.748568
[49] Cluster changes: 1970	Max. centroid distance: 4.165035
[50] Cluster changes: 1774	Max. centroid distance: 4.178559
[51] Cluster changes: 1603	Max. centroid distance: 4.169360
[52] Cluster changes: 1501	Max. centroid distance: 2.489496
[53] Cluster changes: 1598	Max. centroid distance: 4.445635
[54] Cluster changes: 1528	Max. centroid distance: 2.657636
[55] Cluster changes: 1324	Max. centroid distance: 3.047351
[56] Cluster changes: 1555	Max. centroid distance: 3.605264
[57] Cluster changes: 1378	Max. centroid distance: 2.931478
[58] Cluster changes: 1467	Max. centroid distance: 3.807149
[59] Cluster changes: 1275	Max. centroid distance: 2.592031
[60] Cluster changes: 1165	Max. centroid distance: 2.954874
[61] Cluster changes: 1258	Max. centroid distance: 2.062066
[62] Cluster changes: 3458	Max. centroid distance: 2.552280
[63] Cluster changes: 1180	Max. centroid distance: 3.040594
[64] Cluster changes: 1127	Max. centroid distance: 3.200417
[65] Cluster changes: 1261	Max. centroid distance: 2.667229
[66] Cluster changes: 1153	Max. centroid distance: 3.073071
[67] Cluster changes: 1356	Max. centroid distance: 2.861536
[68] Cluster changes: 1188	Max. centroid distance: 2.599561
[69] Cluster changes: 1399	Max. centroid distance: 3.202727
[70] Cluster changes: 1183	Max. centroid distance: 2.795257
[71] Cluster changes: 1516	Max. centroid distance: 2.982970
[72] Cluster changes: 1311	Max. centroid distance: 2.599089
[73] Cluster changes: 1233	Max. centroid distance: 2.825186
[74] Cluster changes: 956	Max. centroid distance: 2.253580
[75] Cluster changes: 936	Max. centroid distance: 2.378128
[76] Cluster changes: 846	Max. centroid distance: 1.995400
[77] Cluster changes: 1018	Max. centroid distance: 2.694340
[78] Cluster changes: 954	Max. centroid distance: 2.589647
[79] Cluster changes: 1153	Max. centroid distance: 1.847334
[80] Cluster changes: 1018	Max. centroid distance: 1.488566
[81] Cluster changes: 691	Max. centroid distance: 1.831874
[82] Cluster changes: 789	Max. centroid distance: 1.903274
[83] Cluster changes: 715	Max. centroid distance: 1.683769
[84] Cluster changes: 737	Max. centroid distance: 2.308272
[85] Cluster changes: 754	Max. centroid distance: 2.160113
[86] Cluster changes: 550	Max. centroid distance: 2.206271
[87] Cluster changes: 671	Max. centroid distance: 2.637111
[88] Cluster changes: 639	Max. centroid distance: 3.262167
[89] Cluster changes: 672	Max. centroid distance: 3.079414
[90] Cluster changes: 760	Max. centroid distance: 2.051836
[91] Cluster changes: 610	Max. centroid distance: 2.409681
[92] Cluster changes: 462	Max. centroid distance: 2.185938
Computation: 40.116709 seconds

Termination condition:
Minimum number of changes reached: 462 [500]

Memory deallocation: 40.122138 seconds
