
	Data file: test_files/input100D.inp 
	Points: 10000
	Dimensions: 100
	Number of clusters: 500
	Maximum number of iterations: 100
	Minimum number of changes: 1 [0.01% of 10000 points]
	Maximum centroid precision: 0.001000

Memory allocation: 0.109095 seconds

[1] Cluster changes: 10000	Max. centroid distance: 412.951660
[2] Cluster changes: 1485	Max. centroid distance: 137.141373
[3] Cluster changes: 541	Max. centroid distance: 110.329414
[4] Cluster changes: 291	Max. centroid distance: 80.836784
[5] Cluster changes: 156	Max. centroid distance: 60.200226
[6] Cluster changes: 87	Max. centroid distance: 53.640476
[7] Cluster changes: 49	Max. centroid distance: 79.529366
[8] Cluster changes: 31	Max. centroid distance: 95.312485
[9] Cluster changes: 23	Max. centroid distance: 55.356274
[10] Cluster changes: 17	Max. centroid distance: 46.788094
[11] Cluster changes: 11	Max. centroid distance: 41.546238
[12] Cluster changes: 4	Max. centroid distance: 25.206081
[13] Cluster changes: 1	Max. centroid distance: 43.271118
Computation: 1.942802 seconds

Termination condition:
Minimum number of changes reached: 1 [1]

Memory deallocation: 0.053709 seconds
