000 (326267.002.000) 2025-02-09 00:38:45 Job submitted from host: <192.168.0.102:9618?addrs=192.168.0.102-9618&alias=submitter&noUDP&sock=schedd_4045053_7bc0>
...
001 (326267.002.000) 2025-02-09 01:04:57 Job executing on host: <192.168.0.113:9618?addrs=192.168.0.113-9618&alias=node113.di.rm1&noUDP&sock=startd_3668932_c305>
...
006 (326267.002.000) 2025-02-09 01:04:57 Image size of job updated: 1784
	0  -  MemoryUsage of job (MB)
	0  -  ResidentSetSize of job (KB)
...
004 (326267.002.000) 2025-02-09 01:04:57 Job was evicted.
	(0) CPU times
		Usr 0 00:00:00, Sys 0 00:00:00  -  Run Remote Usage
		Usr 0 00:00:00, Sys 0 00:00:00  -  Run Local Usage
	0  -  Run Bytes Sent By Job
	0  -  Run Bytes Received By Job
	Partitionable Resources :    Usage  Request Allocated Assigned
	   Cpus                 :        0       64        64 
	   Disk (KB)            :      750      750    459706 
	   Gpus (Average)       :        0        1         1 "GPU-96ae8f9f"
	   Memory (MB)          :        0        1       128 
...
001 (326267.002.000) 2025-02-09 01:15:48 Job executing on host: <192.168.0.113:9618?addrs=192.168.0.113-9618&alias=node113.di.rm1&noUDP&sock=startd_3668932_c305>
...
005 (326267.002.000) 2025-02-09 01:15:50 Job terminated.
	(1) Normal termination (return value 0)
		Usr 0 00:00:02, Sys 0 00:00:01  -  Run Remote Usage
		Usr 0 00:00:00, Sys 0 00:00:00  -  Run Local Usage
		Usr 0 00:00:02, Sys 0 00:00:01  -  Total Remote Usage
		Usr 0 00:00:00, Sys 0 00:00:00  -  Total Local Usage
	0  -  Run Bytes Sent By Job
	0  -  Run Bytes Received By Job
	0  -  Total Bytes Sent By Job
	0  -  Total Bytes Received By Job
	Partitionable Resources :    Usage  Request Allocated Assigned
	   Cpus                 :        0       64        64 
	   Disk (KB)            :      750      750    459706 
	   Gpus (Average)       :        0        1         1 "GPU-96ae8f9f"
	   Memory (MB)          :        0        0       128 

	Job terminated of its own accord at 2025-02-09T01:15:50Z with exit-code 0.
...
