
	Data file: test_files/input8D.inp 
	Points: 50000
	Dimensions: 8
	Number of clusters: 128
	Maximum number of iterations: 1000
	Minimum number of changes: 500 [1% of 50000 points]
	Maximum centroid precision: 1.000000

Memory allocation: 0.050303 seconds

[1] Cluster changes: 50000	Max. centroid distance: 61.811630
[2] Cluster changes: 12689	Max. centroid distance: 27.347404
[3] Cluster changes: 7200	Max. centroid distance: 18.342407
[4] Cluster changes: 5029	Max. centroid distance: 18.134325
[5] Cluster changes: 3798	Max. centroid distance: 18.782511
[6] Cluster changes: 3220	Max. centroid distance: 15.418387
[7] Cluster changes: 2825	Max. centroid distance: 14.347182
[8] Cluster changes: 2590	Max. centroid distance: 13.835787
[9] Cluster changes: 2277	Max. centroid distance: 12.948539
[10] Cluster changes: 1895	Max. centroid distance: 8.742235
[11] Cluster changes: 1707	Max. centroid distance: 8.471325
[12] Cluster changes: 1559	Max. centroid distance: 7.519210
[13] Cluster changes: 1378	Max. centroid distance: 7.496516
[14] Cluster changes: 1246	Max. centroid distance: 7.082099
[15] Cluster changes: 1227	Max. centroid distance: 7.308918
[16] Cluster changes: 1157	Max. centroid distance: 7.650540
[17] Cluster changes: 1108	Max. centroid distance: 6.541441
[18] Cluster changes: 1012	Max. centroid distance: 7.768013
[19] Cluster changes: 991	Max. centroid distance: 9.221960
[20] Cluster changes: 947	Max. centroid distance: 10.031506
[21] Cluster changes: 977	Max. centroid distance: 9.991638
[22] Cluster changes: 982	Max. centroid distance: 8.918998
[23] Cluster changes: 1011	Max. centroid distance: 7.204246
[24] Cluster changes: 961	Max. centroid distance: 7.429132
[25] Cluster changes: 916	Max. centroid distance: 7.536283
[26] Cluster changes: 860	Max. centroid distance: 5.337542
[27] Cluster changes: 852	Max. centroid distance: 7.080690
[28] Cluster changes: 878	Max. centroid distance: 7.744119
[29] Cluster changes: 797	Max. centroid distance: 7.783808
[30] Cluster changes: 735	Max. centroid distance: 7.325576
[31] Cluster changes: 699	Max. centroid distance: 8.454470
[32] Cluster changes: 620	Max. centroid distance: 5.906397
[33] Cluster changes: 557	Max. centroid distance: 5.779912
[34] Cluster changes: 508	Max. centroid distance: 5.181407
[35] Cluster changes: 439	Max. centroid distance: 4.553880
Computation: 0.038806 seconds

Termination condition:
Minimum number of changes reached: 439 [500]

Memory deallocation: 0.044101 seconds
